This is pdfeTeX, Version 3.141592-1.20b-2.2 (MiKTeX 2.4) (preloaded format=latex 2006.5.26)  15 DEC 2006 14:31
entering extended mode
**D:/Documents*and*Settings/Adrian/Desktop/LATEX*project/JCLL/tex/bu1.aux
(D:/Documents and Settings/Adrian/Desktop/LATEX project/JCLL/tex/bu1.aux
LaTeX2e <2003/12/01>
Babel <v3.8a> and hyphenation patterns for english, french, german, ngerman, du
mylang, nohyphenation, loaded.
)
! Emergency stop.
<*> ...rian/Desktop/LATEX*project/JCLL/tex/bu1.aux
                                                  
*** (job aborted, no legal \end found)

 
Here is how much of TeX's memory you used:
 8 strings out of 95517
 279 string characters out of 1189129
 44801 words of memory out of 1048577
 3206 multiletter control sequences out of 60000
 3640 words of font info for 14 fonts, out of 500000 for 1000
 14 hyphenation exceptions out of 607
 5i,0n,1p,95b,8s stack positions out of 1500i,500n,5000p,200000b,32768s
PDF statistics:
 0 PDF objects out of 300000
 0 named destinations out of 300000
 1 words of extra memory for PDF output out of 65536
No pages of output.
