This is TeX, Version 3.14159 (MiKTeX 2.1) (preloaded format=latex 2000.11.28)  15 NOV 2006 16:37
**Nugent.tex
(Nugent.tex
LaTeX2e <2001/06/01>
Babel <v3.7h> and hyphenation patterns for english, french, german, ngerman, du
mylang, nohyphenation, loaded.
(C:\texmf\tex\latex\base\article.cls
Document Class: article 2001/04/21 v1.4e Standard LaTeX document class
(C:\texmf\tex\latex\base\size10.clo
File: size10.clo 2001/04/21 v1.4e Standard LaTeX file (size option)
)
\c@part=\count79
\c@section=\count80
\c@subsection=\count81
\c@subsubsection=\count82
\c@paragraph=\count83
\c@subparagraph=\count84
\c@figure=\count85
\c@table=\count86
\abovecaptionskip=\skip41
\belowcaptionskip=\skip42
\bibindent=\dimen102
) (Nugent.aux)
LaTeX Font Info:    Checking defaults for OML/cmm/m/it on input line 2.
LaTeX Font Info:    ... okay on input line 2.
LaTeX Font Info:    Checking defaults for T1/cmr/m/n on input line 2.
LaTeX Font Info:    ... okay on input line 2.
LaTeX Font Info:    Checking defaults for OT1/cmr/m/n on input line 2.
LaTeX Font Info:    ... okay on input line 2.
LaTeX Font Info:    Checking defaults for OMS/cmsy/m/n on input line 2.
LaTeX Font Info:    ... okay on input line 2.
LaTeX Font Info:    Checking defaults for OMX/cmex/m/n on input line 2.
LaTeX Font Info:    ... okay on input line 2.
LaTeX Font Info:    Checking defaults for U/cmr/m/n on input line 2.
LaTeX Font Info:    ... okay on input line 2.

Underfull \hbox (badness 10000) in paragraph at lines 8--10

 []


! LaTeX Error: There's no line here to end.

See the LaTeX manual or LaTeX Companion for explanation.
Type  H <return>  for immediate help.
 ...                                      
                                          
l.25 
     
? 
LaTeX Font Info:    External font `cmex10' loaded for size
(Font)              <7> on input line 27.
LaTeX Font Info:    External font `cmex10' loaded for size
(Font)              <5> on input line 27.
[1

]
Overfull \hbox (49.00883pt too wide) in paragraph at lines 73--76
\OT1/cmr/m/n/10 de-gree of $\OML/cmm/m/it/10 $\OT1/cmr/m/n/10 -carbonyl steric
 con-ges-tion, e.g. pina-colone or 2,2-dimethylcyclopentanone;
 []

! Undefined control sequence.
l.97     \includegraphics
                         [width=6cm]{profxxx-figx.jpg}
? 
! Undefined control sequence.
l.98     \mycaption
                   { xxx )}\label{fig:profxxx}
? 

LaTeX Warning: Citation `profxxxkey' on page 2 undefined on input line 108.


LaTeX Warning: Citation `profxxxkey' undefined on input line 109.


! LaTeX Error: \begin{enumerate} on input line 70 ended by \end{document}.

See the LaTeX manual or LaTeX Companion for explanation.
Type  H <return>  for immediate help.
 ...                                      
                                          
l.112 \end{document}
                    
? 
[2] (Nugent.aux)

LaTeX Warning: There were undefined references.

 )
(\end occurred inside a group at level 1)
Output written on Nugent.dvi (2 pages, 7952 bytes).
