\BOOKMARK [1][-]{section.2}{An Introduction from the Dean}{}
\BOOKMARK [1][-]{section.3}{Interdisciplinary Projects at the Jacobs Center}{}
\BOOKMARK [2][-]{subsection.4}{Demopass: Effects of Matches/ Mismatches between Aspects of Human and Social Capital, Corporate Strategy and Work Organization on the Physical and Mental Well-Being of Employees }{section.3}
\BOOKMARK [2][-]{subsection.9}{Mobility and Developmental Success }{section.3}
\BOOKMARK [1][-]{section.15}{Discipline - specific Research Projects at the Jacobs Center}{}
\BOOKMARK [2][-]{subsection.16}{Neuroscience and Human Performance }{section.15}
\BOOKMARK [2][-]{subsection.17}{ Stress and Health at Work}{section.15}
\BOOKMARK [2][-]{subsection.18}{The Plasticity of Adult Development: Lifespan Perspectives}{section.15}
\BOOKMARK [3][-]{subsubsection.19}{Contexts Facilitating Adult Development and Aging}{subsection.18}
\BOOKMARK [3][-]{subsubsection.20}{Physical and Motor Fitness as Facilitators of Cognitive and Emotional Plasticity }{subsection.18}
\BOOKMARK [3][-]{subsubsection.21}{Developmental Regulation and Self-Regulation as Facilitators of Adult Development and Aging}{subsection.18}
\BOOKMARK [3][-]{subsubsection.22}{Two Types of Positive Personality Development: Adjustment and Growth }{subsection.18}
\BOOKMARK [3][-]{subsubsection.26}{Collaborations}{subsection.18}
\BOOKMARK [3][-]{subsubsection.27}{Other Professional Activities}{subsection.18}
\BOOKMARK [2][-]{subsection.28}{A Lifespan Perspective on Organizational Behavior}{section.15}
\BOOKMARK [3][-]{subsubsection.34}{Age Differences in Workplace Learning }{subsection.28}
\BOOKMARK [3][-]{subsubsection.36}{Age-Related Changes in Work Motivation }{subsection.28}
\BOOKMARK [3][-]{subsubsection.39}{Older Workers' Cognitive Resources for Innovation Behavior }{subsection.28}
\BOOKMARK [3][-]{subsubsection.41}{Collaborators }{subsection.28}
\BOOKMARK [3][-]{subsubsection.42}{Other Professional Activities }{subsection.28}
\BOOKMARK [3][-]{subsubsection.43}{Publications }{subsection.28}
\BOOKMARK [2][-]{subsection.44}{A Perspective from Business Administration on the Aging Workforce}{section.15}
\BOOKMARK [3][-]{subsubsection.45}{WISE Research Group in Business Administration}{subsection.44}
\BOOKMARK [3][-]{subsubsection.53}{WISE Demographic Network \(WDN\)}{subsection.44}
\BOOKMARK [3][-]{subsubsection.57}{Enhancing Aging Talents - Adjustment of Human Resource Management}{subsection.44}
\BOOKMARK [3][-]{subsubsection.62}{Knowledge Transfer: Demopass}{subsection.44}
\BOOKMARK [3][-]{subsubsection.63}{Intergenerational Knowledge Transfer to Prevent Knowledge Loss in Organizations}{subsection.44}
\BOOKMARK [3][-]{subsubsection.70}{The Effects of the Aging Workforce on the Innovation Process: A Large-Scale Study of Technology Intensive Companies}{subsection.44}
\BOOKMARK [3][-]{subsubsection.76}{Collaborations}{subsection.44}
\BOOKMARK [3][-]{subsubsection.77}{Publications}{subsection.44}
\BOOKMARK [2][-]{subsection.78}{The Socio-Economics of Lifelong Learning and Aging }{section.15}
\BOOKMARK [3][-]{subsubsection.83}{Lifelong Learning and the Labor Market}{subsection.78}
\BOOKMARK [3][-]{subsubsection.92}{Aging and the Prevention of Early Retirement}{subsection.78}
\BOOKMARK [3][-]{subsubsection.99}{Collaborations}{subsection.78}
\BOOKMARK [3][-]{subsubsection.100}{Other Professional Activities}{subsection.78}
\BOOKMARK [3][-]{subsubsection.101}{Publications}{subsection.78}
\BOOKMARK [2][-]{subsection.102}{Political Science in an Aging Society}{section.15}
\BOOKMARK [3][-]{subsubsection.107}{Other Professional Activities}{subsection.102}
\BOOKMARK [3][-]{subsubsection.110}{Publications}{subsection.102}
\BOOKMARK [1][-]{section.111}{Bremen International Graduate School of the Social Sciences BIGSSS}{}
\BOOKMARK [1][-]{section.113}{Research Facilities}{}
\BOOKMARK [1][-]{section.114}{Grants 2007/2008}{}
\BOOKMARK [1][-]{section.115}{Selected Knowledge Transfer Activities}{}
\BOOKMARK [1][-]{section.116}{Awards and Honors Received by Members of the Jacobs Center}{}
\BOOKMARK [1][-]{section.118}{PhD Degrees}{}
\BOOKMARK [1][-]{section.121}{Faculty}{}
\BOOKMARK [1][-]{section.124}{Graduate Students and Postdoctoral Fellows}{}
\BOOKMARK [1][-]{section.125}{Where Have Our Researchers Gone?}{}
\BOOKMARK [1][-]{section.128}{Visiting Scholars at the Jacobs Center}{}
\BOOKMARK [1][-]{section.129}{JCLL Fact Sheets}{}
\BOOKMARK [1][-]{section.134}{Impressum}{}
