\BOOKMARK [1][-]{section.1}{Information and Communication Technologies}{}
\BOOKMARK [2][-]{subsection.2}{Communication Networks and Systems}{section.1}
\BOOKMARK [3][-]{subsubsection.3}{Cellular and Wireless Communications}{subsection.2}
\BOOKMARK [3][-]{subsubsection.26}{Digital Transmission Methods and Coding}{subsection.2}
\BOOKMARK [3][-]{subsubsection.35}{Networks and Distributed Systems}{subsection.2}
\BOOKMARK [3][-]{subsubsection.62}{Machine Learning}{subsection.2}
\BOOKMARK [3][-]{subsubsection.83}{Harmonic Analysis applied to Communications Engineering}{subsection.2}
\BOOKMARK [3][-]{subsubsection.93}{Research Area: Channel Characterization, Electromagnetics, Prototype System Development}{subsection.2}
\BOOKMARK [2][-]{subsection.101}{Robotics and Embedded Systems}{section.1}
\BOOKMARK [3][-]{subsubsection.102}{Robotics}{subsection.101}
\BOOKMARK [3][-]{subsubsection.122}{Applied Algorithms}{subsection.101}
\BOOKMARK [2][-]{subsection.139}{Knowledge and Information Management Systems}{section.1}
\BOOKMARK [3][-]{subsubsection.140}{Reasoning, Semantics, and Knowledge Management}{subsection.139}
\BOOKMARK [2][-]{subsection.172}{Simulation and Control of Complex Dynamical Systems \(A.C. Antoulas\)}{section.1}
\BOOKMARK [3][-]{subsubsection.173}{Highlights}{subsection.172}
\BOOKMARK [3][-]{subsubsection.174}{Grants and Research Collaborations}{subsection.172}
\BOOKMARK [3][-]{subsubsection.178}{Publications}{subsection.172}
\BOOKMARK [3][-]{subsubsection.179}{Raster Data Services}{subsection.172}
\BOOKMARK [3][-]{subsubsection.191}{Visualization and Computer Graphics}{subsection.172}
\BOOKMARK [3][-]{subsubsection.212}{Open Access Publishing}{subsection.172}
\BOOKMARK [2][-]{subsection.222}{Microelectronic Devices and Technologies}{section.1}
\BOOKMARK [3][-]{subsubsection.223}{Information and Communication Technologies}{subsection.222}
\BOOKMARK [3][-]{subsubsection.241}{Patents}{subsection.222}
\BOOKMARK [3][-]{subsubsection.244}{Microelectronics}{subsection.222}
