This is pdfeTeX, Version 3.141592-1.21a-2.2 (Web2C 7.5.4) (format=pdflatex 2006.8.27)  21 NOV 2006 11:34
entering extended mode
**\nonstopmode\input{report.tex}
(./report.tex (/sw/share/texmf-dist/tex/latex/base/article.cls
Document Class: article 2004/02/16 v1.4f Standard LaTeX document class
(/sw/share/texmf-dist/tex/latex/base/size11.clo
File: size11.clo 2004/02/16 v1.4f Standard LaTeX file (size option)
)
\c@part=\count79
\c@section=\count80
\c@subsection=\count81
\c@subsubsection=\count82
\c@paragraph=\count83
\c@subparagraph=\count84
\c@figure=\count85
\c@table=\count86
\abovecaptionskip=\skip41
\belowcaptionskip=\skip42
\bibindent=\dimen102
)
(/sw/share/texmf-dist/tex/latex/graphics/graphicx.sty
Package: graphicx 1999/02/16 v1.0f Enhanced LaTeX Graphics (DPC,SPQR)

(/sw/share/texmf-dist/tex/latex/graphics/keyval.sty
Package: keyval 1999/03/16 v1.13 key=value parser (DPC)
\KV@toks@=\toks14
)
(/sw/share/texmf-dist/tex/latex/graphics/graphics.sty
Package: graphics 2001/07/07 v1.0n Standard LaTeX Graphics (DPC,SPQR)

(/sw/share/texmf-dist/tex/latex/graphics/trig.sty
Package: trig 1999/03/16 v1.09 sin cos tan (DPC)
)
(/sw/share/texmf-dist/tex/latex/graphics/graphics.cfg
File: graphics.cfg 2005/02/03 v1.3 graphics configuration of teTeX/TeXLive
)
Package graphics Info: Driver file: pdftex.def on input line 80.

(/sw/share/texmf-dist/tex/latex/graphics/pdftex.def
File: pdftex.def 2002/06/19 v0.03k graphics/color for pdftex
\Gread@gobject=\count87
))
\Gin@req@height=\dimen103
\Gin@req@width=\dimen104
)
(/sw/share/texmf-dist/tex/latex/parskip/parskip.sty
Package: parskip 2001/04/09 non-zero parskip adjustments
)
(/sw/share/texmf-dist/tex/latex/psnfss/times.sty
Package: times 2004/09/15 PSNFSS-v9.2 (SPQR) 
)
(/sw/share/texmf-dist/tex/latex/amsfonts/amsfonts.sty
Package: amsfonts 2001/10/25 v2.2f
\@emptytoks=\toks15
\symAMSa=\mathgroup4
\symAMSb=\mathgroup5
LaTeX Font Info:    Overwriting math alphabet `\mathfrak' in version `bold'
(Font)                  U/euf/m/n --> U/euf/b/n on input line 132.
)
(/sw/share/texmf-dist/tex/latex/amsmath/amsmath.sty
Package: amsmath 2000/07/18 v2.13 AMS math features
\@mathmargin=\skip43

For additional information on amsmath, use the `?' option.
(/sw/share/texmf-dist/tex/latex/amsmath/amstext.sty
Package: amstext 2000/06/29 v2.01

(/sw/share/texmf-dist/tex/latex/amsmath/amsgen.sty
File: amsgen.sty 1999/11/30 v2.0
\@emptytoks=\toks16
\ex@=\dimen105
))
(/sw/share/texmf-dist/tex/latex/amsmath/amsbsy.sty
Package: amsbsy 1999/11/29 v1.2d
\pmbraise@=\dimen106
)
(/sw/share/texmf-dist/tex/latex/amsmath/amsopn.sty
Package: amsopn 1999/12/14 v2.01 operator names
)
\inf@bad=\count88
LaTeX Info: Redefining \frac on input line 211.
\uproot@=\count89
\leftroot@=\count90
LaTeX Info: Redefining \overline on input line 307.
\classnum@=\count91
\DOTSCASE@=\count92
LaTeX Info: Redefining \ldots on input line 379.
LaTeX Info: Redefining \dots on input line 382.
LaTeX Info: Redefining \cdots on input line 467.
\Mathstrutbox@=\box26
\strutbox@=\box27
\big@size=\dimen107
LaTeX Font Info:    Redeclaring font encoding OML on input line 567.
LaTeX Font Info:    Redeclaring font encoding OMS on input line 568.
\macc@depth=\count93
\c@MaxMatrixCols=\count94
\dotsspace@=\muskip10
\c@parentequation=\count95
\dspbrk@lvl=\count96
\tag@help=\toks17
\row@=\count97
\column@=\count98
\maxfields@=\count99
\andhelp@=\toks18
\eqnshift@=\dimen108
\alignsep@=\dimen109
\tagshift@=\dimen110
\tagwidth@=\dimen111
\totwidth@=\dimen112
\lineht@=\dimen113
\@envbody=\toks19
\multlinegap=\skip44
\multlinetaggap=\skip45
\mathdisplay@stack=\toks20
LaTeX Info: Redefining \[ on input line 2666.
LaTeX Info: Redefining \] on input line 2667.
)
(/sw/share/texmf-dist/tex/latex/url/url.sty
\Urlmuskip=\muskip11
Package: url 2004/03/15  ver 3.1  Verb mode for urls, etc.
)
(/sw/share/texmf-dist/tex/latex/ntgclass/a4.sty
Package: a4 2004/04/15 v1.2g A4 based page layout
)
(/sw/share/texmf-dist/tex/latex/a4wide/a4wide.sty
Package: a4wide 1994/08/30
)
(/sw/share/texmf-dist/tex/latex/amsfonts/amssymb.sty
Package: amssymb 2002/01/22 v2.2d
) (./svninfo.sty
Package: svninfo 2006/05/11 v0.6
\@svnInfoDay=\count100
\@svnInfoMonth=\count101
\@svnInfoYear=\count102

(/sw/share/texmf-dist/tex/latex/base/ifthen.sty
Package: ifthen 2001/05/26 v1.1c Standard LaTeX ifthen package (DPC)
)) (./ed.sty
Package: ed 2006/01/10 v0.1 Editorial Notes
\c@ednote=\count103
)
(/Users/nmueller/VC/kwarc/doc/macros/hyperref/hyperref.sty
Package: hyperref 2006/09/06 v6.75e Hypertext links for LaTeX
\@linkdim=\dimen114
\Hy@linkcounter=\count104
\Hy@pagecounter=\count105

(/Users/nmueller/VC/kwarc/doc/macros/hyperref/pd1enc.def
File: pd1enc.def 2006/09/06 v6.75e Hyperref: PDFDocEncoding definition (HO)
)
(/Users/nmueller/VC/kwarc/doc/macros/hyperref/hyperref.cfg
File: hyperref.cfg 2002/06/06 v1.2 hyperref configuration of TeXLive and teTeX
)
(/Users/nmueller/VC/kwarc/doc/macros/hyperref/kvoptions.sty
Package: kvoptions 2006/08/22 v2.4 Connects package keyval with LaTeX options (
HO)
)
Package hyperref Info: Option `hypertexnames' set `false' on input line 2073.
Package hyperref Info: Option `breaklinks' set `true' on input line 2073.
Package hyperref Info: Option `colorlinks' set `true' on input line 2073.
Package hyperref Info: Hyper figures OFF on input line 2123.
Package hyperref Info: Link nesting OFF on input line 2128.
Package hyperref Info: Hyper index ON on input line 2131.
Package hyperref Info: Plain pages OFF on input line 2138.
Package hyperref Info: Backreferencing OFF on input line 2143.

Implicit mode ON; LaTeX internals redefined
Package hyperref Info: Bookmarks ON on input line 2273.
LaTeX Info: Redefining \url on input line 2428.
\Fld@menulength=\count106
\Field@Width=\dimen115
\Fld@charsize=\dimen116
\Choice@toks=\toks21
\Field@toks=\toks22
Package hyperref Info: Hyper figures OFF on input line 2906.
Package hyperref Info: Link nesting OFF on input line 2911.
Package hyperref Info: Hyper index ON on input line 2914.
Package hyperref Info: backreferencing OFF on input line 2921.
Package hyperref Info: Link coloring ON on input line 2924.
\Hy@abspage=\count107
\c@Item=\count108
\c@Hfootnote=\count109
)
*hyperref using driver hpdftex*
(/Users/nmueller/VC/kwarc/doc/macros/hyperref/hpdftex.def
File: hpdftex.def 2006/09/06 v6.75e Hyperref driver for pdfTeX
\Fld@listcount=\count110
) (./report.aux
(./ITintro.aux) (./ComNet.aux) (./haas.aux) (./henkel.aux

LaTeX Warning: Label `fig:henkel_1' multiply defined.

) (./schoenwaelder.aux

LaTeX Warning: Label `fig:sshtls' multiply defined.

) (./Jaeger_2006.aux) (./pfander.aux) (./wallace.aux) (./Robotics.aux)
(./birk.aux) (./carpin.aux) (./Knowledge.aux) (./kohlhase.aux) (./antoulas.aux)
(./baumann.aux) (./linsen2006.aux) (./stamerjohanns.aux)
(./Microelectronics.aux) (./knipp.aux) (./bergholz.aux))
\openout1 = `report.aux'.

LaTeX Font Info:    Checking defaults for OML/cmm/m/it on input line 45.
LaTeX Font Info:    ... okay on input line 45.
LaTeX Font Info:    Checking defaults for T1/cmr/m/n on input line 45.
LaTeX Font Info:    ... okay on input line 45.
LaTeX Font Info:    Checking defaults for OT1/cmr/m/n on input line 45.
LaTeX Font Info:    ... okay on input line 45.
LaTeX Font Info:    Checking defaults for OMS/cmsy/m/n on input line 45.
LaTeX Font Info:    ... okay on input line 45.
LaTeX Font Info:    Checking defaults for OMX/cmex/m/n on input line 45.
LaTeX Font Info:    ... okay on input line 45.
LaTeX Font Info:    Checking defaults for U/cmr/m/n on input line 45.
LaTeX Font Info:    ... okay on input line 45.
LaTeX Font Info:    Checking defaults for PD1/pdf/m/n on input line 45.
LaTeX Font Info:    ... okay on input line 45.
LaTeX Font Info:    Try loading font information for OT1+ptm on input line 45.

(/sw/share/texmf-dist/tex/latex/psnfss/ot1ptm.fd
File: ot1ptm.fd 2001/06/04 font definitions for OT1/ptm.
)
(/sw/share/texmf-dist/tex/context/base/supp-pdf.tex
(/sw/share/texmf-dist/tex/context/base/supp-mis.tex
loading : Context Support Macros / Miscellaneous (2004.10.26)
\protectiondepth=\count111
\scratchcounter=\count112
\scratchtoks=\toks23
\scratchdimen=\dimen117
\scratchskip=\skip46
\scratchmuskip=\muskip12
\scratchbox=\box28
\scratchread=\read1
\scratchwrite=\write3
\zeropoint=\dimen118
\onepoint=\dimen119
\onebasepoint=\dimen120
\minusone=\count113
\thousandpoint=\dimen121
\onerealpoint=\dimen122
\emptytoks=\toks24
\nextbox=\box29
\nextdepth=\dimen123
\everyline=\toks25
\!!counta=\count114
\!!countb=\count115
\recursecounter=\count116
)
loading : Context Support Macros / PDF (2004.03.26)
\nofMPsegments=\count117
\nofMParguments=\count118
\MPscratchCnt=\count119
\MPscratchDim=\dimen124
\MPnumerator=\count120
\everyMPtoPDFconversion=\toks26
) (/sw/share/texmf-dist/tex/latex/graphics/color.sty
Package: color 1999/02/16 v1.0i Standard LaTeX Color (DPC)
LaTeX Info: Redefining \color on input line 71.

(/sw/share/texmf-dist/tex/latex/graphics/color.cfg
File: color.cfg 2005/02/03 v1.3 color configuration of teTeX/TeXLive
)
Package color Info: Driver file: pdftex.def on input line 125.
)
Package hyperref Info: Link coloring ON on input line 45.

(/Users/nmueller/VC/kwarc/doc/macros/hyperref/nameref.sty
Package: nameref 2006/08/15 v2.26 Cross-referencing by name of section

(/sw/share/texmf-dist/tex/latex/oberdiek/refcount.sty
Package: refcount 2000/09/07 v2.0 Converting references to numbers (HO)
)

LaTeX Warning: You have requested, on input line 24, version
               `2006/02/12' of package refcount,
               but only version
               `2000/09/07 v2.0 Converting references to numbers (HO)'
               is available.

\c@section@level=\count121
)
LaTeX Info: Redefining \ref on input line 45.
LaTeX Info: Redefining \pageref on input line 45.
 (./report.out) (./report.out)
\@outlinefile=\write4
\openout4 = `report.out'.

LaTeX Font Info:    Try loading font information for U+msa on input line 47.

(/sw/share/texmf-dist/tex/latex/amsfonts/umsa.fd
File: umsa.fd 2002/01/19 v2.2g AMS font definitions
)
LaTeX Font Info:    Try loading font information for U+msb on input line 47.

(/sw/share/texmf-dist/tex/latex/amsfonts/umsb.fd
File: umsb.fd 2002/01/19 v2.2g AMS font definitions
)
LaTeX Font Info:    Font shape `OT1/ptm/bx/n' in size <10.95> not available
(Font)              Font shape `OT1/ptm/b/n' tried instead on input line 51.
LaTeX Font Info:    Try loading font information for OT1+pcr on input line 54.

(/sw/share/texmf-dist/tex/latex/psnfss/ot1pcr.fd
File: ot1pcr.fd 2001/06/04 font definitions for OT1/pcr.
)
Overfull \hbox (189.27339pt too wide) in paragraph at lines 50--56
 [] 
 []

[1{/sw/var/lib/texmf/fonts/map/pdftex/updmap/pdftex.map}



]
\openout2 = `ITintro.aux'.

 (./ITintro.tex
LaTeX Font Info:    Font shape `OT1/ptm/bx/n' in size <14.4> not available
(Font)              Font shape `OT1/ptm/b/n' tried instead on input line 2.

Underfull \hbox (badness 1057) in paragraph at lines 2--2
[]\OT1/ptm/b/n/14.4 Information and Com-mu-ni-ca-
 []


Underfull \hbox (badness 1577) in paragraph at lines 12--33
[]\OT1/ptm/m/n/10.95 The enor-mous level of in-te-gra-tion in micro-
 []

) [2


]
\openout2 = `ComNet.aux'.

 (./ComNet.tex
LaTeX Font Info:    Font shape `OT1/ptm/bx/n' in size <12> not available
(Font)              Font shape `OT1/ptm/b/n' tried instead on input line 2.

Underfull \hbox (badness 1248) in paragraph at lines 21--26
\OT1/ptm/m/n/10.95 mu-ni-ca-tion net-works and sys-tems'' re-sides in
 []

) [3



]
\openout2 = `haas.aux'.

 (./haas.tex
Underfull \hbox (badness 3240) in paragraph at lines 6--13
\OT1/ptm/m/n/10.95 Abu-Alhiga (PhD Stu-dent), Zu-bin Bharucha
 []


Underfull \hbox (badness 2809) in paragraph at lines 6--13
\OT1/ptm/m/n/10.95 dent), Raed You-self Mesleh (PhD Stu-dent),
 []


Underfull \hbox (badness 10000) in paragraph at lines 6--13

 []


Underfull \hbox (badness 1845) in paragraph at lines 18--19
\OT1/ptm/m/n/10.95 (Or-thog-o-nal Fre-quency Di-vi-sion Mul-ti-plex-
 []


Underfull \hbox (badness 2837) in paragraph at lines 24--25
[]\OT1/ptm/m/n/10.95 dynamic chan-nel as-sign-ment (DCA) al-go-
 []

<haas_1.pdf, id=125, 422.3529pt x 206.79156pt>
File: haas_1.pdf Graphic file (type pdf)
 <use haas_1.pdf>
<haas_2.pdf, id=126, 383.03pt x 307.14648pt>
File: haas_2.pdf Graphic file (type pdf)
 <use haas_2.pdf>
Overfull \hbox (11.29517pt too wide) in paragraph at lines 56--56
 [][] 
 []


Underfull \hbox (badness 1226) in paragraph at lines 30--65
 \OT1/ptm/b/n/10.95 High-lights[] \OT1/ptm/m/it/10.95 1. Spa-tial Mod-u-la-tion
: \OT1/ptm/m/n/10.95 Spa-tial
 []

[4


 <./haas_1.pdf> <./haas_2.pdf>]
<haas_3.png, id=166, 421.575pt x 316.18124pt>
File: haas_3.png Graphic file (type png)
 <use haas_3.png>
Overfull \hbox (11.29517pt too wide) in paragraph at lines 84--84
 [][] 
 []


Underfull \hbox (badness 2512) in paragraph at lines 120--121
\OT1/ptm/m/n/10.95 Bre-mer-haven, project: \OT1/ptm/m/it/10.95 Mo-bile Po-si-ti
on-
 []


Underfull \hbox (badness 10000) in paragraph at lines 121--122
[]\OT1/ptm/m/n/10.95 DFG Schw-er-punk-t-pro-gram Take-OFDM
 []


Underfull \hbox (badness 4726) in paragraph at lines 129--130
[]\OT1/ptm/m/n/10.95 Three pre-vi-ously sub-mit-ted patents got
 []

[5 <./haas_3.png>]) [6

]
\openout2 = `henkel.aux'.

 (./henkel.tex
Underfull \hbox (badness 10000) in paragraph at lines 1--1
[]\OT1/ptm/b/n/10.95 Digital Trans-mis-sion Meth-ods and
 []


Underfull \hbox (badness 2088) in paragraph at lines 5--7
 \OT1/ptm/b/n/10.95 Re-search Team[] \OT1/ptm/m/n/10.95 Werner Henkel (Pro-fes-
sor),
 []


Underfull \hbox (badness 10000) in paragraph at lines 5--7

 []


LaTeX Warning: Reference `fig:henkel_2' on page VII undefined on input line 57.


<henkel_1.pdf, id=197, 322.20375pt x 315.1775pt>
File: henkel_1.pdf Graphic file (type pdf)
 <use henkel_1.pdf>
<henkel_2.pdf, id=198, 386.44376pt x 328.22626pt>
File: henkel_2.pdf Graphic file (type pdf)
 <use henkel_2.pdf> [7


 <./henkel_1.pdf>]) [8

 <./henkel_2.pdf>]
\openout2 = `schoenwaelder.aux'.

 (./schoenwaelder.tex
Underfull \hbox (badness 10000) in paragraph at lines 7--8

 []

<schoenwaelder-tools.pdf, id=229, 652.4375pt x 200.75pt>
File: schoenwaelder-tools.pdf Graphic file (type pdf)

<use schoenwaelder-tools.pdf>
<schoenwaelder-sec.pdf, id=230, 361.35pt x 252.945pt>
File: schoenwaelder-sec.pdf Graphic file (type pdf)

<use schoenwaelder-sec.pdf>
<schoenwaelder-dccp.pdf, id=231, 1115.16624pt x 545.03625pt>
File: schoenwaelder-dccp.pdf Graphic file (type pdf)

<use schoenwaelder-dccp.pdf> [9


 <./schoenwaelder-tools.pdf> <./schoenwaelder-sec.pdf> <./schoenwaelder-dccp.pd
f>]
Underfull \hbox (badness 3009) in paragraph at lines 82--84
[]\OT1/ptm/m/n/10.95 Program Com-mit-tee mem-ber of NOMS
 []


Underfull \hbox (badness 1596) in paragraph at lines 90--93
[]\OT1/ptm/m/n/10.95 Chair of the 19th NMRG work-shop on
 []


Underfull \hbox (badness 4060) in paragraph at lines 90--93
\OT1/ptm/m/n/10.95 ``Promise The-ory and New Ap-proaches
 []


Underfull \hbox (badness 3590) in paragraph at lines 102--105
\OT1/ptm/m/n/10.95 Network Man-age-ment, Traf-fic Mea-sure-
 []

) [10]
\openout2 = `Jaeger_2006.aux'.

 (./Jaeger_2006.tex
Underfull \hbox (badness 3291) in paragraph at lines 6--7
 \OT1/ptm/b/n/10.95 Re-search Team[] \OT1/ptm/m/n/10.95 Her-bert Jaeger (Pro-fe
s-sor),
 []


Underfull \hbox (badness 2735) in paragraph at lines 6--7
\OT1/ptm/m/n/10.95 Mingjie Zhao (Post-doc-toral Fel-low), Man-tas
 []


Underfull \hbox (badness 10000) in paragraph at lines 6--7

 []


Underfull \hbox (badness 1178) in paragraph at lines 30--42
 \OT1/ptm/b/n/10.95 High-lights[] \OT1/ptm/m/n/10.95 An im-por-tant ap-pli-ca-t
ion of ma-
 []

<JaegerFig1_2006.pdf, id=305, 471.7625pt x 378.41376pt>
File: JaegerFig1_2006.pdf Graphic file (type pdf)

<use JaegerFig1_2006.pdf> [11


 <./JaegerFig1_2006.pdf>]
Missing character: There is no ü in font ptmr7t!

Underfull \hbox (badness 1590) in paragraph at lines 106--108
\OT1/ptm/m/n/10.95 and ``Liq-uid State Ma-chines'', guest co-
 []


Underfull \hbox (badness 10000) in paragraph at lines 119--121

 []


Underfull \hbox (badness 10000) in paragraph at lines 119--121
\OT1/ptm/m/n/10.95 Echo State Net-works for hand-writ-ing
 []

Missing character: There is no é in font ptmro7t!
Missing character: There is no é in font ptmro7t!
Missing character: There is no ö in font ptmr7t!
Missing character: There is no ä in font ptmro7t!
Missing character: There is no ö in font ptmro7t!
Missing character: There is no ö in font ptmr7t!
Missing character: There is no ´ in font ptmr7t!
Missing character: There is no ´ in font ptmr7t!
Missing character: There is no ´ in font ptmr7t!
Missing character: There is no ´ in font ptmr7t!

Underfull \hbox (badness 1205) in paragraph at lines 137--139
[]\OT1/ptm/m/n/10.95 Funded by Planet AG, Schw-erin ``Time-
 []

) [12]
\openout2 = `pfander.aux'.

 (./pfander.tex
Underfull \hbox (badness 10000) in paragraph at lines 6--7
 \OT1/ptm/b/n/10.95 Re-search Team[] \OT1/ptm/m/n/10.95 G[]otz Pfan-der (Pro-fe
s-sor),
 []


Underfull \hbox (badness 10000) in paragraph at lines 6--7

 []


Underfull \hbox (badness 1337) in paragraph at lines 10--17
[]\OT1/ptm/m/n/10.95 In Multi-Carrier Mod-u-la-tion (MCM) com-mu-
 []


LaTeX Warning: Reference `mps:pfander' on page XIII undefined on input line 29.



Underfull \hbox (badness 1259) in paragraph at lines 25--30
\OT1/ptm/m/n/10.95 and car-rier func-tions de-sign are dis-cussed at
 []


LaTeX Warning: Reference `mps:pfander' on page XIII undefined on input line 52.


<pfander.jpg, id=349, 305.943pt x 367.01115pt>
File: pfander.jpg Graphic file (type jpg)
 <use pfander.jpg> [13


 <./pfander.jpg>]

LaTeX Warning: Reference `mps:pfander' on page XIV undefined on input line 98.


LaTeX Warning: Reference `mps:pfander' on page XIV undefined on input line 138.



Underfull \hbox (badness 1052) in paragraph at lines 145--148
\OT1/ptm/m/n/10.95 Operator sam-pling and chan-nel mea-sure-
 []

) [14]
\openout2 = `wallace.aux'.

 (./wallace.tex
Underfull \hbox (badness 10000) in paragraph at lines 5--6

 []

<wallace_cap_deg.pdf, id=383, 614.295pt x 794.97pt>
File: wallace_cap_deg.pdf Graphic file (type pdf)
 <use wallace_cap_deg.pdf>
Underfull \hbox (badness 2970) in paragraph at lines 29--49
[]\OT1/ptm/m/n/10.95 His work dur-ing 2006 has fo-cused pri-mar-
 []


Underfull \hbox (badness 1342) in paragraph at lines 29--49
\OT1/ptm/m/n/10.95 time-varying MIMO wire-less chan-nels. The
 []


Underfull \hbox (badness 1622) in paragraph at lines 29--49
\OT1/ptm/m/n/10.95 MIMO com-mu-ni-ca-tions chan-nel can be ad-e-
 []

<wallace_relay2.pdf, id=384, 614.295pt x 794.97pt>
File: wallace_relay2.pdf Graphic file (type pdf)
 <use wallace_relay2.pdf>
[15


 <./wallace_cap_deg.pdf>]) [16 <./wallace_relay2.pdf>]
\openout2 = `Robotics.aux'.

 (./Robotics.tex)
[17



]
\openout2 = `birk.aux'.

 (./birk.tex
Missing character: There is no – in font ptmr7t!

Underfull \hbox (badness 7832) in paragraph at lines 5--12
 \OT1/ptm/b/n/10.95 Re-search Team[] \OT1/ptm/m/n/10.95 An-dreas Birk (Pro-fes-
sor),
 []


Underfull \hbox (badness 4673) in paragraph at lines 5--12
\OT1/ptm/m/n/10.95 Chon-na-para-mutt (PhD Stu-dent), Mo-hammed
 []


Underfull \hbox (badness 10000) in paragraph at lines 5--12

 []


Underfull \hbox (badness 1314) in paragraph at lines 37--41
\OT1/ptm/m/n/10.95 strated their ca-pa-bil-i-ties on sev-eral oc-ca-sions
 []

<RoboCup2006-OutdoorDemo002.jpg, id=430, 2055.68pt x 3083.52pt>
File: RoboCup2006-OutdoorDemo002.jpg Graphic file (type jpg)

<use RoboCup2006-OutdoorDemo002.jpg>
<RoboCup2006-OutdoorDemo195.jpg, id=431, 4111.36pt x 2741.24126pt>
File: RoboCup2006-OutdoorDemo195.jpg Graphic file (type jpg)

<use RoboCup2006-OutdoorDemo195.jpg>
<RoboCup2006-OutdoorDemo178.jpg, id=432, 2741.24126pt x 4111.36pt>
File: RoboCup2006-OutdoorDemo178.jpg Graphic file (type jpg)

<use RoboCup2006-OutdoorDemo178.jpg>
<autonomousrobot.pdf, id=433, 514.92375pt x 433.62pt>
File: autonomousrobot.pdf Graphic file (type pdf)

<use autonomousrobot.pdf>
Overfull \hbox (72.75311pt too wide) in paragraph at lines 53--54
 [][] 
 []

<RoboCup2006-157.jpg, id=434, 1284.8pt x 963.6pt>
File: RoboCup2006-157.jpg Graphic file (type jpg)
 <use RoboCup2006-157.jpg>
<RoboCup2006-045.jpg, id=435, 1284.8pt x 963.6pt>
File: RoboCup2006-045.jpg Graphic file (type jpg)
 <use RoboCup2006-045.jpg>
Underfull \hbox (badness 1881) in paragraph at lines 63--63
\OT1/ptm/m/n/10.95 which in-cludes sev-eral stan-dard-ized test el-e-
 []


LaTeX Warning: Citation `birk_flipper_rcup06' on page XVIII undefined on input 
line 68.


LaTeX Warning: Citation `birk_rugbot_ssrr06' on page XVIII undefined on input l
ine 68.


LaTeX Warning: Citation `birk_mapvectorization_rcup06' on page XVIII undefined 
on input line 68.


LaTeX Warning: Citation `birk_autonomy_ssrr06' on page XVIII undefined on input
 line 68.


LaTeX Warning: Citation `birk_CommExpore_CEP06' on page XVIII undefined on inpu
t line 69.


LaTeX Warning: Citation `BirkMultiMap_IEEEproc' on page XVIII undefined on inpu
t line 70.

<AUV-2006-best01.jpg, id=436, 803.0pt x 602.25pt>
File: AUV-2006-best01.jpg Graphic file (type jpg)
 <use AUV-2006-best01.jpg>
<AUV-2006-best03.jpg, id=437, 813.0375pt x 659.46375pt>
File: AUV-2006-best03.jpg Graphic file (type jpg)

<use AUV-2006-best03.jpg>
<AUV-2006-best02-text.jpg, id=438, 961.5925pt x 801.99625pt>
File: AUV-2006-best02-text.jpg Graphic file (type jpg)

<use AUV-2006-best02-text.jpg> [18


] [19 <./RoboCup2006-OutdoorDemo002.jpg> <./RoboCup2006-OutdoorDemo195.jpg> <./
RoboCup2006-OutdoorDemo178.jpg> <./autonomousrobot.pdf> <./RoboCup2006-157.jpg>
 <./RoboCup2006-045.jpg>]
Underfull \hbox (badness 10000) in paragraph at lines 88--89
[]\OT1/ptm/m/n/10.95 Chair "RoboCup World Cham-pi-onship
 []


Underfull \hbox (badness 3088) in paragraph at lines 88--89
\OT1/ptm/m/n/10.95 2006, Res-cue Robot League", Bre-men,
 []


Underfull \hbox (badness 10000) in paragraph at lines 90--93
[]\OT1/ptm/m/n/10.95 Program Com-mit-tee Mem-ber/Reviewer:
 []


Underfull \hbox (badness 10000) in paragraph at lines 90--93
\OT1/ptm/m/n/10.95 Jour-nal of Robotics and Au-tonomous
 []


Underfull \hbox (badness 1874) in paragraph at lines 90--93
\OT1/ptm/m/n/10.95 Prac-tice; In-ter-na-tional RoboCup Sym-po-
 []


Underfull \hbox (badness 3323) in paragraph at lines 90--93
\OT1/ptm/m/n/10.95 sium; IEEE In-ter-na-tional Work-shop on
 []


Underfull \hbox (badness 10000) in paragraph at lines 97--100
[]\OT1/ptm/m/sl/10.95 International Res-cue Sys-tems In-sti-tute,
 []


Underfull \hbox (badness 10000) in paragraph at lines 100--103
\OT1/ptm/m/n/10.95 Autonomous In-tel-li-gent Func-tion-al-i-ties
 []


Underfull \hbox (badness 2005) in paragraph at lines 112--114
\OT1/ptm/m/n/10.95 Un-struc-tured En-vi-ron-ments on a Mo-bile
 []


Underfull \hbox (badness 10000) in paragraph at lines 114--115
[]\OT1/ptm/m/n/10.95 ATLAS Elek-tronik, IUB-ATLAS Au-
 []


LaTeX Warning: Citation `BirkMultiMap_IEEEproc' undefined on input line 126.


LaTeX Warning: Citation `birk_CommExpore_CEP06' undefined on input line 128.


LaTeX Warning: Citation `birk_rugbot_ssrr06' undefined on input line 131.


LaTeX Warning: Citation `birk_autonomy_ssrr06' undefined on input line 132.


LaTeX Warning: Citation `birk_flipper_rcup06' undefined on input line 138.


LaTeX Warning: Citation `birk_mapvectorization_rcup06' undefined on input line 
139.

) [20 <./AUV-2006-best01.jpg> <./AUV-2006-best03.jpg> <./AUV-2006-best02-text.j
pg>]
\openout2 = `carpin.aux'.

 (./carpin.tex
Underfull \hbox (badness 2237) in paragraph at lines 5--6
 \OT1/ptm/b/n/10.95 Re-search Team[] \OT1/ptm/m/n/10.95 Ste-fano Carpin (Pro-fe
s-sor),
 []


Underfull \hbox (badness 10000) in paragraph at lines 5--6

 []


LaTeX Warning: Reference `fid:Carpin_pic1' on page XXI undefined on input line 
58.


Underfull \hbox (badness 2119) in paragraph at lines 49--60
\OT1/ptm/m/n/10.95 trans-la-tion col-li-sion dis-tance be-tween con-vex
 []

<Carpin_Figure_CTA.pdf, id=502, 420.6114pt x 181.1568pt>
File: Carpin_Figure_CTA.pdf Graphic file (type pdf)

<use Carpin_Figure_CTA.pdf>
Underfull \hbox (badness 1112) in paragraph at lines 85--87
[]\OT1/ptm/m/n/10.95 6th in-ter-na-tional joint con-fer-ence on au-
 []

[21


 <./Carpin_Figure_CTA.pdf>]
Underfull \hbox (badness 3724) in paragraph at lines 87--88
[]\OT1/ptm/m/n/10.95 Robocup Fed-er-a-tion: elected Ex-ec-u-tive
 []


Underfull \hbox (badness 10000) in paragraph at lines 88--90
[]\OT1/ptm/m/n/10.95 Organizer of a tu-to-rial on "US-AR-
 []

) [22

]
\openout2 = `Knowledge.aux'.

 (./Knowledge.tex
Underfull \hbox (badness 1527) in paragraph at lines 2--2
[]\OT1/ptm/b/n/12 Knowledge and In-for-ma-tion Man-
 []

) [23



]
\openout2 = `kohlhase.aux'.

 (./kohlhase.tex
Underfull \hbox (badness 3009) in paragraph at lines 6--14
\OT1/ptm/m/n/10.95 see [][]1.4.6[][]), Christoph Lange (PhD Stu-dent),
 []


Underfull \hbox (badness 3000) in paragraph at lines 6--14
\OT1/ptm/m/n/10.95 dent), Flo-rian Rabe (PhD Stu-dent), An-drea
 []


Underfull \hbox (badness 10000) in paragraph at lines 6--14

 []


Underfull \hbox (badness 10000) in paragraph at lines 22--32
[]\OT1/ptm/m/n/10.95 The work of the KWARC ($[]$no$[]$ledge
 []


Underfull \hbox (badness 1454) in paragraph at lines 22--32
\OT1/ptm/m/n/10.95 main as-sump-tion in this work is that if the
 []


Underfull \hbox (badness 2418) in paragraph at lines 22--32
\OT1/ptm/m/n/10.95 struc-ture of the fac-tual con-tent of sci-en-tific
 []

<sci-method.pdf, id=538, 724.53688pt x 566.08485pt>
File: sci-method.pdf Graphic file (type pdf)
 <use sci-method.pdf>
[24


 <./sci-method.pdf>]
Underfull \hbox (badness 2088) in paragraph at lines 93--94
[]\OT1/ptm/m/n/10.95 Trustee of the Math-e-mat-i-cal Knowl-edge
 []


Underfull \hbox (badness 3482) in paragraph at lines 94--95
[]\OT1/ptm/m/n/10.95 Trustee of the CAL-CULE-MUS In-ter-est
 []


Underfull \hbox (badness 3460) in paragraph at lines 109--112
\OT1/ptm/m/n/10.95 Transforming L[]T[]X doc-u-ments to OM-
 []


Underfull \hbox (badness 2285) in paragraph at lines 121--124
\OT1/ptm/m/n/10.95 Prof. J[]org Siek-mann, Dr. Christoph
 []


Underfull \hbox (badness 10000) in paragraph at lines 124--127
[]\OT1/ptm/m/sl/10.95 Deusches Forschungszen-trum f[]ur
 []

) [25]
\openout2 = `antoulas.aux'.

 (./antoulas.tex
Underfull \hbox (badness 2035) in paragraph at lines 19--31
[]\OT1/ptm/m/n/10.95 Two main cur-rents can be iden-ti-fied among
 []


Underfull \hbox (badness 2376) in paragraph at lines 105--110
[]\OT1/ptm/m/n/10.95 Funding Agency: US Na-tional Sci-ence
 []


Underfull \hbox (badness 4328) in paragraph at lines 112--119
\OT1/ptm/m/n/10.95 ITR (In-for-ma-tion Tech-nol-ogy Re-search)
 []


Underfull \hbox (badness 3396) in paragraph at lines 112--119
\OT1/ptm/m/it/10.95 Principal In-ves-ti-ga-tors\OT1/ptm/m/n/10.95 : A. Sameh, A
.
 []

[26


]
Underfull \hbox (badness 2376) in paragraph at lines 120--125
[]\OT1/ptm/m/n/10.95 Funding Agency: US Na-tional Sci-ence
 []


Underfull \hbox (badness 10000) in paragraph at lines 120--125

 []


Underfull \hbox (badness 2376) in paragraph at lines 131--136
[]\OT1/ptm/m/n/10.95 Funding Agency: US Na-tional Sci-ence
 []


Underfull \hbox (badness 10000) in paragraph at lines 131--136

 []

) [27

]
\openout2 = `baumann.aux'.

 (./baumann.tex
Underfull \hbox (badness 1655) in paragraph at lines 4--5
 \OT1/ptm/b/n/10.95 Re-search Team[] \OT1/ptm/m/n/10.95 Pe-ter Bau-mann (Pro-fe
s-sor),
 []


Underfull \hbox (badness 10000) in paragraph at lines 4--5

 []


Underfull \hbox (badness 1077) in paragraph at lines 36--37
\OT1/ptm/m/n/10.95 tional re-search co-op-er-a-tions have been es-tab-
 []


Underfull \hbox (badness 10000) in paragraph at lines 38--39
[]\OT1/ptm/m/sl/10.95 Universidade de Camp-inas (Uni-camp),
 []


Underfull \hbox (badness 2617) in paragraph at lines 46--51
[]\OT1/ptm/m/n/10.95 In the col-lab-o-ra-tion, for which a joint
 []


Underfull \hbox (badness 1348) in paragraph at lines 46--51
\OT1/ptm/m/n/10.95 re-search pro-posal has been sub-mit-ted to
 []

[28


]
Underfull \hbox (badness 1152) in paragraph at lines 81--93
\OT1/ptm/m/n/10.95 tri-bu-tion to geo raster ser-vice stan-dard-iza-tion
 []


Underfull \hbox (badness 3601) in paragraph at lines 81--93
\OT1/ptm/m/n/10.95 in the Open GeoSpa-tial Con-sor-tium (OGC,
 []


Underfull \hbox (badness 1147) in paragraph at lines 99--103
[]\OT1/ptm/m/n/10.95 The GA-LEON (Geo-interface to At-mo-sphere,
 []

<ndvi-1.jpg, id=655, 482.603pt x 482.603pt>
File: ndvi-1.jpg Graphic file (type jpg)
 <use ndvi-1.jpg>
<ndvi-2.jpg, id=656, 603.25375pt x 604.2575pt>
File: ndvi-2.jpg Graphic file (type jpg)
 <use ndvi-2.jpg> [29 <./ndvi-1.jpg> <./ndvi-2.jpg>]
Underfull \hbox (badness 1389) in paragraph at lines 128--131
[]\OT1/ptm/m/n/10.95 1st In-ter-na-tional Sym-po-sium on Co-op-er-
 []


Underfull \hbox (badness 1342) in paragraph at lines 128--131
\OT1/ptm/m/n/10.95 a-tion and Pro-mo-tion of In-for-ma-tion Re-
 []

) [30

]
\openout2 = `linsen2006.aux'.

 (./linsen2006.tex
Underfull \hbox (badness 10000) in paragraph at lines 12--17
 \OT1/ptm/b/n/10.95 Re-search Team[] \OT1/ptm/m/n/10.95 Lars Lin-sen (Pro-fes-s
or),
 []


Underfull \hbox (badness 10000) in paragraph at lines 12--17
\OT1/ptm/m/n/10.95 Sherin Al-Shbat (PhD Stu-dent), Tetyana
 []


Underfull \hbox (badness 10000) in paragraph at lines 12--17

 []


Underfull \hbox (badness 10000) in paragraph at lines 39--40

 []

<Linsen_2006_Fig1.pdf, id=678, 597.23125pt x 845.1575pt>
File: Linsen_2006_Fig1.pdf Graphic file (type pdf)

<use Linsen_2006_Fig1.pdf> [31


 <./Linsen_2006_Fig1.pdf>]
Underfull \hbox (badness 2326) in paragraph at lines 84--102
\OT1/ptm/m/it/10.95 Structure-accentuating Dense Flow Vi-su-al-iza-
 []

<Linsen_2006_Fig2.pdf, id=690, 597.23125pt x 845.1575pt>
File: Linsen_2006_Fig2.pdf Graphic file (type pdf)

<use Linsen_2006_Fig2.pdf> [32 <./Linsen_2006_Fig2.pdf>]
Underfull \hbox (badness 3148) in paragraph at lines 138--143
[]\OT1/ptm/m/sl/10.95 Institut f[]ur Math-e-matik und In-for-matik,
 []


Underfull \hbox (badness 1728) in paragraph at lines 138--143
\OT1/ptm/m/n/10.95 Georg F[]ullen, Ju-lia L[]ocherbach, Stef-fen
 []


Underfull \hbox (badness 2790) in paragraph at lines 143--147
[]\OT1/ptm/m/sl/10.95 Institut f[]ur Mikro-bi-olo-gie, Ernst-Moritz-
 []


Underfull \hbox (badness 3281) in paragraph at lines 143--147
\OT1/ptm/m/n/10.95 Michael Hecker, J[]org Bern-hardt, D[]orte
 []


Underfull \hbox (badness 10000) in paragraph at lines 150--155
\OT1/ptm/m/sl/10.95 Neu-ro-ra-di-olo-gie, Ernst-Moritz-Arndt-
 []


Underfull \hbox (badness 1917) in paragraph at lines 150--155
\OT1/ptm/m/n/10.95 Norbert Hosten, S[]onke Langner, Mar-tin
 []


Underfull \hbox (badness 10000) in paragraph at lines 155--159
[]\OT1/ptm/m/sl/10.95 Poliklinik f[]ur zahn[]arztliche Prothetik
 []


Underfull \hbox (badness 2213) in paragraph at lines 155--159
\OT1/ptm/m/sl/10.95 und Werk-stof-fkunde, Ernst-Moritz-Arndt-
 []


Underfull \hbox (badness 10000) in paragraph at lines 155--159
\OT1/ptm/m/n/10.95 Virtual place-ment and in-ter-ac-tive op-
 []


Underfull \hbox (badness 10000) in paragraph at lines 155--159
\OT1/ptm/m/n/10.95 ti-miza-tion for func-tional oc-clu-sion in
 []


Underfull \hbox (badness 10000) in paragraph at lines 159--163
[]\OT1/ptm/m/sl/10.95 Institut f[]ur Psy-cholo-gie, Ernst-Moritz-
 []


Underfull \hbox (badness 2717) in paragraph at lines 163--168
\OT1/ptm/m/n/10.95 Christian Brecher, Fritz Klocke, Lothar
 []


Underfull \hbox (badness 4660) in paragraph at lines 168--175
\OT1/ptm/m/n/10.95 Bernd Hamann, Ken-neth I. Joy, Nina
 []


Underfull \hbox (badness 2073) in paragraph at lines 179--183
\OT1/ptm/m/n/10.95 Simulation and an-i-ma-tion of ur-ban tree
 []


Underfull \hbox (badness 2635) in paragraph at lines 183--188
[]\OT1/ptm/m/sl/10.95 Center for Func-tional MRI, De-part-ment
 []


Underfull \hbox (badness 2134) in paragraph at lines 183--188
\OT1/ptm/m/sl/10.95 of Ra-di-ol-ogy De-part-ment, Uni-ver-sity of
 []


Underfull \hbox (badness 10000) in paragraph at lines 183--188
\OT1/ptm/m/n/10.95 Automated seg-men-ta-tion of anatom-i-cal
 []

) [33]
\openout2 = `stamerjohanns.aux'.

 (./stamerjohanns.tex

Package pdftex.def Warning: Option `bb' does not make sense,
(pdftex.def)                using `viewport' instead on input line 43.

<stamerjohanns-fig1.pdf, id=719, 597.23125pt x 845.1575pt>
File: stamerjohanns-fig1.pdf Graphic file (type pdf)

<use stamerjohanns-fig1.pdf>
Underfull \hbox (badness 1412) in paragraph at lines 49--53
\OT1/ptm/m/n/10.95 zw-erk-in-for-ma-tion (DINI) Work-ing Groups \OT1/ptm/m/sl/1
0.95 E-
 []


Underfull \hbox (badness 1178) in paragraph at lines 60--63
\OT1/ptm/m/n/10.95 Dynamic pub-lish-ing of SMP Epi-ge-net-ics
 []

) [34


 <./stamerjohanns-fig1.pdf>]
\openout2 = `Microelectronics.aux'.

 (./Microelectronics.tex
Underfull \hbox (badness 1533) in paragraph at lines 2--2
[]\OT1/ptm/b/n/12 Microelectronic De-vices and Tech-
 []

) [35



]
\openout2 = `knipp.aux'.

 (./knipp.tex
Underfull \hbox (badness 1910) in paragraph at lines 5--6
\OT1/ptm/m/n/10.95 Yoong Chan, Chris-tian Haase (ex-ter-nal PhD
 []


Underfull \hbox (badness 10000) in paragraph at lines 5--6

 []

Missing character: There is no ’ in font ptmr7t!
<profknipp-figinfo.pdf, id=745, 794.97pt x 614.295pt>
File: profknipp-figinfo.pdf Graphic file (type pdf)

<use profknipp-figinfo.pdf>
Missing character: There is no ü in font ptmr7t!
 [36


 <./profknipp-figinfo.pdf, page is rotated 90 degrees>]
Missing character: There is no ü in font ptmro7t!
Missing character: There is no ö in font ptmr7t!
Missing character: There is no ü in font ptmr7t!
Missing character: There is no ö in font ptmr7t!
) [37

]
\openout2 = `bergholz.aux'.

 (./bergholz.tex
Underfull \hbox (badness 10000) in paragraph at lines 6--7

 []

<switching.pdf, id=788, 559.08875pt x 337.26pt>
File: switching.pdf Graphic file (type pdf)
 <use switching.pdf>
<leakage.pdf, id=789, 606.265pt x 357.335pt>
File: leakage.pdf Graphic file (type pdf)
 <use leakage.pdf>
Missing character: There is no ® in font ptmr7t!
 [38


 <./switching.pdf>]
Underfull \hbox (badness 4899) in paragraph at lines 131--132
[]\OT1/ptm/m/n/10.95 Karel Ur-banek Award for In-ter-na-tional
 []

) [39

 <./leakage.pdf>] (./report.bbl
Underfull \hbox (badness 2229) in paragraph at lines 5--10
[]\OT1/ptm/m/n/10.95 M Af-gani and H Haas.  Vis-
 []


Underfull \hbox (badness 5077) in paragraph at lines 5--10
\OT1/ptm/m/n/10.95 i-ble light com-mu-ni-ca-tion us-ing
 []


Underfull \hbox (badness 2970) in paragraph at lines 5--10
\OT1/ptm/m/n/10.95 ofdm.  In \OT1/ptm/m/it/10.95 Pro-ceed-ings of the
 []


Underfull \hbox (badness 1226) in paragraph at lines 5--10
\OT1/ptm/m/it/10.95 2nd In-ter-na-tional Con-fer-ence on
 []


Underfull \hbox (badness 1097) in paragraph at lines 5--10
\OT1/ptm/m/it/10.95 works and Com-mu-ni-ties (Tri-dent
 []


Underfull \hbox (badness 1424) in paragraph at lines 5--10
\OT1/ptm/m/it/10.95 2006)\OT1/ptm/m/n/10.95 , Barcelona, Spain, March
 []


Underfull \hbox (badness 1281) in paragraph at lines 12--18
\OT1/ptm/m/n/10.95 John Rod-dick et al, ed-i-tor, \OT1/ptm/m/it/10.95 Ad-
 []


Underfull \hbox (badness 1184) in paragraph at lines 12--18
\OT1/ptm/m/it/10.95 for Ge-o-graphic In-for-ma-tion Sys-
 []


Underfull \hbox (badness 4454) in paragraph at lines 30--33
\OT1/ptm/m/n/10.95 Brown, and Michael Kohlhase.
 []


Underfull \hbox (badness 10000) in paragraph at lines 30--33
\OT1/ptm/m/n/10.95 Cut-simulation in im-pred-ica-tive
 []


Underfull \hbox (badness 1478) in paragraph at lines 58--65
[]\OT1/ptm/m/n/10.95 Andreas Birk and Cos-min Con-
 []


Underfull \hbox (badness 1616) in paragraph at lines 58--65
\OT1/ptm/m/n/10.95 dea.  Mo-bile Robot Com-mu-ni-
 []


Underfull \hbox (badness 1019) in paragraph at lines 58--65
\OT1/ptm/m/n/10.95 Wire-less Net-work-ing.  In It-suki
 []


Underfull \hbox (badness 7030) in paragraph at lines 67--74
[]\OT1/ptm/m/n/10.95 Andreas Birk, Ste-fano Carpin,
 []


Underfull \hbox (badness 2126) in paragraph at lines 67--74
\OT1/ptm/m/n/10.95 Winai Chon-na-para-mutt, Vik-toras
 []


Underfull \hbox (badness 10000) in paragraph at lines 67--74
\OT1/ptm/m/n/10.95 Ju-cikas, Hamed Bas-tani, Ivan
 []


Underfull \hbox (badness 2512) in paragraph at lines 67--74
\OT1/ptm/m/n/10.95 Pfeil.  The IUB 2005 Res-cue
 []


Underfull \hbox (badness 2181) in paragraph at lines 67--74
\OT1/ptm/m/n/10.95 Robot Team.  In It-suki Noda,
 []


Underfull \hbox (badness 1092) in paragraph at lines 67--74
\OT1/ptm/m/n/10.95 and Ya-su-take Taka-hashi, ed-i-tors,
 []


Underfull \hbox (badness 4328) in paragraph at lines 67--74
\OT1/ptm/m/it/10.95 RoboCup 2005: Robot Soc-cer
 []


Underfull \hbox (badness 10000) in paragraph at lines 67--74
\OT1/ptm/m/n/10.95 Ar-ti-fi-cial In-tel-li-gence (LNAI).
 []


Underfull \hbox (badness 1748) in paragraph at lines 88--92
\OT1/ptm/m/n/10.95 tonomous Res-cue Op-er-a-tions on
 []

[40

]
Underfull \hbox (badness 1642) in paragraph at lines 102--107
[]\OT1/ptm/m/n/10.95 Andreas Birk, Kausthub Pathak,
 []


Underfull \hbox (badness 1635) in paragraph at lines 102--107
\OT1/ptm/m/n/10.95 So-eren Schw-ert-feger, and Winai
 []


Underfull \hbox (badness 10000) in paragraph at lines 115--120
[]\OT1/ptm/m/n/10.95 S. Bal-akirsky, C. Scrap-per,
 []


Underfull \hbox (badness 2376) in paragraph at lines 115--120
\OT1/ptm/m/it/10.95 Pro-ceed-ings of the Per-for-mance
 []


Underfull \hbox (badness 7522) in paragraph at lines 115--120
\OT1/ptm/m/it/10.95 Met-rics for In-tel-li-gent Sys-tems
 []


Underfull \hbox (badness 5696) in paragraph at lines 128--132
[]\OT1/ptm/m/n/10.95 S. Carpin.  Al-go-rith-mic mo-
 []


Underfull \hbox (badness 7030) in paragraph at lines 140--145
[]\OT1/ptm/m/n/10.95 Stefano Carpin, An-dreas Birk,
 []


Underfull \hbox (badness 3780) in paragraph at lines 140--145
\OT1/ptm/m/n/10.95 Michael Lewis, and Adam Ja-
 []


Underfull \hbox (badness 2521) in paragraph at lines 147--152
[]\OT1/ptm/m/n/10.95 Winai Chon-na-para-mutt and An-
 []


Underfull \hbox (badness 1661) in paragraph at lines 154--158
[]\OT1/ptm/m/n/10.95 S. Carpin, M. Lewis, J. Wang,
 []


Underfull \hbox (badness 2486) in paragraph at lines 154--158
\OT1/ptm/m/n/10.95 S. Bal-akirski, and C. Scrap-per.
 []


Underfull \hbox (badness 2486) in paragraph at lines 179--184
\OT1/ptm/m/n/10.95 tems".  In \OT1/ptm/m/it/10.95 Pro-ceed-ings of In-
 []


Underfull \hbox (badness 1147) in paragraph at lines 179--184
\OT1/ptm/m/it/10.95 ter-na-tional Wire-less Com-mu-ni-ca-
 []

[41]
Underfull \hbox (badness 1661) in paragraph at lines 186--190
[]\OT1/ptm/m/n/10.95 S. Carpin, J. Wang, M. Lewis,
 []


Underfull \hbox (badness 3271) in paragraph at lines 192--196
\OT1/ptm/m/n/10.95 Vec-tor-iza-tion of Grid Maps by
 []


Underfull \hbox (badness 1406) in paragraph at lines 192--196
\OT1/ptm/m/n/10.95 an Evo-lu-tion-ary Al-go-rithm.  In
 []


Underfull \hbox (badness 2393) in paragraph at lines 198--202
[]\OT1/ptm/m/n/10.95 Y. Diao, A. Keller, S. Parekh,
 []


Underfull \hbox (badness 4060) in paragraph at lines 198--202
\OT1/ptm/m/it/10.95 IFIP/IEEE In-ter-na-tional Sym-po-
 []


Underfull \hbox (badness 3579) in paragraph at lines 204--209
\OT1/ptm/m/n/10.95 Lars Lin-sen, and Lawrence R.
 []


Underfull \hbox (badness 10000) in paragraph at lines 211--215
[]\OT1/ptm/m/n/10.95 E Foutekova, P Agyapong,
 []


Underfull \hbox (badness 8189) in paragraph at lines 211--215
\OT1/ptm/m/n/10.95 TDD-CDMA Net-works".  In
 []


Underfull \hbox (badness 1701) in paragraph at lines 211--215
\OT1/ptm/m/it/10.95 Pro-ceed-ings of the In-ter-na-tional
 []


Underfull \hbox (badness 10000) in paragraph at lines 211--215
\OT1/ptm/m/it/10.95 Ve-hic-u-lar Tech-nol-ogy Con-fer-
 []


Underfull \hbox (badness 1810) in paragraph at lines 211--215
\OT1/ptm/m/n/10.95 Canada, Septem-ber 25-28 2006.
 []


Underfull \hbox (badness 7256) in paragraph at lines 217--222
\OT1/ptm/m/n/10.95 Em-ploy-ing Ran-dom Time Slot
 []


Underfull \hbox (badness 2253) in paragraph at lines 217--222
\OT1/ptm/m/it/10.95 nol-ogy Con-fer-ence (VTC) 2006-
 []


Underfull \hbox (badness 1742) in paragraph at lines 224--230
\OT1/ptm/m/it/10.95 po-sium on Turbo Codes & Re-
 []


Underfull \hbox (badness 1776) in paragraph at lines 224--230
\OT1/ptm/m/it/10.95 on Source and Chan-nel Cod-ing
 []


Underfull \hbox (badness 10000) in paragraph at lines 232--235
[]\OT1/ptm/m/n/10.95 Christian Freksa, Michael
 []


Underfull \hbox (badness 10000) in paragraph at lines 232--235
\OT1/ptm/m/n/10.95 Kohlhase, and Ker-stin Schill,
 []


Underfull \hbox (badness 10000) in paragraph at lines 237--240
[]\OT1/ptm/m/n/10.95 Ulrich Fur-bach and Natara-jan
 []


Underfull \hbox (badness 1320) in paragraph at lines 242--245
[]\OT1/ptm/m/n/10.95 S. Gugercin and A.C. An-toulas.
 []


Underfull \hbox (badness 1661) in paragraph at lines 247--251
\OT1/ptm/m/n/10.95 "On the Per-for-mance of Spa-tial
 []

[42]
Underfull \hbox (badness 5893) in paragraph at lines 276--281
\OT1/ptm/m/n/10.95 tems, ob-serv-ables, and ex-per-i-
 []


Underfull \hbox (badness 4378) in paragraph at lines 276--281
\OT1/ptm/m/n/10.95 ments.  In Jon Bor-wein and
 []


Underfull \hbox (badness 10000) in paragraph at lines 283--287
[]\OT1/ptm/m/n/10.95 Harald Haas and Stephen
 []


Underfull \hbox (badness 10000) in paragraph at lines 283--287
\OT1/ptm/m/n/10.95 McLaugh-lin, ed-i-tors.  \OT1/ptm/m/it/10.95 "Next
 []


Underfull \hbox (badness 1565) in paragraph at lines 283--287
\OT1/ptm/m/it/10.95 Gen-er-a-tion Mo-bile Ac-cess Tech-
 []


Underfull \hbox (badness 4181) in paragraph at lines 283--287
\OT1/ptm/m/it/10.95 nolo-gies: Im-ple-ment-ing TDD"\OT1/ptm/m/n/10.95 .
 []


Underfull \hbox (badness 10000) in paragraph at lines 283--287
\OT1/ptm/m/n/10.95 Cam-bridge Uni-ver-sity Press,
 []


Underfull \hbox (badness 1838) in paragraph at lines 295--300
[]\OT1/ptm/m/n/10.95 M. Har-van and J. Sch[]onw[]alder.
 []


Underfull \hbox (badness 2080) in paragraph at lines 295--300
\OT1/ptm/m/n/10.95 tion.  In \OT1/ptm/m/it/10.95 10th IEEE/IFIP Net-
 []


Underfull \hbox (badness 10000) in paragraph at lines 302--305
[]\OT1/ptm/m/n/10.95 Tetsuo Ida, Jacques Cal-met,
 []


Underfull \hbox (badness 10000) in paragraph at lines 302--305
\OT1/ptm/m/n/10.95 and Dong-ming Wang, ed-i-tors.
 []


Underfull \hbox (badness 2875) in paragraph at lines 302--305
\OT1/ptm/m/it/10.95 Pro-ceed-ings of Ar-ti-fi-cial In-tel-li-
 []


Underfull \hbox (badness 5548) in paragraph at lines 307--308
[]\OT1/ptm/m/n/10.95 Z[]urich, Switzer-land, April 4-7
 []


Underfull \hbox (badness 1565) in paragraph at lines 310--314
\OT1/ptm/m/n/10.95 lin-early grow-ing echo state net-
 []


Underfull \hbox (badness 2990) in paragraph at lines 310--314
\OT1/ptm/m/n/10.95 In-ter-na-tional Uni-ver-sity Bre-men,
 []


Underfull \hbox (badness 2617) in paragraph at lines 316--321
\OT1/ptm/m/it/10.95 Com-mu-ni-ca-tions (PIMRC 2006)\OT1/ptm/m/n/10.95 ,
 []


Underfull \hbox (badness 10000) in paragraph at lines 323--326
[]\OT1/ptm/m/n/10.95 H. Jaeger, M. Luko[]sevi[]cius,
 []


Underfull \hbox (badness 5431) in paragraph at lines 335--341
[]\OT1/ptm/m/n/10.95 Andrea Kohlhase.  Me-dia or
 []


Underfull \hbox (badness 4217) in paragraph at lines 335--341
\OT1/ptm/m/n/10.95 Medea So-ci-ety? Learner and
 []


Underfull \hbox (badness 10000) in paragraph at lines 335--341
\OT1/ptm/m/n/10.95 Learn-ing Tech-nol-ogy as Full
 []


Underfull \hbox (badness 1237) in paragraph at lines 335--341
\OT1/ptm/m/n/10.95 Part-ners.  In Bun-dit Thipakorn,
 []


Underfull \hbox (badness 3735) in paragraph at lines 335--341
\OT1/ptm/m/n/10.95 ed-i-tor, \OT1/ptm/m/it/10.95 ICDML2006\OT1/ptm/m/n/10.95 , 
vol-ume 1,
 []


Underfull \hbox (badness 1968) in paragraph at lines 335--341
\OT1/ptm/m/n/10.95 pages 6--12. Tana Press, March
 []


Underfull \hbox (badness 10000) in paragraph at lines 335--341
\OT1/ptm/m/n/10.95 2006.  Bangkok (Thai-land),
 []


Underfull \hbox (badness 2027) in paragraph at lines 343--350
\OT1/ptm/m/n/10.95 Dis-solve.  In Mar-tin Mem-mel,
 []


Underfull \hbox (badness 10000) in paragraph at lines 343--350
\OT1/pcr/m/n/10.95 projects / ectel06 / pdfs /
 []

[43]
Underfull \hbox (badness 10000) in paragraph at lines 352--358
\OT1/ptm/m/n/10.95 er-Point be-came em-Pow-er-Point
 []


Underfull \hbox (badness 10000) in paragraph at lines 352--358
\OT1/ptm/m/it/10.95 Ed-u-ca-tion, 17th In-ter-na-tional
 []


Underfull \hbox (badness 10000) in paragraph at lines 352--358
\OT1/ptm/m/it/10.95 Con-fer-ence SITE 2006\OT1/ptm/m/n/10.95 , pages
 []


Underfull \hbox (badness 1442) in paragraph at lines 352--358
\OT1/ptm/m/n/10.95 2934--2939. SITE, AACE, 2006.
 []


Underfull \hbox (badness 1264) in paragraph at lines 360--364
[]\OT1/ptm/m/n/10.95 Michael Kohlhase.  \OT1/ptm/m/sc/10.95 OM-Doc \OT1/ptm/m/i
t/10.95 --
 []


Underfull \hbox (badness 2846) in paragraph at lines 366--370
[]\OT1/ptm/m/n/10.95 F. Krah-mer, G.E. Pfan-der, and
 []


Underfull \hbox (badness 3471) in paragraph at lines 377--382
[]\OT1/ptm/m/n/10.95 Pravesh Ku-mar, Di-et-rich Wein-
 []


Underfull \hbox (badness 2443) in paragraph at lines 377--382
\OT1/ptm/m/n/10.95 mann, Uwe Pagel, and Werner
 []


Underfull \hbox (badness 2573) in paragraph at lines 389--394
\OT1/ptm/m/n/10.95 Ken-neth I. Joy.  Wavelets for
 []


Underfull \hbox (badness 10000) in paragraph at lines 396--402
[]\OT1/ptm/m/n/10.95 Christoph Lange and Michael
 []


Underfull \hbox (badness 10000) in paragraph at lines 396--402
\OT1/ptm/m/n/10.95 Schaf-fert, and Ste-fan Decker,
 []


Underfull \hbox (badness 3302) in paragraph at lines 396--402
\OT1/ptm/m/n/10.95 ed-i-tors, \OT1/ptm/m/it/10.95 Pro-ceed-ings of the 1st
 []


Underfull \hbox (badness 10000) in paragraph at lines 396--402
\OT1/ptm/m/it/10.95 Work-shop on Se-man-tic Wikis,
 []


Underfull \hbox (badness 1264) in paragraph at lines 396--402
\OT1/ptm/m/it/10.95 Eu-ro-pean Se-man-tic Web Con-fer-
 []


Underfull \hbox (badness 10000) in paragraph at lines 396--402
\OT1/ptm/m/it/10.95 Work-shop Pro-ceed-ings\OT1/ptm/m/n/10.95 , Budva,
 []


Underfull \hbox (badness 10000) in paragraph at lines 404--408
[]\OT1/ptm/m/n/10.95 Christoph Lange and Michael
 []


Underfull \hbox (badness 3460) in paragraph at lines 404--408
\OT1/ptm/m/it/10.95 -- An open markup for-mat for
 []


Underfull \hbox (badness 4872) in paragraph at lines 410--415
[]\OT1/ptm/m/n/10.95 Lars Lin-sen, Ju-lia L[]ocherbach,
 []


Underfull \hbox (badness 2707) in paragraph at lines 410--415
\OT1/ptm/m/n/10.95 Matthias Berth, J[]org Bern-hardt,
 []


Underfull \hbox (badness 4940) in paragraph at lines 410--415
\OT1/ptm/m/it/10.95 Com-puter Graph-ics\OT1/ptm/m/n/10.95 , 12(4):497--
 []


Underfull \hbox (badness 6284) in paragraph at lines 417--420
[]\OT1/ptm/m/n/10.95 M. Luko[]sevi[]cius, D. Popovici,
 []


Underfull \hbox (badness 2990) in paragraph at lines 417--420
\OT1/ptm/m/n/10.95 In-ter-na-tional Uni-ver-sity Bre-men,
 []


Underfull \hbox (badness 1688) in paragraph at lines 422--426
[]\OT1/ptm/m/n/10.95 R Mesleh, H Haas, C C Ahn,
 []


Underfull \hbox (badness 1946) in paragraph at lines 422--426
\OT1/ptm/m/n/10.95 and S Yun.  "Spa-tial Mod-u-la-
 []


Underfull \hbox (badness 1184) in paragraph at lines 435--439
[]\OT1/ptm/m/n/10.95 V. Mari-nov and J. Sch[]onw[]alder.
 []


Underfull \hbox (badness 2012) in paragraph at lines 435--439
\OT1/ptm/m/n/10.95 Per-for-mance Anal-y-sis of SNMP
 []


Underfull \hbox (badness 5050) in paragraph at lines 435--439
\OT1/ptm/m/n/10.95 over SSH.  In \OT1/ptm/m/it/10.95 Proc. DSOM
 []


Underfull \hbox (badness 1132) in paragraph at lines 441--445
[]\OT1/ptm/m/n/10.95 Normen M[]uller.  An Ontology-
 []

[44]
Underfull \hbox (badness 1472) in paragraph at lines 447--452
[]\OT1/ptm/m/n/10.95 Normen M[]uller.  OM-Doc as a
 []


Underfull \hbox (badness 1024) in paragraph at lines 447--452
\OT1/ptm/m/sc/10.95 Doc \OT1/ptm/m/it/10.95 -- An open markup for-mat
 []


Underfull \hbox (badness 1360) in paragraph at lines 454--457
[]\OT1/ptm/m/n/10.95 Immanuel Nor-mann.  En-hanced
 []


Underfull \hbox (badness 1742) in paragraph at lines 467--471
[]\OT1/ptm/m/n/10.95 Sung Park, Lars Lin-sen, Oliver
 []


Underfull \hbox (badness 4531) in paragraph at lines 467--471
\OT1/ptm/m/n/10.95 Krey-los, John D. Owens, and
 []


Underfull \hbox (badness 5245) in paragraph at lines 467--471
\OT1/ptm/m/it/10.95 on Vi-su-al-iza-tion and Com-puter
 []


Underfull \hbox (badness 10000) in paragraph at lines 479--484
[]\OT1/ptm/m/n/10.95 DINI Ar-beits-gruppe Elek-tro-n-is-
 []


Underfull \hbox (badness 10000) in paragraph at lines 479--484
\OT1/ptm/m/it/10.95 Pub-lizieren an Hochschulen.
 []


Underfull \hbox (badness 1259) in paragraph at lines 479--484
\OT1/ptm/m/it/10.95 DINI-Zertifikat Dokumenten- und
 []


Underfull \hbox (badness 6396) in paragraph at lines 479--484
\OT1/ptm/m/it/10.95 Pub-lika-tion-sser-vice\OT1/ptm/m/n/10.95 .  Deutsche
 []


Underfull \hbox (badness 10000) in paragraph at lines 479--484
\OT1/ptm/m/n/10.95 http://edoc.hu-berlin.de/series/dini-
 []


Underfull \hbox (badness 4832) in paragraph at lines 486--489
\OT1/ptm/m/n/10.95 sure-ment of time--variant chan-
 []


Underfull \hbox (badness 3989) in paragraph at lines 496--502
\OT1/ptm/m/n/10.95 Hotz, Lars Lin-sen, and Bernd
 []


Underfull \hbox (badness 1163) in paragraph at lines 496--502
\OT1/ptm/m/n/10.95 Hamann.  Structure-accentuating
 []


Underfull \hbox (badness 2269) in paragraph at lines 496--502
\OT1/ptm/m/n/10.95 riz Sousa San-tos, Thomas Ertl,
 []


Underfull \hbox (badness 2393) in paragraph at lines 496--502
\OT1/ptm/m/it/10.95 VGTC Sym-po-sium on Vi-su-al-iza-
 []


Underfull \hbox (badness 1478) in paragraph at lines 496--502
\OT1/ptm/m/it/10.95 tion)\OT1/ptm/m/n/10.95 , pages 163--170,369. Eu-ro-
 []


Underfull \hbox (badness 2229) in paragraph at lines 509--516
\OT1/ptm/m/it/10.95 cess-ful Com-put-er-ized Rea-son-ing,
 []


Underfull \hbox (badness 1831) in paragraph at lines 518--524
\OT1/ptm/m/n/10.95 Com-mu-nica-tive Ex-plo-ration with
 []


Underfull \hbox (badness 1917) in paragraph at lines 518--524
\OT1/ptm/m/n/10.95 Robot Packs.  In It-suki Noda,
 []


Underfull \hbox (badness 1092) in paragraph at lines 518--524
\OT1/ptm/m/n/10.95 and Ya-su-take Taka-hashi, ed-i-tors,
 []


Underfull \hbox (badness 4328) in paragraph at lines 518--524
\OT1/ptm/m/it/10.95 RoboCup 2005: Robot Soc-cer
 []


Underfull \hbox (badness 1430) in paragraph at lines 526--530
[]\OT1/ptm/m/n/10.95 Martijn N. Rooker and An-dreas
 []

[45]
Underfull \hbox (badness 2269) in paragraph at lines 532--538
\OT1/ptm/m/n/10.95 riz Sousa San-tos, Thomas Ertl,
 []


Underfull \hbox (badness 2393) in paragraph at lines 532--538
\OT1/ptm/m/it/10.95 VGTC Sym-po-sium on Vi-su-al-iza-
 []


Underfull \hbox (badness 4205) in paragraph at lines 532--538
\OT1/ptm/m/it/10.95 tion)\OT1/ptm/m/n/10.95 , pages 99--106,367. Eu-ro-
 []


Underfull \hbox (badness 5548) in paragraph at lines 546--549
[]\OT1/ptm/m/n/10.95 L. Sas-satelli, W. Henkel, and
 []


Underfull \hbox (badness 1342) in paragraph at lines 556--562
\OT1/ptm/m/n/10.95 tion.  In J. Braz, J.A.P. Jorge,
 []


Underfull \hbox (badness 2435) in paragraph at lines 556--562
\OT1/ptm/m/n/10.95 M. Diaz, and A. Mar-cos, ed-i-
 []


Underfull \hbox (badness 1755) in paragraph at lines 564--574
\OT1/ptm/m/n/10.95 In-ter-na-tional So-ci-ety for Op-ti-cal
 []


Underfull \hbox (badness 1910) in paragraph at lines 584--587
\OT1/ptm/m/n/10.95 codes.  In \OT1/ptm/m/it/10.95 ITG-Fachgruppe, 7.
 []


Underfull \hbox (badness 5504) in paragraph at lines 595--599
[]\OT1/ptm/m/n/10.95 H Venkatara-man and H Haas.
 []


Underfull \hbox (badness 1270) in paragraph at lines 595--599
\OT1/ptm/m/n/10.95 Hy-brid Cel-lu-lar Net-works".  In
 []


Underfull \hbox (badness 1424) in paragraph at lines 601--609
[]\OT1/ptm/m/n/10.95 Fabien Vivodtzev, David F. Wi-
 []


Underfull \hbox (badness 2932) in paragraph at lines 601--609
\OT1/ptm/m/n/10.95 ley, Lars Lin-sen, James Jones,
 []


Underfull \hbox (badness 6364) in paragraph at lines 601--609
\OT1/ptm/m/n/10.95 Nina Amenta, Bernd Hamann,
 []


Underfull \hbox (badness 1057) in paragraph at lines 601--609
\OT1/ptm/m/n/10.95 Robert F. Er-bacher, Jonathan C.
 []


Underfull \hbox (badness 4595) in paragraph at lines 601--609
\OT1/ptm/m/n/10.95 Gr[]ohn, ed-i-tors, \OT1/ptm/m/it/10.95 Pro-ceed-ings of
 []


Underfull \hbox (badness 1502) in paragraph at lines 601--609
\OT1/ptm/m/it/10.95 Con-fer-ence on Vi-su-al-iza-tion and
 []


Underfull \hbox (badness 1400) in paragraph at lines 601--609
\OT1/ptm/m/n/10.95 ume 6060. SPIE - The In-ter-na-
 []


Underfull \hbox (badness 1189) in paragraph at lines 611--616
\OT1/ptm/m/it/10.95 Ve-hic-u-lar Tech-nol-ogy Con-fer-ence
 []

[46]
Underfull \hbox (badness 2237) in paragraph at lines 618--622
\OT1/ptm/m/n/10.95 varying MIMO chan-nels: mea-
 []


Underfull \hbox (badness 2689) in paragraph at lines 618--622
\OT1/ptm/m/it/10.95 IEEE Trans-ac-tions on An-ten-nas
 []


Underfull \hbox (badness 1655) in paragraph at lines 618--622
\OT1/ptm/m/it/10.95 and Prop-a-ga-tion\OT1/ptm/m/n/10.95 , 54:3265--3273,
 []


Underfull \hbox (badness 4940) in paragraph at lines 624--629
[]\OT1/ptm/m/n/10.95 J. Wal-lace, T. Shawcroft, and
 []

) [47

] (./report.aux (./ITintro.aux) (./ComNet.aux) (./haas.aux) (./henkel.aux) (./s
choenwaelder.aux) (./Jaeger_2006.aux) (./pfander.aux) (./wallace.aux)
(./Robotics.aux) (./birk.aux) (./carpin.aux) (./Knowledge.aux) (./kohlhase.aux)
(./antoulas.aux) (./baumann.aux) (./linsen2006.aux) (./stamerjohanns.aux)
(./Microelectronics.aux) (./knipp.aux) (./bergholz.aux))

LaTeX Warning: There were undefined references.


LaTeX Warning: There were multiply-defined labels.

 ) 
Here is how much of TeX's memory you used:
 4889 strings out of 94500
 65534 string characters out of 1176114
 127610 words of memory out of 1000000
 7391 multiletter control sequences out of 10000+50000
 34455 words of font info for 81 fonts, out of 500000 for 2000
 580 hyphenation exceptions out of 1000
 28i,8n,38p,1213b,389s stack positions out of 1500i,500n,5000p,200000b,5000s
PDF statistics:
 941 PDF objects out of 300000
 410 named destinations out of 131072
 364 words of extra memory for PDF output out of 65536
</sw/share/texmf-dist/fonts/type1/bluesky/cm/cmr6.pfb></sw/share/texmf-dist/f
onts/type1/bluesky/cm/cmsy8.pfb></sw/share/texmf-dist/fonts/type1/bluesky/cm/cm
r10.pfb></sw/share/texmf-dist/fonts/type1/bluesky/cm/cmsy10.pfb></sw/share/texm
f-dist/fonts/type1/bluesky/cm/cmss12.pfb></sw/share/texmf-dist/fonts/type1/blue
sky/cm/cmmi8.pfb></sw/share/texmf-dist/fonts/type1/bluesky/cm/cmmi10.pfb></sw/s
hare/texmf-dist/fonts/type1/bluesky/cm/cmr8.pfb>{/sw/share/texmf-dist/fonts/enc
/dvips/psnfss/8r.enc}</sw/share/texmf-dist/fonts/type1/urw/courier/ucrro8a.pfb>
</sw/share/texmf-dist/fonts/type1/urw/times/utmr8a.pfb></sw/share/texmf-dist/fo
nts/type1/urw/times/utmri8a.pfb></sw/share/texmf-dist/fonts/type1/urw/courier/u
crr8a.pfb></sw/share/texmf-dist/fonts/type1/urw/times/utmb8a.pfb></sw/share/tex
mf-dist/fonts/type1/urw/times/utmr8a.pfb>
Output written on report.pdf (47 pages, 11891940 bytes).
