This is pdfTeX, Version 3.1415926-1.40.9 (MiKTeX 2.7) (preloaded format=pdflatex 2009.3.7)  9 MAR 2009 22:48
entering extended mode
**E:/download/LateX/JCLL-Report-Main.tex
(E:/download/LateX/JCLL-Report-Main.tex
LaTeX2e <2005/12/01>
Babel <v3.8l> and hyphenation patterns for english, dumylang, nohyphenation, german, ngerman, german-x-2008-06-18, ngerm
an-x-2008-06-18, french, loaded.
(E:\PROGRAME\MikTex\tex\latex\base\article.cls
Document Class: article 2005/09/16 v1.4f Standard LaTeX document class
(E:\PROGRAME\MikTex\tex\latex\base\size11.clo
File: size11.clo 2005/09/16 v1.4f Standard LaTeX file (size option)
)
\c@part=\count79
\c@section=\count80
\c@subsection=\count81
\c@subsubsection=\count82
\c@paragraph=\count83
\c@subparagraph=\count84
\c@figure=\count85
\c@table=\count86
\abovecaptionskip=\skip41
\belowcaptionskip=\skip42
\bibindent=\dimen102
) (E:\PROGRAME\MikTex\tex\latex\graphics\graphicx.sty
Package: graphicx 1999/02/16 v1.0f Enhanced LaTeX Graphics (DPC,SPQR)

(E:\PROGRAME\MikTex\tex\latex\graphics\keyval.sty
Package: keyval 1999/03/16 v1.13 key=value parser (DPC)
\KV@toks@=\toks14
) (E:\PROGRAME\MikTex\tex\latex\graphics\graphics.sty
Package: graphics 2006/02/20 v1.0o Standard LaTeX Graphics (DPC,SPQR)

(E:\PROGRAME\MikTex\tex\latex\graphics\trig.sty
Package: trig 1999/03/16 v1.09 sin cos tan (DPC)
) (E:\PROGRAME\MikTex\tex\latex\00miktex\graphics.cfg
File: graphics.cfg 2007/01/18 v1.5 graphics configuration of teTeX/TeXLive
)
Package graphics Info: Driver file: pdftex.def on input line 90.

(E:\PROGRAME\MikTex\tex\latex\pdftex-def\pdftex.def
File: pdftex.def 2008/09/08 v0.04l Graphics/color for pdfTeX
\Gread@gobject=\count87
))
\Gin@req@height=\dimen103
\Gin@req@width=\dimen104
) (parskip.sty) (E:\PROGRAME\MikTex\tex\latex\psnfss\times.sty
Package: times 2005/04/12 PSNFSS-v9.2a (SPQR) 
)
(E:\PROGRAME\MikTex\tex\latex\amsfonts\amsfonts.sty
Package: amsfonts 2001/10/25 v2.2f
\@emptytoks=\toks15
\symAMSa=\mathgroup4
\symAMSb=\mathgroup5
LaTeX Font Info:    Overwriting math alphabet `\mathfrak' in version `bold'
(Font)                  U/euf/m/n --> U/euf/b/n on input line 132.
) (E:\PROGRAME\MikTex\tex\latex\amsmath\amsmath.sty
Package: amsmath 2000/07/18 v2.13 AMS math features
\@mathmargin=\skip43

For additional information on amsmath, use the `?' option.
(E:\PROGRAME\MikTex\tex\latex\amsmath\amstext.sty
Package: amstext 2000/06/29 v2.01
 (E:\PROGRAME\MikTex\tex\latex\amsmath\amsgen.sty
File: amsgen.sty 1999/11/30 v2.0
\@emptytoks=\toks16
\ex@=\dimen105
))
(E:\PROGRAME\MikTex\tex\latex\amsmath\amsbsy.sty
Package: amsbsy 1999/11/29 v1.2d
\pmbraise@=\dimen106
) (E:\PROGRAME\MikTex\tex\latex\amsmath\amsopn.sty
Package: amsopn 1999/12/14 v2.01 operator names
)
\inf@bad=\count88
LaTeX Info: Redefining \frac on input line 211.
\uproot@=\count89
\leftroot@=\count90
LaTeX Info: Redefining \overline on input line 307.
\classnum@=\count91
\DOTSCASE@=\count92
LaTeX Info: Redefining \ldots on input line 379.
LaTeX Info: Redefining \dots on input line 382.
LaTeX Info: Redefining \cdots on input line 467.
\Mathstrutbox@=\box26
\strutbox@=\box27
\big@size=\dimen107
LaTeX Font Info:    Redeclaring font encoding OML on input line 567.
LaTeX Font Info:    Redeclaring font encoding OMS on input line 568.
\macc@depth=\count93
\c@MaxMatrixCols=\count94
\dotsspace@=\muskip10
\c@parentequation=\count95
\dspbrk@lvl=\count96
\tag@help=\toks17
\row@=\count97
\column@=\count98
\maxfields@=\count99
\andhelp@=\toks18
\eqnshift@=\dimen108
\alignsep@=\dimen109
\tagshift@=\dimen110
\tagwidth@=\dimen111
\totwidth@=\dimen112
\lineht@=\dimen113
\@envbody=\toks19
\multlinegap=\skip44
\multlinetaggap=\skip45
\mathdisplay@stack=\toks20
LaTeX Info: Redefining \[ on input line 2666.
LaTeX Info: Redefining \] on input line 2667.
)
(E:\PROGRAME\MikTex\tex\latex\graphics\epsfig.sty
Package: epsfig 1999/02/16 v1.7a (e)psfig emulation (SPQR)
\epsfxsize=\dimen114
\epsfysize=\dimen115
) (jacobs-research-report.sty

LaTeX Warning: You have requested package `jacobs-research-report',
               but the package provides `esc-handbook'.

Package: esc-handbook 2004/12/09 Marcel Oliver
(E:\PROGRAME\MikTex\tex\latex\graphics\color.sty
Package: color 2005/11/14 v1.0j Standard LaTeX Color (DPC)
 (E:\PROGRAME\MikTex\tex\latex\00miktex\color.cfg
File: color.cfg 2007/01/18 v1.5 color configuration of teTeX/TeXLive
)
Package color Info: Driver file: pdftex.def on input line 130.
) (html.sty
Package: html 1996/02/01 v1.0 hypertext commands for latex2html (nd, hs)
\c@lpart=\count100
\c@lchapter=\count101
\c@lsection=\count102
\c@lsubsection=\count103
\c@lsubsubsection=\count104
\c@lparagraph=\count105
\c@lsubparagraph=\count106
\c@lsubsubparagraph=\count107
\c@lequation=\count108
)
\hdrsep=\skip46
\hdrrule=\skip47
\fmbox=\box28
\adjustedtextwidth=\skip48
)
(eurosym.sty
Package: eurosym 1998/08/06 v1.1 European currency symbol ``Euro''
\@eurobox=\box29
) (natbib.sty
Package: natbib 2006/01/12 7.2 (PWD)
\bibhang=\skip49
\bibsep=\skip50
LaTeX Info: Redefining \cite on input line 541.
\c@NAT@ctr=\count109
) (E:\PROGRAME\MikTex\tex\latex\ntgclass\a4.sty
Package: a4 2004/04/15 v1.2g A4 based page layout
)
(E:\PROGRAME\MikTex\tex\latex\ltxmisc\a4wide.sty
Package: a4wide 1994/08/30
) (E:\PROGRAME\MikTex\tex\latex\base\inputenc.sty
Package: inputenc 2006/05/05 v1.1b Input encoding file
\inpenc@prehook=\toks21
\inpenc@posthook=\toks22

(E:\PROGRAME\MikTex\tex\latex\base\latin1.def
File: latin1.def 2006/05/05 v1.1b Input encoding file
)) (E:\PROGRAME\MikTex\tex\generic\babel\babel.sty
Package: babel 2008/07/06 v3.8l The Babel package

*************************************
* Local config file bblopts.cfg used
*
(E:\PROGRAME\MikTex\tex\latex\00miktex\bblopts.cfg
File: bblopts.cfg 2006/07/31 v1.0 MiKTeX 'babel' configuration
) (E:\PROGRAME\MikTex\tex\generic\babel\english.ldf
Language: english 2005/03/30 v3.3o English support from the babel system

(E:\PROGRAME\MikTex\tex\generic\babel\babel.def
File: babel.def 2008/07/06 v3.8l Babel common definitions
\babel@savecnt=\count110
\U@D=\dimen116
)
\l@canadian = a dialect from \language\l@american 
\l@australian = a dialect from \language\l@british 
\l@newzealand = a dialect from \language\l@british 
)) (E:\PROGRAME\MikTex\tex\latex\amsfonts\amssymb.sty
Package: amssymb 2002/01/22 v2.2d
) (bibunits.sty
Package: bibunits 2004/05/12 v2.4 Multiple bibliographies in one document.
\@bibunitaux=\write3
\@bibunitauxcnt=\count111
)
(E:\PROGRAME\MikTex\tex\latex\tools\longtable.sty
Package: longtable 2004/02/01 v4.11 Multi-page Table package (DPC)
\LTleft=\skip51
\LTright=\skip52
\LTpre=\skip53
\LTpost=\skip54
\LTchunksize=\count112
\LTcapwidth=\dimen117
\LT@head=\box30
\LT@firsthead=\box31
\LT@foot=\box32
\LT@lastfoot=\box33
\LT@cols=\count113
\LT@rows=\count114
\c@LT@tables=\count115
\c@LT@chunks=\count116
\LT@p@ftn=\toks23
) (bpchem.sty
Package: bpchem 2004/11/25 v1.06 Chemical input helper
 (E:\PROGRAME\MikTex\tex\latex\tools\xspace.sty
Package: xspace 2006/05/08 v1.12 Space after command names (DPC,MH)
)
\BPClensub=\skip55
\BPClensuper=\skip56
\BPCdelta=\skip57
LaTeX Info: Redefining \allowhyphens on input line 128.
LaTeX Info: Redefining \| on input line 148.
LaTeX Info: Redefining \- on input line 149.
\c@BPCno=\count117
\c@BPCnoa=\count118
Package bpchem Info: using default math greek fonts on input line 216.
)
(E:\PROGRAME\MikTex\tex\latex\hyperref\hyperref.sty
Package: hyperref 2008/11/18 v6.78m Hypertext links for LaTeX
 (E:\PROGRAME\MikTex\tex\generic\oberdiek\ifpdf.sty
Package: ifpdf 2007/12/12 v1.6 Provides the ifpdf switch (HO)
Package ifpdf Info: pdfTeX in pdf mode detected.
)
(E:\PROGRAME\MikTex\tex\generic\oberdiek\ifvtex.sty
Package: ifvtex 2008/11/04 v1.4 Switches for detecting VTeX and its modes (HO)
Package ifvtex Info: VTeX not detected.
) (E:\PROGRAME\MikTex\tex\generic\ifxetex\ifxetex.sty
Package: ifxetex 2008/09/18 v0.4 Provides ifxetex conditional
)
(E:\PROGRAME\MikTex\tex\latex\oberdiek\hycolor.sty
Package: hycolor 2008/09/08 v1.4 Code for color options of hyperref/bookmark (HO)
 (E:\PROGRAME\MikTex\tex\latex\oberdiek\xcolor-patch.sty
Package: xcolor-patch 2008/09/08 xcolor patch
))
\@linkdim=\dimen118
\Hy@linkcounter=\count119
\Hy@pagecounter=\count120

(E:\PROGRAME\MikTex\tex\latex\hyperref\pd1enc.def
File: pd1enc.def 2008/11/18 v6.78m Hyperref: PDFDocEncoding definition (HO)
) (E:\PROGRAME\MikTex\tex\generic\oberdiek\etexcmds.sty
Package: etexcmds 2007/12/12 v1.2 Prefix for e-TeX command names (HO)

(E:\PROGRAME\MikTex\tex\generic\oberdiek\infwarerr.sty
Package: infwarerr 2007/09/09 v1.2 Providing info/warning/message (HO)
)
Package etexcmds Info: Could not find \expanded.
(etexcmds)             That can mean that you are not using pdfTeX 1.50 or
(etexcmds)             that some package has redefined \expanded.
(etexcmds)             In the latter case, load this package earlier.
) (E:\PROGRAME\MikTex\tex\latex\00miktex\hyperref.cfg
File: hyperref.cfg 2002/06/06 v1.2 hyperref configuration of TeXLive
)
(E:\PROGRAME\MikTex\tex\latex\oberdiek\kvoptions.sty
Package: kvoptions 2007/10/18 v3.0 Keyval support for LaTeX options (HO)
)
Package hyperref Info: Option `hypertexnames' set `false' on input line 2796.
Package hyperref Info: Option `breaklinks' set `true' on input line 2796.
Package hyperref Info: Option `colorlinks' set `true' on input line 2796.
Package hyperref Info: Hyper figures OFF on input line 2907.
Package hyperref Info: Link nesting OFF on input line 2912.
Package hyperref Info: Hyper index ON on input line 2915.
Package hyperref Info: Plain pages OFF on input line 2922.
Package hyperref Info: Backreferencing OFF on input line 2927.

Implicit mode ON; LaTeX internals redefined
Package hyperref Info: Bookmarks ON on input line 3117.
(url.sty
Package: url 1999/03/02  ver 1.4  Verb mode for urls, email addresses, and file names
)
LaTeX Info: Redefining \url on input line 3351.
LaTeX Info: Redefining \hyperref on input line 3362.
 (E:\PROGRAME\MikTex\tex\generic\oberdiek\bitset.sty
Package: bitset 2007/09/28 v1.0 Data type bit set (HO)
 (E:\PROGRAME\MikTex\tex\generic\oberdiek\intcalc.sty
Package: intcalc 2007/09/27 v1.1 Expandable integer calculations (HO)
)
(E:\PROGRAME\MikTex\tex\generic\oberdiek\bigintcalc.sty
Package: bigintcalc 2007/11/11 v1.1 Expandable big integer calculations (HO)
 (E:\PROGRAME\MikTex\tex\generic\oberdiek\pdftexcmds.sty
Package: pdftexcmds 2007/12/12 v0.3 LuaTeX support for pdfTeX utility functions (HO)
Package pdftexcmds Info: LuaTeX not detected on input line 139.
)))
(E:\PROGRAME\MikTex\tex\generic\oberdiek\kvsetkeys.sty
Package: kvsetkeys 2007/09/29 v1.3 Key value parser with default handler support (HO)
)
\Fld@menulength=\count121
\Field@Width=\dimen119
\Fld@charsize=\dimen120
\Field@toks=\toks24
Package hyperref Info: Hyper figures OFF on input line 4268.
Package hyperref Info: Link nesting OFF on input line 4273.
Package hyperref Info: Hyper index ON on input line 4276.
Package hyperref Info: backreferencing OFF on input line 4283.
Package hyperref Info: Link coloring ON on input line 4286.
Package hyperref Info: Link coloring with OCG OFF on input line 4293.
Package hyperref Info: PDF/A mode OFF on input line 4298.
 (E:\PROGRAME\MikTex\tex\generic\oberdiek\atbegshi.sty
Package: atbegshi 2008/07/31 v1.9 At begin shipout hook (HO)
)
\Hy@abspage=\count122
\c@Item=\count123
\c@Hfootnote=\count124
)
*hyperref using driver hpdftex*
(E:\PROGRAME\MikTex\tex\latex\hyperref\hpdftex.def
File: hpdftex.def 2008/11/18 v6.78m Hyperref driver for pdfTeX
\Fld@listcount=\count125
) (E:\PROGRAME\MikTex\tex\latex\base\makeidx.sty
Package: makeidx 2000/03/29 v1.0m Standard LaTeX package
)
\@indexfile=\write4

Writing index file JCLL-Report-Main.idx
(E:\PROGRAME\MikTex\tex\latex\base\latexsym.sty
Package: latexsym 1998/08/17 v2.2e Standard LaTeX package (lasy symbols)
\symlasy=\mathgroup6
LaTeX Font Info:    Overwriting symbol font `lasy' in version `bold'
(Font)                  U/lasy/m/n --> U/lasy/b/n on input line 47.
) (JCLL-Report-Main.aux)
LaTeX Font Info:    Checking defaults for OML/cmm/m/it on input line 60.
LaTeX Font Info:    ... okay on input line 60.
LaTeX Font Info:    Checking defaults for T1/cmr/m/n on input line 60.
LaTeX Font Info:    ... okay on input line 60.
LaTeX Font Info:    Checking defaults for OT1/cmr/m/n on input line 60.
LaTeX Font Info:    ... okay on input line 60.
LaTeX Font Info:    Checking defaults for OMS/cmsy/m/n on input line 60.
LaTeX Font Info:    ... okay on input line 60.
LaTeX Font Info:    Checking defaults for OMX/cmex/m/n on input line 60.
LaTeX Font Info:    ... okay on input line 60.
LaTeX Font Info:    Checking defaults for U/cmr/m/n on input line 60.
LaTeX Font Info:    ... okay on input line 60.
LaTeX Font Info:    Checking defaults for PD1/pdf/m/n on input line 60.
LaTeX Font Info:    ... okay on input line 60.
LaTeX Font Info:    Try loading font information for OT1+ptm on input line 60.
 (E:\PROGRAME\MikTex\tex\latex\psnfss\ot1ptm.fd
File: ot1ptm.fd 2001/06/04 font definitions for OT1/ptm.
)
(E:\PROGRAME\MikTex\tex\context\base\supp-pdf.tex
[Loading MPS to PDF converter (version 2006.09.02).]
\scratchcounter=\count126
\scratchdimen=\dimen121
\scratchbox=\box34
\nofMPsegments=\count127
\nofMParguments=\count128
\everyMPshowfont=\toks25
\MPscratchCnt=\count129
\MPscratchDim=\dimen122
\MPnumerator=\count130
\everyMPtoPDFconversion=\toks26
)
Package hyperref Info: Link coloring ON on input line 60.
 (E:\PROGRAME\MikTex\tex\latex\hyperref\nameref.sty
Package: nameref 2007/05/29 v2.31 Cross-referencing by name of section
 (E:\PROGRAME\MikTex\tex\latex\oberdiek\refcount.sty
Package: refcount 2008/08/11 v3.1 Data extraction from references (HO)
)
\c@section@level=\count131
)
LaTeX Info: Redefining \ref on input line 60.
LaTeX Info: Redefining \pageref on input line 60.

(JCLL-Report-Main.out) (JCLL-Report-Main.out)
\@outlinefile=\write5
\AtBeginShipoutBox=\box35
LaTeX Font Info:    Font shape `OT1/ptm/bx/n' in size <14.4> not available
(Font)              Font shape `OT1/ptm/b/n' tried instead on input line 79.
 (JCLL-Report-Main.toc
LaTeX Font Info:    Font shape `OT1/ptm/bx/n' in size <10.95> not available
(Font)              Font shape `OT1/ptm/b/n' tried instead on input line 2.
LaTeX Font Info:    Try loading font information for U+msa on input line 4.
 (E:\PROGRAME\MikTex\tex\latex\amsfonts\umsa.fd
File: umsa.fd 2002/01/19 v2.2g AMS font definitions
)
LaTeX Font Info:    Try loading font information for U+msb on input line 4.

(E:\PROGRAME\MikTex\tex\latex\amsfonts\umsb.fd
File: umsb.fd 2002/01/19 v2.2g AMS font definitions
)
LaTeX Font Info:    Try loading font information for U+lasy on input line 4.
 (E:\PROGRAME\MikTex\tex\latex\base\ulasy.fd
File: ulasy.fd 1998/08/17 v2.2e LaTeX symbol font definitions
)
Overfull \hbox (4.6735pt too wide) has occurred while \output is active
[][][][] 
 []

[1{C:/Documents and Settings/All Users/Application Data/MiKTeX/2.7/pdftex/config/pdftex.map}


]
LaTeX Font Info:    Font shape `OT1/ptm/bx/it' in size <10.95> not available
(Font)              Font shape `OT1/ptm/b/it' tried instead on input line 101.
)
\tf@toc=\write6

Overfull \hbox (4.6735pt too wide) has occurred while \output is active
[][][][] 
 []

[2] (Intro.tex
Overfull \hbox (231.00037pt too wide) has occurred while \output is active
[][][][] 
 []


Underfull \hbox (badness 10000) has occurred while \output is active
[]
 []

[1


]) (Interdis.tex
LaTeX Font Info:    Font shape `OT1/ptm/bx/n' in size <12> not available
(Font)              Font shape `OT1/ptm/b/n' tried instead on input line 5.
 (Demopass.tex
Underfull \hbox (badness 2285) in paragraph at lines 4--5
\OT1/ptm/m/n/10.95 toral fel-low, Psy-chol-ogy), Brigitte Kudielka-
 []


Underfull \hbox (badness 1009) in paragraph at lines 4--5
\OT1/ptm/m/n/10.95 toral Fel-low, Psy-chol-ogy), Nico-las Feuer-hahn
 []


Underfull \hbox (badness 3009) in paragraph at lines 10--11
[]\OT1/ptm/m/n/10.95 Demographic change chal-lenges man-age-ment
 []

<fig1.jpg, id=286, 300.3722pt x 168.63pt>
File: fig1.jpg Graphic file (type jpg)
 <use fig1.jpg>
Overfull \hbox (84.04457pt too wide) in paragraph at lines 16--17
 [] 
 []


Overfull \hbox (231.00037pt too wide) has occurred while \output is active
[][][][] 
 []


Underfull \hbox (badness 10000) has occurred while \output is active
[]
 []

[2]
Overfull \hbox (231.00037pt too wide) has occurred while \output is active
[][][][] 
 []


Underfull \hbox (badness 10000) has occurred while \output is active
[]
 []

[3 <fig1.jpg>]
Underfull \hbox (badness 1087) in paragraph at lines 42--43
[]\OT1/ptm/m/n/10.95 Competency mod-els are widely used by Hu-
 []

) (Mobil.tex
Underfull \hbox (badness 1275) in paragraph at lines 4--5
\OT1/ptm/m/n/10.95 ci-ol-ogy), Ur-sula M. Staudinger (Pro-fes-sor of
 []


Underfull \hbox (badness 2318) in paragraph at lines 7--8
 \OT1/ptm/b/n/10.95 De-scrip-tion of the project[] \OT1/ptm/m/n/10.95 The ag-ing and
 []


Overfull \hbox (231.00037pt too wide) has occurred while \output is active
[][][][] 
 []


Underfull \hbox (badness 10000) has occurred while \output is active
[]
 []

[4]))
Overfull \hbox (231.00037pt too wide) has occurred while \output is active
[][][][] 
 []


Underfull \hbox (badness 10000) has occurred while \output is active
[]
 []

[5] (ResProj.tex
Underfull \hbox (badness 1803) in paragraph at lines 1--1
[]\OT1/ptm/b/n/14.4 Discipline - spe-cific Re-search
 []


Underfull \hbox (badness 3838) in paragraph at lines 4--4
[]\OT1/ptm/b/n/12 Neuroscience and Hu-man Per-for-
 []

(PlastDev.tex
Underfull \hbox (badness 1742) in paragraph at lines 1--1
[]\OT1/ptm/b/n/10.95 Contexts Fa-cil-i-tat-ing Adult De-vel-op-
 []


Underfull \hbox (badness 3138) in paragraph at lines 9--9
[]\OT1/ptm/b/n/10.95 Developmental Reg-u-la-tion and Self-
 []

<fig14.pdf, id=313, 401.50502pt x 199.2755pt>
File: fig14.pdf Graphic file (type pdf)
 <use fig14.pdf>
Overfull \hbox (4.9978pt too wide) in paragraph at lines 31--32
 [] 
 []

LaTeX Font Info:    Try loading font information for OMS+ptm on input line 40.
(E:\PROGRAME\MikTex\tex\latex\psnfss\omsptm.fd
File: omsptm.fd 
)
LaTeX Font Info:    Font shape `OMS/ptm/m/n' in size <10.95> not available
(Font)              Font shape `OMS/cmsy/m/n' tried instead on input line 40.

Overfull \hbox (231.00037pt too wide) has occurred while \output is active
[][][][] 
 []


Underfull \hbox (badness 10000) has occurred while \output is active
[]
 []

[6

 <fig14.pdf>]
Underfull \hbox (badness 1205) in paragraph at lines 44--45
[]\OT1/ptm/m/n/10.95 Jacobs Uni-ver-sity, JCLL ; Dr. Clau-dia
 []


Underfull \hbox (badness 2913) in paragraph at lines 60--61
[]\OT1/ptm/m/n/10.95 Berlin-Institut f[]ur Bev[]olkerung und En-
 []


Underfull \hbox (badness 3872) in paragraph at lines 61--62
[]\OT1/ptm/m/n/10.95 German Cen-ter for Geron-tol-ogy, DZA,
 []


Underfull \hbox (badness 1173) in paragraph at lines 63--64
[]\OT1/ptm/m/n/10.95 Joint Academy Net-work "Ag-ing in Ger-
 []

) (OrgBehav.tex
Overfull \hbox (231.00037pt too wide) has occurred while \output is active
[][][][] 
 []


Underfull \hbox (badness 10000) has occurred while \output is active
[]
 []

[7] <RR2008CSRImage.pdf, id=358, 845.1575pt x 600.2425pt>
File: RR2008CSRImage.pdf Graphic file (type pdf)
 <use RR2008CSRImage.pdf>
Overfull \hbox (4.9951pt too wide) in paragraph at lines 33--34
 [] 
 []


Overfull \hbox (231.00037pt too wide) has occurred while \output is active
[][][][] 
 []


Underfull \hbox (badness 10000) has occurred while \output is active
[]
 []

[8 <RR2008CSRImage.pdf>]
Underfull \hbox (badness 1365) in paragraph at lines 66--66
[]\OT1/ptm/b/n/10.95 Older Work-ers' Cog-ni-tive Re-sources
 []


Underfull \hbox (badness 5091) in paragraph at lines 73--74
 [] \OT1/ptm/m/n/10.95 Our re-search fo-cuses on the motivation-
 []


Overfull \hbox (231.00037pt too wide) has occurred while \output is active
[][][][] 
 []


Underfull \hbox (badness 10000) has occurred while \output is active
[]
 []

[9]
Underfull \hbox (badness 3838) in paragraph at lines 96--98
\OT1/ptm/m/it/10.95 Ad-hoc re-views: \OT1/ptm/m/n/10.95 Ap-plied Psy-chol-ogy: An
 []


Underfull \hbox (badness 10000) in paragraph at lines 96--98
\OT1/ptm/m/n/10.95 In-ter-na-tional Re-view, Eu-ro-pean Jour-nal of
 []


Underfull \hbox (badness 1817) in paragraph at lines 96--98
\OT1/ptm/m/n/10.95 Per-son-al-ity, Jour-nal of Be-havioural Sci-ences,
 []


Underfull \hbox (badness 10000) in paragraph at lines 96--98

 []


Underfull \hbox (badness 1043) in paragraph at lines 110--111
[]\OT1/ptm/m/n/10.95 Stamov Ro-nagel, C. (in press). Mo-ti-
 []


Underfull \hbox (badness 1009) in paragraph at lines 110--111
\OT1/ptm/m/n/10.95 K. Brauer & G. Ko-rge, ed-i-tor, \OT1/ptm/m/it/10.95 Per-spek-
 []


Underfull \hbox (badness 4518) in paragraph at lines 110--111
\OT1/ptm/m/it/10.95 tive 50plus? The-o-retis-che und Prak-
 []


Underfull \hbox (badness 7851) in paragraph at lines 110--111
\OT1/ptm/m/it/10.95 tis-che Ans[]atze zur re-gionalen Ar-beits-
 []


Underfull \hbox (badness 2088) in paragraph at lines 112--113
\OT1/ptm/m/n/10.95 ti-va-tion []uber die Lebenss-panne: Ak-tive
 []


Underfull \hbox (badness 2012) in paragraph at lines 114--115
[]\OT1/ptm/m/n/10.95 Stamov Ro-nagel, C. (in press). Was
 []


Underfull \hbox (badness 1337) in paragraph at lines 114--115
\OT1/ptm/m/it/10.95 ten\OT1/ptm/m/n/10.95 . Wies-baden: Ver-lag f[]ur Sozial-wis-
 []


Underfull \hbox (badness 2050) in paragraph at lines 118--119
[]\OT1/ptm/m/n/10.95 Stamov Ro-nagel, C. (2008). Mo-ti-va-
 []


Underfull \hbox (badness 2027) in paragraph at lines 118--119
\OT1/ptm/m/n/10.95 tion-sreg-u-la-tion []alterer Besch[]aftigter. In
 []


Underfull \hbox (badness 1354) in paragraph at lines 118--119
\OT1/ptm/m/n/10.95 K. Brauer & G. Ko-rge (Eds.), \OT1/ptm/m/it/10.95 Per-spek-
 []


Underfull \hbox (badness 4518) in paragraph at lines 118--119
\OT1/ptm/m/it/10.95 tive 50plus? The-o-retis-che und Prak-
 []


Underfull \hbox (badness 7851) in paragraph at lines 118--119
\OT1/ptm/m/it/10.95 tis-che Ans[]atze zur re-gionalen Ar-beits-
 []


Underfull \hbox (badness 1603) in paragraph at lines 122--123
[]\OT1/ptm/m/n/10.95 Stamov Ro-nagel, C., Pi-card, M.A., &
 []


Overfull \hbox (231.00037pt too wide) has occurred while \output is active
[][][][] 
 []


Underfull \hbox (badness 10000) has occurred while \output is active
[]
 []

[10]
Underfull \hbox (badness 10000) in paragraph at lines 128--129
[]\OT1/ptm/m/n/10.95 Ronagel, C. & Schulz, M. (2007).
 []


Underfull \hbox (badness 10000) in paragraph at lines 128--129
\OT1/ptm/m/n/10.95 Besch[]afti-gungsf[]ahigkeit er-fahrener Mi-
 []


Underfull \hbox (badness 1400) in paragraph at lines 128--129
\OT1/ptm/m/n/10.95 tar-beiter. sich-ern - welche Rolle spielt
 []


Underfull \hbox (badness 1082) in paragraph at lines 128--129
\OT1/ptm/m/n/10.95 die be-triebliche Weit-er-bil-dung Ergeb-nisse
 []


Underfull \hbox (badness 10000) in paragraph at lines 128--129
\OT1/ptm/m/n/10.95 einer Be-fra-gung von Un-ternehmen in
 []


Underfull \hbox (badness 1005) in paragraph at lines 128--129
\OT1/ptm/m/n/10.95 Ostwestfalen-Lippe. G[]uter-sloh: Ber-tels-
 []

) (BusAdm35.tex
Underfull \hbox (badness 1603) in paragraph at lines 6--7
 \OT1/ptm/b/n/10.95 Re-search Team[] \OT1/ptm/m/n/10.95 Sven Voelpel (Pro-fes-sor of
 []


Underfull \hbox (badness 10000) in paragraph at lines 6--7
\OT1/ptm/m/n/10.95 Busi-ness Ad-min-is-tra-tion), Torsten Bie-mann
 []


Underfull \hbox (badness 1490) in paragraph at lines 6--7
\OT1/ptm/m/n/10.95 (Post-doc-toral Fel-low; since 09/2007), Robert
 []


Underfull \hbox (badness 7558) in paragraph at lines 6--7
\OT1/ptm/m/n/10.95 Isichenko (Doc-toral Fel-low), Eric Kear-ney
 []


Underfull \hbox (badness 5802) in paragraph at lines 6--7
\OT1/ptm/m/n/10.95 Schaf-fer (Doc-toral Fel-low; since 11/2007),
 []

<profSvenVoelpel-fig1.pdf, id=383, 702.625pt x 270.00874pt>
File: profSvenVoelpel-fig1.pdf Graphic file (type pdf)
 <use profSvenVoelpel-fig1.pdf>
Overfull \hbox (5.00116pt too wide) in paragraph at lines 26--27
 [] 
 []


Underfull \hbox (badness 4673) in paragraph at lines 65--66
 \OT1/ptm/b/n/10.95 Re-search Pro-gram[] \OT1/ptm/m/n/10.95 On March 28$[]$ 2007,
 []


Underfull \hbox (badness 2951) in paragraph at lines 65--66
\OT1/ptm/m/n/10.95 (WDN) at the World Busi-ness Di-a-logue in
 []


Overfull \hbox (231.00037pt too wide) has occurred while \output is active
[][][][] 
 []


Underfull \hbox (badness 10000) has occurred while \output is active
[]
 []

[11]
Underfull \hbox (badness 2744) in paragraph at lines 81--82
 \OT1/ptm/b/n/10.95 Re-search High-lights 2007/2008[] \OT1/ptm/m/n/10.95 The WISE
 []

<Figure17_SV.pdf, id=397, 505.92615pt x 293.84178pt>
File: Figure17_SV.pdf Graphic file (type pdf)
 <use Figure17_SV.pdf>
Overfull \hbox (4.99983pt too wide) in paragraph at lines 95--96
 [] 
 []


Overfull \hbox (231.00037pt too wide) has occurred while \output is active
[][][][] 
 []


Underfull \hbox (badness 10000) has occurred while \output is active
[]
 []

[12 <profSvenVoelpel-fig1.pdf> <Figure17_SV.pdf, page is rotated 90 degrees>]
<Figure18_SV.pdf, id=431, 452.50053pt x 281.70044pt>
File: Figure18_SV.pdf Graphic file (type pdf)
 <use Figure18_SV.pdf>
Overfull \hbox (5.00676pt too wide) in paragraph at lines 122--123
 [] 
 []


Underfull \hbox (badness 10000) in paragraph at lines 133--134
\OT1/ptm/m/n/10.95 Analysing data from the in-ter-dis-ci-plinary
 []


Underfull \hbox (badness 2617) in paragraph at lines 133--134
\OT1/ptm/m/n/10.95 with a spe-cial fo-cus on knowl-edge trans-fer
 []


Underfull \hbox (badness 1748) in paragraph at lines 133--134
\OT1/ptm/m/n/10.95 more in shar-ing knowl-edge with other team
 []


Underfull \hbox (badness 10000) in paragraph at lines 133--134
\OT1/ptm/m/n/10.95 sig-nif-i-cantly in-flu-ence in-di-vid-ual knowl-edge
 []


Underfull \hbox (badness 2165) in paragraph at lines 133--134
\OT1/ptm/m/n/10.95 job au-ton-omy en-cour-ages knowl-edge shar-ing
 []


Underfull \hbox (badness 4752) in paragraph at lines 133--134
\OT1/ptm/m/n/10.95 con-nec-tion be-tween knowl-edge trans-fer and
 []


Underfull \hbox (badness 1442) in paragraph at lines 149--150
[]\OT1/ptm/m/n/10.95 Employees are now chang-ing com-pa-nies
 []


Overfull \hbox (231.00037pt too wide) has occurred while \output is active
[][][][] 
 []


Underfull \hbox (badness 10000) has occurred while \output is active
[]
 []

[13 <Figure18_SV.pdf, page is rotated 90 degrees>]
Overfull \hbox (231.00037pt too wide) has occurred while \output is active
[][][][] 
 []


Underfull \hbox (badness 10000) has occurred while \output is active
[]
 []

[14]
Underfull \hbox (badness 1616) in paragraph at lines 194--195
\OT1/ptm/m/n/10.95 through in-ter-views and sur-veys con-ducted in
 []


Underfull \hbox (badness 4752) in paragraph at lines 206--207
[]\OT1/ptm/m/n/10.95 Intellectual Cap-i-tal In-sti-tute of Ire-land,
 []


Underfull \hbox (badness 6316) in paragraph at lines 229--230
\OT1/ptm/m/n/10.95 within or-ga-ni-za-tions - Ben-e-fit-ing from
 []


Underfull \hbox (badness 1867) in paragraph at lines 229--230
\OT1/ptm/m/n/10.95 de-mo-graphic changes by fos-ter-ing intra-
 []


Overfull \hbox (231.00037pt too wide) has occurred while \output is active
[][][][] 
 []


Underfull \hbox (badness 10000) has occurred while \output is active
[]
 []

[15]
Underfull \hbox (badness 2469) in paragraph at lines 256--257
[]\OT1/ptm/m/n/10.95 Otto, S., & Voelpel, S. (2007). De-
 []


Underfull \hbox (badness 1521) in paragraph at lines 260--261
\OT1/ptm/m/n/10.95 by Wolf-gang Clement, Chair-man of the
 []


Underfull \hbox (badness 2384) in paragraph at lines 266--267
\OT1/ptm/m/n/10.95 mographis-cher Wan-del - eine in-ter-diszi-
 []


Underfull \hbox (badness 1005) in paragraph at lines 268--269
\OT1/ptm/m/n/10.95 J.-D. (2007). H\OT1/ptm/m/it/10.95 erausforderung 50 plus:
 []

)
Underfull \hbox (badness 5862) in paragraph at lines 29--29
[]\OT1/ptm/b/n/12 The Socio-Economics of Life-long
 []

(LifeLong.tex
Underfull \hbox (badness 10000) in paragraph at lines 6--7
[]\OT1/ptm/m/n/10.95 Klaus Sch[]omann (Pro-fes-sor of So-ci-ol-ogy),
 []


Underfull \hbox (badness 6380) in paragraph at lines 6--7
\OT1/ptm/m/n/10.95 04/2007), Anette Fasang (Doc-toral Fel-low;
 []


Underfull \hbox (badness 5533) in paragraph at lines 6--7
\OT1/ptm/m/n/10.95 Uni-ver-sity), Sara-Izabella Geerdes (Doc-toral
 []


Underfull \hbox (badness 4981) in paragraph at lines 6--7
\OT1/ptm/m/n/10.95 Fel-low), Daniel Schelkes (Doc-toral Fel-low;
 []


Overfull \hbox (231.00037pt too wide) has occurred while \output is active
[][][][] 
 []


Underfull \hbox (badness 10000) has occurred while \output is active
[]
 []

[16]
Underfull \hbox (badness 1117) in paragraph at lines 15--16
\OT1/ptm/m/n/10.95 be-hav-ior, we ap-ply com-par-isons of in-dus-trial
 []


Underfull \hbox (badness 10000) in paragraph at lines 15--16

 []


Underfull \hbox (badness 2277) in paragraph at lines 23--24
\OT1/ptm/m/n/10.95 mar-ket tran-si-tions ap-plied to the tran-si-tional
 []



pdfTeX warning: pdflatex (file rr-Kfz-Mechaniker-bei-der-Arbeit.pdf): PDF inclusion: found PDF version <1.6>, but at mos
t version <1.4> allowed
<rr-Kfz-Mechaniker-bei-der-Arbeit.pdf, id=471, 80.7015pt x 108.405pt>
File: rr-Kfz-Mechaniker-bei-der-Arbeit.pdf Graphic file (type pdf)
 <use rr-Kfz-Mechaniker-bei-der-Arbeit.pdf>
Overfull \hbox (5.03773pt too wide) in paragraph at lines 36--37
 [] 
 []


Overfull \hbox (231.00037pt too wide) has occurred while \output is active
[][][][] 
 []


Underfull \hbox (badness 10000) has occurred while \output is active
[]
 []

[17]
Overfull \hbox (231.00037pt too wide) has occurred while \output is active
[][][][] 
 []


Underfull \hbox (badness 10000) has occurred while \output is active
[]
 []

[18 <rr-Kfz-Mechaniker-bei-der-Arbeit.pdf>] <MismatchFirmTrainingClimateChart.pdf, id=491, 845.1575pt x 597.45204pt>
File: MismatchFirmTrainingClimateChart.pdf Graphic file (type pdf)

<use MismatchFirmTrainingClimateChart.pdf>
Overfull \hbox (4.9951pt too wide) in paragraph at lines 61--62
 [] 
 []



pdfTeX warning: pdflatex (file rrgehorschutz.pdf): PDF inclusion: found PDF version <1.6>, but at most version <1.4> all
owed
<rrgehorschutz.pdf, id=492, 84.315pt x 128.48pt>
File: rrgehorschutz.pdf Graphic file (type pdf)
 <use rrgehorschutz.pdf>
Overfull \hbox (231.00037pt too wide) has occurred while \output is active
[][][][] 
 []


Underfull \hbox (badness 10000) has occurred while \output is active
[]
 []

[19 <MismatchFirmTrainingClimateChart.pdf, page is rotated 90 degrees> <rrgehorschutz.pdf>]
Underfull \hbox (badness 3965) in paragraph at lines 110--111
[]\OT1/ptm/m/n/10.95 Center on Mi-gra-tion and De-vel-op-ment,
 []


Underfull \hbox (badness 2753) in paragraph at lines 112--113
[]\OT1/ptm/m/n/10.95 Economic and So-cial Re-search In-sti-tute
 []


Underfull \hbox (badness 10000) in paragraph at lines 113--114
[]\OT1/ptm/m/n/10.95 Social Eco-nomic Re-search Rot-ter-dam
 []


Underfull \hbox (badness 1881) in paragraph at lines 113--114
\OT1/ptm/m/n/10.95 (SEOR), Uni-ver-sity of Rot-ter-dam; Prof.
 []


Overfull \hbox (231.00037pt too wide) has occurred while \output is active
[][][][] 
 []


Underfull \hbox (badness 10000) has occurred while \output is active
[]
 []

[20]
Underfull \hbox (badness 10000) in paragraph at lines 116--117
[]\OT1/ptm/m/n/10.95 Centre for Labour Mar-ket Re-search
 []


Underfull \hbox (badness 2837) in paragraph at lines 117--118
[]\OT1/ptm/m/n/10.95 Research Cen-tre for Ed-u-ca-tion and the
 []


Underfull \hbox (badness 10000) in paragraph at lines 118--119
[]\OT1/ptm/m/n/10.95 Institute for Labour Stud-ies (HIVA),
 []


Underfull \hbox (badness 1681) in paragraph at lines 142--143
\OT1/ptm/m/n/10.95 Ler-nen als Chance und Her-aus-forderung
 []


Underfull \hbox (badness 3568) in paragraph at lines 148--149
[]\OT1/ptm/m/n/10.95 Sch[]omann K., Li-uben, S. Geerdes, S.
 []


Underfull \hbox (badness 2486) in paragraph at lines 150--151
\OT1/ptm/m/n/10.95 Siarov, L. 2007. Job sat-is-fac-tion and
 []


Underfull \hbox (badness 1248) in paragraph at lines 150--151
\OT1/ptm/m/n/10.95 labour mar-ket mo-bil-ity. Re-port for the
 []


Overfull \hbox (99.28163pt too wide) in paragraph at lines 150--151
\OT1/ptm/m/n/10.95 http://www.eurofound.europa.eu/publications/htmlfiles/ef0710.htm
 []

) (PolSci.tex
Overfull \hbox (231.00037pt too wide) has occurred while \output is active
[][][][] 
 []


Underfull \hbox (badness 10000) has occurred while \output is active
[]
 []

[21]
Underfull \hbox (badness 1824) in paragraph at lines 31--32
[]\OT1/ptm/m/n/10.95 Chair, Sci-en-tific Ad-vi-sory Board of the
 []


Underfull \hbox (badness 6110) in paragraph at lines 37--38
[]\OT1/ptm/m/n/10.95 Member of the Re-view Panel of the
 []


Underfull \hbox (badness 6188) in paragraph at lines 37--38
\OT1/ptm/m/n/10.95 NCCR Democ-racy for the Swiss Na-
 []


Underfull \hbox (badness 3907) in paragraph at lines 37--38
\OT1/ptm/m/n/10.95 Na-tion-al-fonds zur Fo-erderung der Wis-
 []


Underfull \hbox (badness 6412) in paragraph at lines 39--41
[]\OT1/ptm/m/n/10.95 Member of the EU-RO-CORES Re-view
 []


Overfull \hbox (231.00037pt too wide) has occurred while \output is active
[][][][] 
 []


Underfull \hbox (badness 10000) has occurred while \output is active
[]
 []

[22]
Underfull \hbox (badness 1112) in paragraph at lines 48--49
[]\OT1/ptm/m/n/10.95 Member SAB for the Re-search Pro-gram
 []


Underfull \hbox (badness 10000) in paragraph at lines 70--71
[]\OT1/ptm/m/n/10.95 Kaase, M. (2008) Per-spek-tiven der
 []


Underfull \hbox (badness 3219) in paragraph at lines 70--71
\OT1/ptm/m/n/10.95 Forschung zur Poli-tis-chen Kul-tur. In:
 []


Underfull \hbox (badness 1661) in paragraph at lines 70--71
\OT1/ptm/m/n/10.95 (Hg.), Poli-tis-che Kul-tur im Wan-del von
 []


Underfull \hbox (badness 1137) in paragraph at lines 72--73
[]\OT1/ptm/m/n/10.95 Kaase, M., Gabriel A. Al-mond, Syd-ney
 []

))
Overfull \hbox (231.00037pt too wide) has occurred while \output is active
[][][][] 
 []


Underfull \hbox (badness 10000) has occurred while \output is active
[]
 []

[23] (Chapter.tex
LaTeX Font Info:    Font shape `OT1/ptm/bx/it' in size <14.4> not available
(Font)              Font shape `OT1/ptm/b/it' tried instead on input line 1.


Package hyperref Warning: Token not allowed in a PDF string (PDFDocEncoding):
(hyperref)                removing `math shift' on input line 1.


Package hyperref Warning: Token not allowed in a PDF string (PDFDocEncoding):
(hyperref)                removing `superscript' on input line 1.


Package hyperref Warning: Token not allowed in a PDF string (PDFDocEncoding):
(hyperref)                removing `math shift' on input line 1.

<photo.jpg, id=540, 963.6pt x 599.23875pt>
File: photo.jpg Graphic file (type jpg)
 <use photo.jpg>)
Overfull \hbox (4.6735pt too wide) has occurred while \output is active
[][][][] 
 []

[24


 <photo.jpg>] (ResearchFacilities.tex <photo2.jpg, id=547, 2711.12875pt x 1778.645pt>
File: photo2.jpg Graphic file (type jpg)
 <use photo2.jpg>)
Overfull \hbox (4.6735pt too wide) has occurred while \output is active
[][][][] 
 []

[25

 <photo2.jpg>] (Grants.tex)
Overfull \hbox (4.6735pt too wide) has occurred while \output is active
[][][][] 
 []

[26

] (SelectedKnowledge.tex)
Overfull \hbox (4.6735pt too wide) has occurred while \output is active
[][][][] 
 []

[27

] (Awards.tex
Overfull \hbox (3.33362pt too wide) in paragraph at lines 5--8
[][] 
 []


Underfull \hbox (badness 2772) in paragraph at lines 12--13
\OT1/ptm/m/n/10.95 2007 to Brigitte M. Kudielka and
 []


Underfull \hbox (badness 1867) in paragraph at lines 12--13
\OT1/ptm/m/n/10.95 Clemens Kirschbaum for the pa-per
 []


Underfull \hbox (badness 1515) in paragraph at lines 12--13
\OT1/ptm/m/n/10.95 to stress: a re-view", Vol-ume 69/1
 []


Underfull \hbox (badness 10000) in paragraph at lines 14--15
[]\OT1/ptm/m/n/10.95 Charlotte- und Karl-B[]uhler-Award
 []


Underfull \hbox (badness 5756) in paragraph at lines 14--15
\OT1/ptm/m/n/10.95 2008 of the Ger-man So-ci-ety for
 []


Underfull \hbox (badness 3148) in paragraph at lines 14--15
\OT1/ptm/m/n/10.95 Psy-chol-ogy (DGPs) to Brigitte M.
 []


Underfull \hbox (badness 2042) in paragraph at lines 16--17
\OT1/ptm/m/n/10.95 In-ter-na-tional So-ci-ety of Psy-choneu-
 []


Underfull \hbox (badness 7814) in paragraph at lines 16--17
\OT1/ptm/m/n/10.95 roen-docrinol-ogy (ISPNE), to Silja
 []


Underfull \hbox (badness 1810) in paragraph at lines 16--17
\OT1/ptm/m/n/10.95 Bellingrath, doc-toral stu-dent in the
 []


Underfull \hbox (badness 1735) in paragraph at lines 18--19
[]\OT1/ptm/m/n/10.95 Scholar Award to Silja Bellingrath,
 []


Overfull \hbox (3.33362pt too wide) in paragraph at lines 11--23
[][] 
 []


Underfull \hbox (badness 10000) in paragraph at lines 29--30
[]\OT1/ptm/m/n/10.95 Vice Pres-i-dent of the Na-tional
 []


Overfull \hbox (28.87988pt too wide) in paragraph at lines 26--31
[][] 
 []


Underfull \hbox (badness 1005) in paragraph at lines 37--38
[]\OT1/ptm/m/n/10.95 Nomination for the \OT1/ptm/m/it/10.95 SMS Best Con-
 []


Underfull \hbox (badness 1248) in paragraph at lines 37--38
\OT1/ptm/m/it/10.95 fer-ence Pa-per for Prac-tice Im-pli-ca-
 []


Underfull \hbox (badness 2057) in paragraph at lines 38--39
\OT1/ptm/m/n/10.95 I., von Krogh, G., & Voelpel, S.
 []


Underfull \hbox (badness 2173) in paragraph at lines 39--40
\OT1/ptm/m/n/10.95 Ed-i-tor's 10 Ex-cel-lent Ar-ti-cles List,
 []


Underfull \hbox (badness 2103) in paragraph at lines 39--40
\OT1/ptm/m/n/10.95 ing: De-vel-op-ing fit and align-ment
 []

)
Overfull \hbox (3.33362pt too wide) in paragraph at lines 36--111
[][]
 []


Underfull \hbox (badness 10000) in paragraph at lines 36--111

 []


Overfull \hbox (231.00037pt too wide) has occurred while \output is active
[][][][] 
 []


Underfull \hbox (badness 10000) has occurred while \output is active
[]
 []

[28


] (PhD.tex)
Overfull \hbox (4.6735pt too wide) has occurred while \output is active
[][][][] 
 []

[29


] (Faculty.tex)
Overfull \hbox (74.4463pt too wide) in paragraph at lines 5--122
 [] []
 []


Underfull \hbox (badness 10000) in paragraph at lines 5--122

 []


Overfull \hbox (4.6735pt too wide) has occurred while \output is active
[][][][] 
 []

[30


] (GradStud.tex
Overfull \hbox (22.52184pt too wide) in paragraph at lines 4--38
[] 
 []

)
Overfull \hbox (4.6735pt too wide) has occurred while \output is active
[][][][] 
 []

[31


] (WhereHave.tex)
Overfull \hbox (37.11815pt too wide) in paragraph at lines 6--132
 [] []
 []


Underfull \hbox (badness 10000) in paragraph at lines 6--132

 []


Overfull \hbox (4.6735pt too wide) has occurred while \output is active
[][][][] 
 []

[32


] (VisitingSch.tex
Underfull \hbox (badness 1028) in paragraph at lines 18--20
\OT1/ptm/m/n/10.95 USA, Pre-sen-ta-tion: 'A So-cial Cog-ni-tive Ap-
 []


Underfull \hbox (badness 1005) in paragraph at lines 18--20
\OT1/ptm/m/n/10.95 proach to Un-der-stand-ing Ag-ing and De-ci-sion
 []


Underfull \hbox (badness 1496) in paragraph at lines 28--30
\OT1/ptm/m/it/10.95 Prof. Dr. Gisela Labouvie-Vief \OT1/ptm/m/n/10.95 (Pro-fes-sor
 []


Underfull \hbox (badness 1472) in paragraph at lines 30--32
\OT1/ptm/m/it/10.95 Prof. Dr. Mar-ius Lei-bold \OT1/ptm/m/n/10.95 (De-part-ment of
 []


Overfull \hbox (231.00037pt too wide) has occurred while \output is active
[][][][] 
 []


Underfull \hbox (badness 10000) has occurred while \output is active
[]
 []

[33


]
Underfull \hbox (badness 1694) in paragraph at lines 62--64
\OT1/ptm/m/it/10.95 Dr. Ger-ben S. Van der Vegt \OT1/ptm/m/n/10.95 (Pro-fes-sor of
 []


Overfull \hbox (231.00037pt too wide) has occurred while \output is active
[][][][] 
 []


Underfull \hbox (badness 10000) has occurred while \output is active
[]
 []

[34])
Overfull \hbox (231.00037pt too wide) has occurred while \output is active
[][][][] 
 []


Underfull \hbox (badness 10000) has occurred while \output is active
[]
 []

[35

] (JCLLFact.tex <photo3.jpg, id=608, 629.35126pt x 285.065pt>
File: photo3.jpg Graphic file (type jpg)
 <use photo3.jpg>
<photo4.jpg, id=609, 474.77374pt x 349.305pt>
File: photo4.jpg Graphic file (type jpg)
 <use photo4.jpg> <photo5.jpg, id=610, 589.20125pt x 382.42876pt>
File: photo5.jpg Graphic file (type jpg)

<use photo5.jpg>
Overfull \hbox (4.6735pt too wide) has occurred while \output is active
[][][][] 
 []

[36


 <photo3.jpg> <photo4.jpg>])
Overfull \hbox (4.6735pt too wide) has occurred while \output is active
[][][][] 
 []

[37 <photo5.jpg>] (Impressum.tex)
Overfull \hbox (4.6735pt too wide) has occurred while \output is active
[][][][] 
 []

[38


]
Overfull \hbox (4.6735pt too wide) has occurred while \output is active
[][][][] 
 []

[39

] (JCLL-Report-Main.aux) ) 
Here is how much of TeX's memory you used:
 6525 strings out of 95304
 85843 string characters out of 1183375
 168400 words of memory out of 1500000
 9317 multiletter control sequences out of 110000
 26797 words of font info for 74 fonts, out of 3000000 for 5000
 17 hyphenation exceptions out of 8191
 36i,15n,39p,2418b,391s stack positions out of 5000i,500n,10000p,200000b,50000s
{E:/PROGRAME/MikTex/fonts/enc/dvips/fontname/8r.enc}<E:/PROGRAME/MikTex/fonts/type1/bluesky/cm
/cmmi10.pfb><E:/PROGRAME/MikTex/fonts/type1/bluesky/cm/cmmi8.pfb><E:/PROGRAME/MikTex/fonts/type1/bluesky/cm/cmr8.pfb><E:
/PROGRAME/MikTex/fonts/type1/bluesky/cm/cmsy10.pfb><E:/PROGRAME/MikTex/fonts/type1/public/eurosym/feymr10.pfb><E:/PROGRA
ME/MikTex/fonts/type1/urw/times/utmb8a.pfb><E:/PROGRAME/MikTex/fonts/type1/urw/times/utmbi8a.pfb><E:/PROGRAME/MikTex/fon
ts/type1/urw/times/utmr8a.pfb><E:/PROGRAME/MikTex/fonts/type1/urw/times/utmri8a.pfb>
Output written on JCLL-Report-Main.pdf (41 pages, 1154943 bytes).
PDF statistics:
 701 PDF objects out of 1000 (max. 8388607)
 176 named destinations out of 1000 (max. 131072)
 491 words of extra memory for PDF output out of 10000 (max. 10000000)

