This is pdfeTeX, Version 3.141592-1.21a-2.2 (Web2C 7.5.4) (format=latex 2006.8.27)  15 NOV 2006 09:36
entering extended mode
**henkel.tex
(./henkel.tex
LaTeX2e <2003/12/01>
Babel <v3.8d> and hyphenation patterns for american, french, german, ngerman, b
ahasa, basque, bulgarian, catalan, croatian, czech, danish, dutch, esperanto, e
stonian, finnish, greek, icelandic, irish, italian, latin, magyar, norsk, polis
h, portuges, romanian, russian, serbian, slovak, slovene, spanish, swedish, tur
kish, ukrainian, nohyphenation, loaded.
! Undefined control sequence.
l.1 \subsubsection
                  {Digital Transmission Methods and Coding}
? X
 
Here is how much of TeX's memory you used:
 5 strings out of 94501
 118 string characters out of 1176137
 48348 words of memory out of 1000000
 3273 multiletter control sequences out of 10000+50000
 3640 words of font info for 14 fonts, out of 500000 for 2000
 580 hyphenation exceptions out of 1000
 5i,0n,1p,70b,8s stack positions out of 1500i,500n,5000p,200000b,5000s
No pages of output.
