This is pdfTeX, Version 3.1415926-1.40.9 (MiKTeX 2.7) (preloaded format=pdflatex 2009.3.8)  8 MAR 2009 19:44
entering extended mode
**RP_JCLL-06.tex
(RP_JCLL-06.tex
LaTeX2e <2005/12/01>
Babel <v3.8l> and hyphenation patterns for english, dumylang, nohyphenation, ge
rman, ngerman, german-x-2008-06-18, ngerman-x-2008-06-18, french, loaded.
("C:\Program Files\MiKTeX 2.7\tex\latex\base\article.cls"
Document Class: article 2005/09/16 v1.4f Standard LaTeX document class
("C:\Program Files\MiKTeX 2.7\tex\latex\base\size11.clo"
File: size11.clo 2005/09/16 v1.4f Standard LaTeX file (size option)
)
\c@part=\count79
\c@section=\count80
\c@subsection=\count81
\c@subsubsection=\count82
\c@paragraph=\count83
\c@subparagraph=\count84
\c@figure=\count85
\c@table=\count86
\abovecaptionskip=\skip41
\belowcaptionskip=\skip42
\bibindent=\dimen102
)
("C:\Program Files\MiKTeX 2.7\tex\latex\graphics\graphicx.sty"
Package: graphicx 1999/02/16 v1.0f Enhanced LaTeX Graphics (DPC,SPQR)

("C:\Program Files\MiKTeX 2.7\tex\latex\graphics\keyval.sty"
Package: keyval 1999/03/16 v1.13 key=value parser (DPC)
\KV@toks@=\toks14
)
("C:\Program Files\MiKTeX 2.7\tex\latex\graphics\graphics.sty"
Package: graphics 2006/02/20 v1.0o Standard LaTeX Graphics (DPC,SPQR)

("C:\Program Files\MiKTeX 2.7\tex\latex\graphics\trig.sty"
Package: trig 1999/03/16 v1.09 sin cos tan (DPC)
)
("C:\Program Files\MiKTeX 2.7\tex\latex\00miktex\graphics.cfg"
File: graphics.cfg 2007/01/18 v1.5 graphics configuration of teTeX/TeXLive
)
Package graphics Info: Driver file: pdftex.def on input line 90.

("C:\Program Files\MiKTeX 2.7\tex\latex\pdftex-def\pdftex.def"
File: pdftex.def 2008/09/08 v0.04l Graphics/color for pdfTeX
\Gread@gobject=\count87
))
\Gin@req@height=\dimen103
\Gin@req@width=\dimen104
) (parskip.sty) ("C:\Program Files\MiKTeX 2.7\tex\latex\psnfss\times.sty"
Package: times 2005/04/12 PSNFSS-v9.2a (SPQR) 
)
("C:\Program Files\MiKTeX 2.7\tex\latex\amsfonts\amsfonts.sty"
Package: amsfonts 2001/10/25 v2.2f
\@emptytoks=\toks15
\symAMSa=\mathgroup4
\symAMSb=\mathgroup5
LaTeX Font Info:    Overwriting math alphabet `\mathfrak' in version `bold'
(Font)                  U/euf/m/n --> U/euf/b/n on input line 132.
)
("C:\Program Files\MiKTeX 2.7\tex\latex\amsmath\amsmath.sty"
Package: amsmath 2000/07/18 v2.13 AMS math features
\@mathmargin=\skip43

For additional information on amsmath, use the `?' option.
("C:\Program Files\MiKTeX 2.7\tex\latex\amsmath\amstext.sty"
Package: amstext 2000/06/29 v2.01

("C:\Program Files\MiKTeX 2.7\tex\latex\amsmath\amsgen.sty"
File: amsgen.sty 1999/11/30 v2.0
\@emptytoks=\toks16
\ex@=\dimen105
))
("C:\Program Files\MiKTeX 2.7\tex\latex\amsmath\amsbsy.sty"
Package: amsbsy 1999/11/29 v1.2d
\pmbraise@=\dimen106
)
("C:\Program Files\MiKTeX 2.7\tex\latex\amsmath\amsopn.sty"
Package: amsopn 1999/12/14 v2.01 operator names
)
\inf@bad=\count88
LaTeX Info: Redefining \frac on input line 211.
\uproot@=\count89
\leftroot@=\count90
LaTeX Info: Redefining \overline on input line 307.
\classnum@=\count91
\DOTSCASE@=\count92
LaTeX Info: Redefining \ldots on input line 379.
LaTeX Info: Redefining \dots on input line 382.
LaTeX Info: Redefining \cdots on input line 467.
\Mathstrutbox@=\box26
\strutbox@=\box27
\big@size=\dimen107
LaTeX Font Info:    Redeclaring font encoding OML on input line 567.
LaTeX Font Info:    Redeclaring font encoding OMS on input line 568.
\macc@depth=\count93
\c@MaxMatrixCols=\count94
\dotsspace@=\muskip10
\c@parentequation=\count95
\dspbrk@lvl=\count96
\tag@help=\toks17
\row@=\count97
\column@=\count98
\maxfields@=\count99
\andhelp@=\toks18
\eqnshift@=\dimen108
\alignsep@=\dimen109
\tagshift@=\dimen110
\tagwidth@=\dimen111
\totwidth@=\dimen112
\lineht@=\dimen113
\@envbody=\toks19
\multlinegap=\skip44
\multlinetaggap=\skip45
\mathdisplay@stack=\toks20
LaTeX Info: Redefining \[ on input line 2666.
LaTeX Info: Redefining \] on input line 2667.
)
(esc-handbook-org.sty
Package: esc-handbook-org 2004/12/09 Marcel Oliver
 ("C:\Program Files\MiKTeX 2.7\tex\latex\graphics\color.sty"
Package: color 2005/11/14 v1.0j Standard LaTeX Color (DPC)
 ("C:\Program Files\MiKTeX 2.7\tex\latex\00miktex\color.cfg"
File: color.cfg 2007/01/18 v1.5 color configuration of teTeX/TeXLive
)
Package color Info: Driver file: pdftex.def on input line 130.
) (html.sty
Package: html 1996/02/01 v1.0 hypertext commands for latex2html (nd, hs)
\c@lpart=\count100
\c@lchapter=\count101
\c@lsection=\count102
\c@lsubsection=\count103
\c@lsubsubsection=\count104
\c@lparagraph=\count105
\c@lsubparagraph=\count106
\c@lsubsubparagraph=\count107
\c@lequation=\count108
)
\hdrsep=\skip46
\hdrrule=\skip47
\fmbox=\box28
\adjustedtextwidth=\skip48
)
(eurosym.sty
Package: eurosym 1998/08/06 v1.1 European currency symbol ``Euro''
\@eurobox=\box29
) (apalike.sty
\bibhang=\skip49
)
("C:\Program Files\MiKTeX 2.7\tex\latex\ntgclass\a4.sty"
Package: a4 2004/04/15 v1.2g A4 based page layout
)
("C:\Program Files\MiKTeX 2.7\tex\latex\ltxmisc\a4wide.sty"
Package: a4wide 1994/08/30
)
("C:\Program Files\MiKTeX 2.7\tex\generic\babel\babel.sty"
Package: babel 2008/07/06 v3.8l The Babel package

*************************************
* Local config file bblopts.cfg used
*
("C:\Program Files\MiKTeX 2.7\tex\latex\00miktex\bblopts.cfg"
File: bblopts.cfg 2006/07/31 v1.0 MiKTeX 'babel' configuration
)
("C:\Program Files\MiKTeX 2.7\tex\generic\babel\english.ldf"
Language: english 2005/03/30 v3.3o English support from the babel system

("C:\Program Files\MiKTeX 2.7\tex\generic\babel\babel.def"
File: babel.def 2008/07/06 v3.8l Babel common definitions
\babel@savecnt=\count109
\U@D=\dimen114
)
\l@canadian = a dialect from \language\l@american 
\l@australian = a dialect from \language\l@british 
\l@newzealand = a dialect from \language\l@british 
))
("C:\Program Files\MiKTeX 2.7\tex\latex\amsfonts\amssymb.sty"
Package: amssymb 2002/01/22 v2.2d
) (bibunits.sty
Package: bibunits 2004/05/12 v2.4 Multiple bibliographies in one document.
\@bibunitaux=\write3
\@bibunitauxcnt=\count110
)
("C:\Program Files\MiKTeX 2.7\tex\latex\hyperref\hyperref.sty"
Package: hyperref 2008/11/18 v6.78m Hypertext links for LaTeX

("C:\Program Files\MiKTeX 2.7\tex\generic\oberdiek\ifpdf.sty"
Package: ifpdf 2007/12/12 v1.6 Provides the ifpdf switch (HO)
Package ifpdf Info: pdfTeX in pdf mode detected.
)
("C:\Program Files\MiKTeX 2.7\tex\generic\oberdiek\ifvtex.sty"
Package: ifvtex 2008/11/04 v1.4 Switches for detecting VTeX and its modes (HO)
Package ifvtex Info: VTeX not detected.
)
("C:\Program Files\MiKTeX 2.7\tex\generic\ifxetex\ifxetex.sty"
Package: ifxetex 2008/09/18 v0.4 Provides ifxetex conditional
)
("C:\Program Files\MiKTeX 2.7\tex\latex\oberdiek\hycolor.sty"
Package: hycolor 2008/09/08 v1.4 Code for color options of hyperref/bookmark (H
O)

("C:\Program Files\MiKTeX 2.7\tex\latex\oberdiek\xcolor-patch.sty"
Package: xcolor-patch 2008/09/08 xcolor patch
))
\@linkdim=\dimen115
\Hy@linkcounter=\count111
\Hy@pagecounter=\count112

("C:\Program Files\MiKTeX 2.7\tex\latex\hyperref\pd1enc.def"
File: pd1enc.def 2008/11/18 v6.78m Hyperref: PDFDocEncoding definition (HO)
)
("C:\Program Files\MiKTeX 2.7\tex\generic\oberdiek\etexcmds.sty"
Package: etexcmds 2007/12/12 v1.2 Prefix for e-TeX command names (HO)

("C:\Program Files\MiKTeX 2.7\tex\generic\oberdiek\infwarerr.sty"
Package: infwarerr 2007/09/09 v1.2 Providing info/warning/message (HO)
)
Package etexcmds Info: Could not find \expanded.
(etexcmds)             That can mean that you are not using pdfTeX 1.50 or
(etexcmds)             that some package has redefined \expanded.
(etexcmds)             In the latter case, load this package earlier.
)
("C:\Program Files\MiKTeX 2.7\tex\latex\00miktex\hyperref.cfg"
File: hyperref.cfg 2002/06/06 v1.2 hyperref configuration of TeXLive
)
("C:\Program Files\MiKTeX 2.7\tex\latex\oberdiek\kvoptions.sty"
Package: kvoptions 2007/10/18 v3.0 Keyval support for LaTeX options (HO)
)
Package hyperref Info: Option `hypertexnames' set `false' on input line 2796.
Package hyperref Info: Option `breaklinks' set `true' on input line 2796.
Package hyperref Info: Option `colorlinks' set `true' on input line 2796.
Package hyperref Info: Hyper figures OFF on input line 2907.
Package hyperref Info: Link nesting OFF on input line 2912.
Package hyperref Info: Hyper index ON on input line 2915.
Package hyperref Info: Plain pages OFF on input line 2922.
Package hyperref Info: Backreferencing OFF on input line 2927.

Implicit mode ON; LaTeX internals redefined
Package hyperref Info: Bookmarks ON on input line 3117.
(url.sty
Package: url 1999/03/02  ver 1.4  Verb mode for urls, email addresses, and file
 names
)
LaTeX Info: Redefining \url on input line 3351.
LaTeX Info: Redefining \hyperref on input line 3362.
 ("C:\Program Files\MiKTeX 2.7\tex\generic\oberdiek\bitset.sty"
Package: bitset 2007/09/28 v1.0 Data type bit set (HO)

("C:\Program Files\MiKTeX 2.7\tex\generic\oberdiek\intcalc.sty"
Package: intcalc 2007/09/27 v1.1 Expandable integer calculations (HO)
)
("C:\Program Files\MiKTeX 2.7\tex\generic\oberdiek\bigintcalc.sty"
Package: bigintcalc 2007/11/11 v1.1 Expandable big integer calculations (HO)

("C:\Program Files\MiKTeX 2.7\tex\generic\oberdiek\pdftexcmds.sty"
Package: pdftexcmds 2007/12/12 v0.3 LuaTeX support for pdfTeX utility functions
 (HO)
Package pdftexcmds Info: LuaTeX not detected on input line 139.
)))
("C:\Program Files\MiKTeX 2.7\tex\generic\oberdiek\kvsetkeys.sty"
Package: kvsetkeys 2007/09/29 v1.3 Key value parser with default handler suppor
t (HO)
)
\Fld@menulength=\count113
\Field@Width=\dimen116
\Fld@charsize=\dimen117
\Field@toks=\toks21
Package hyperref Info: Hyper figures OFF on input line 4268.
Package hyperref Info: Link nesting OFF on input line 4273.
Package hyperref Info: Hyper index ON on input line 4276.
Package hyperref Info: backreferencing OFF on input line 4283.
Package hyperref Info: Link coloring ON on input line 4286.
Package hyperref Info: Link coloring with OCG OFF on input line 4293.
Package hyperref Info: PDF/A mode OFF on input line 4298.

("C:\Program Files\MiKTeX 2.7\tex\generic\oberdiek\atbegshi.sty"
Package: atbegshi 2008/07/31 v1.9 At begin shipout hook (HO)
)
\Hy@abspage=\count114
\c@Item=\count115
\c@Hfootnote=\count116
)
*hyperref using driver hpdftex*
("C:\Program Files\MiKTeX 2.7\tex\latex\hyperref\hpdftex.def"
File: hpdftex.def 2008/11/18 v6.78m Hyperref driver for pdfTeX
\Fld@listcount=\count117
) (RP_JCLL-06.aux)
LaTeX Font Info:    Checking defaults for OML/cmm/m/it on input line 38.
LaTeX Font Info:    ... okay on input line 38.
LaTeX Font Info:    Checking defaults for T1/cmr/m/n on input line 38.
LaTeX Font Info:    ... okay on input line 38.
LaTeX Font Info:    Checking defaults for OT1/cmr/m/n on input line 38.
LaTeX Font Info:    ... okay on input line 38.
LaTeX Font Info:    Checking defaults for OMS/cmsy/m/n on input line 38.
LaTeX Font Info:    ... okay on input line 38.
LaTeX Font Info:    Checking defaults for OMX/cmex/m/n on input line 38.
LaTeX Font Info:    ... okay on input line 38.
LaTeX Font Info:    Checking defaults for U/cmr/m/n on input line 38.
LaTeX Font Info:    ... okay on input line 38.
LaTeX Font Info:    Checking defaults for PD1/pdf/m/n on input line 38.
LaTeX Font Info:    ... okay on input line 38.
LaTeX Font Info:    Try loading font information for OT1+ptm on input line 38.
("C:\Program Files\MiKTeX 2.7\tex\latex\psnfss\ot1ptm.fd"
File: ot1ptm.fd 2001/06/04 font definitions for OT1/ptm.
)
("C:\Program Files\MiKTeX 2.7\tex\context\base\supp-pdf.tex"
[Loading MPS to PDF converter (version 2006.09.02).]
\scratchcounter=\count118
\scratchdimen=\dimen118
\scratchbox=\box30
\nofMPsegments=\count119
\nofMParguments=\count120
\everyMPshowfont=\toks22
\MPscratchCnt=\count121
\MPscratchDim=\dimen119
\MPnumerator=\count122
\everyMPtoPDFconversion=\toks23
)
Package hyperref Info: Link coloring ON on input line 38.
 ("C:\Program Files\MiKTeX 2.7\tex\latex\hyperref\nameref.sty"
Package: nameref 2007/05/29 v2.31 Cross-referencing by name of section

("C:\Program Files\MiKTeX 2.7\tex\latex\oberdiek\refcount.sty"
Package: refcount 2008/08/11 v3.1 Data extraction from references (HO)
)
\c@section@level=\count123
)
LaTeX Info: Redefining \ref on input line 38.
LaTeX Info: Redefining \pageref on input line 38.

(RP_JCLL-06.out) (RP_JCLL-06.out)
\@outlinefile=\write4
\AtBeginShipoutBox=\box31
LaTeX Font Info:    Font shape `OT1/ptm/bx/n' in size <14.4> not available
(Font)              Font shape `OT1/ptm/b/n' tried instead on input line 55.
 (RP_JCLL-06.toc)
\tf@toc=\write5
LaTeX Font Info:    Try loading font information for U+msa on input line 55.

("C:\Program Files\MiKTeX 2.7\tex\latex\amsfonts\umsa.fd"
File: umsa.fd 2002/01/19 v2.2g AMS font definitions
)
LaTeX Font Info:    Try loading font information for U+msb on input line 55.

("C:\Program Files\MiKTeX 2.7\tex\latex\amsfonts\umsb.fd"
File: umsb.fd 2002/01/19 v2.2g AMS font definitions
)
Overfull \hbox (4.6735pt too wide) has occurred while \output is active
[][][][] 
 []

[1{C:/Documents and Settings/All Users/Application Data/MiKTeX/2.7/pdftex/confi
g/pdftex.map}


] (intro.tex
LaTeX Font Info:    Font shape `OT1/ptm/bx/n' in size <10.95> not available
(Font)              Font shape `OT1/ptm/b/n' tried instead on input line 11.


LaTeX Warning: Reference `fig:deanIntro' on page 1 undefined on input line 11.


Underfull \hbox (badness 1755) in paragraph at lines 11--12
\OT1/ptm/m/n/10.95 mind) and in-sti-tu-tional con-di-tions in-ter-act to
 []


Overfull \hbox (231.00037pt too wide) has occurred while \output is active
[][][][] 
 []


Underfull \hbox (badness 10000) has occurred while \output is active
[]
 []

[1


]
Underfull \hbox (badness 1033) in paragraph at lines 41--42
\OT1/ptm/m/n/10.95 Ja-cobs Cen-ter to the pro-posal of a Grad-u-ate
 []


Underfull \hbox (badness 2635) in paragraph at lines 41--42
\OT1/ptm/m/n/10.95 at-ti-tudes and com-pe-ten-cies, the man-age-ment
 []

)
Overfull \hbox (231.00037pt too wide) has occurred while \output is active
[][][][] 
 []


Underfull \hbox (badness 10000) has occurred while \output is active
[]
 []

[2] (Neuro.tex
Underfull \hbox (badness 10000) in paragraph at lines 3--3
\OT1/ptm/b/n/14.4 Performance Per-spec-tive on
 []


Underfull \hbox (badness 1292) in paragraph at lines 12--13
\OT1/ptm/m/n/10.95 cog-ni-tive func-tion-ing and psy-cho-log-i-cal well-
 []

LaTeX Font Info:    Font shape `OT1/ptm/bx/n' in size <12> not available
(Font)              Font shape `OT1/ptm/b/n' tried instead on input line 16.

Underfull \hbox (badness 10000) in paragraph at lines 16--16
[]\OT1/ptm/b/n/12 Plastic-Adaptive Ca-pac-ity of the
 []

(NeuroPlastic.tex
Underfull \hbox (badness 10000) in paragraph at lines 5--6
 \OT1/ptm/b/n/10.95 Re-search Team[] \OT1/ptm/m/n/10.95 Ben Godde (Pro-fes-sor)
,
 []


Overfull \hbox (231.00037pt too wide) has occurred while \output is active
[][][][] 
 []


Underfull \hbox (badness 10000) has occurred while \output is active
[]
 []

[3

]

LaTeX Warning: Reference `fig:profBenGodde' on page 4 undefined on input line 2
6.


Underfull \hbox (badness 1755) in paragraph at lines 26--27
[]\OT1/ptm/m/n/10.95 Results in-di-cated that tHFS sig-nif-i-cantly im-
 []


Underfull \hbox (badness 2005) in paragraph at lines 28--29
\OT1/ptm/m/n/10.95 (Voelcker-Rehage, Knop, Ba-banin & Godde,
 []

<profBenGodde-fig1.pdf, id=40, 597.23125pt x 261.97874pt>
File: profBenGodde-fig1.pdf Graphic file (type pdf)

<use profBenGodde-fig1.pdf>
Overfull \hbox (5.0pt too wide) in paragraph at lines 39--40
 [] 
 []

LaTeX Font Info:    Try loading font information for OMS+ptm on input line 51.
("C:\Program Files\MiKTeX 2.7\tex\latex\psnfss\omsptm.fd"
File: omsptm.fd 
)
LaTeX Font Info:    Font shape `OMS/ptm/m/n' in size <10.95> not available
(Font)              Font shape `OMS/cmsy/m/n' tried instead on input line 51.

Overfull \hbox (231.00037pt too wide) has occurred while \output is active
[][][][] 
 []


Underfull \hbox (badness 10000) has occurred while \output is active
[]
 []

[4 <profBenGodde-fig1.pdf>] (bu1.aux) (bu1.bbl
Underfull \hbox (badness 1014) in paragraph at lines 4--8
\OT1/ptm/m/n/10.95 senschaften auf das Ler-nen Erwach-sener.
 []


Underfull \hbox (badness 1360) in paragraph at lines 16--20
[]\OT1/ptm/m/n/10.95 Karim, A. A., Schueler, A., Li Heg-ner, Y.,
 []

) (bu1.aux) (bu.aux)) (NeuroCardio.tex
Underfull \hbox (badness 10000) in paragraph at lines 5--6
 \OT1/ptm/b/n/10.95 Re-search Team[] \OT1/ptm/m/n/10.95 Clau-dia Voelcker-Rehag
e
 []


Underfull \hbox (badness 8075) in paragraph at lines 5--6
\OT1/ptm/m/n/10.95 Ur-sula M. Staudinger (Pro-fes-sor), Mikhail
 []


Underfull \hbox (badness 10000) in paragraph at lines 5--6
\OT1/ptm/m/n/10.95 Ba-banin (Doc-toral Fel-low), Kathrin Linke
 []


Underfull \hbox (badness 5908) in paragraph at lines 5--6
\OT1/ptm/m/n/10.95 (Diploma Stu-dent), Tanja Truhart (Stu-dent,
 []


Overfull \hbox (231.00037pt too wide) has occurred while \output is active
[][][][] 
 []


Underfull \hbox (badness 10000) has occurred while \output is active
[]
 []

[5] <profBenGodde-fig2.jpg, id=87, 2601.72pt x 1951.29pt>
File: profBenGodde-fig2.jpg Graphic file (type jpg)

<use profBenGodde-fig2.jpg> (bu2.aux) (bu2.bbl
Missing character: There is no – in font ptmr7t!
Missing character: There is no – in font ptmr7t!
Missing character: There is no – in font ptmr7t!
) (bu2.aux) (bu.aux)
Underfull \hbox (badness 10000) in paragraph at lines 38--39
\OT1/ptm/m/n/10.95 In-sur-ance Com-pany (PI: C. Voelcker-
 []

)
Underfull \hbox (badness 2158) in paragraph at lines 27--28
\OT1/ptm/m/n/10.95 Work-ing group ``Chan-cen und Prob-leme
 []


Underfull \hbox (badness 3471) in paragraph at lines 27--28
\OT1/ptm/m/n/10.95 einer al-tern-den Gesellschaft: Die Welt
 []


Overfull \hbox (231.00037pt too wide) has occurred while \output is active
[][][][] 
 []


Underfull \hbox (badness 10000) has occurred while \output is active
[]
 []

[6 <profBenGodde-fig2.jpg>])
Overfull \hbox (231.00037pt too wide) has occurred while \output is active
[][][][] 
 []


Underfull \hbox (badness 10000) has occurred while \output is active
[]
 []

[7

] (HealthPerso.tex
Underfull \hbox (badness 2799) in paragraph at lines 2--2
\OT1/ptm/b/n/14.4 from Health and Per-son-al-ity
 []

(HealthPersoHealthPsych.tex
Underfull \hbox (badness 7168) in paragraph at lines 4--5
 \OT1/ptm/b/n/10.95 Re-search Team[] \OT1/ptm/m/n/10.95 Britta Ren-ner (Pro-fes
-sor),
 []


Underfull \hbox (badness 10000) in paragraph at lines 11--12
\OT1/ptm/m/n/10.95 ``Risk Ap-praisal Con-se-quences in Ko-rea''
 []


Underfull \hbox (badness 1931) in paragraph at lines 14--15
[]\OT1/ptm/m/it/10.95 Processing and Im-pact of Self-Relevant Risk
 []


Underfull \hbox (badness 1902) in paragraph at lines 20--21
\OT1/ptm/m/n/10.95 i-dence for mo-ti-vated rea-son-ing, ar-gu-ing that
 []


Overfull \hbox (231.00037pt too wide) has occurred while \output is active
[][][][] 
 []


Underfull \hbox (badness 10000) has occurred while \output is active
[]
 []

[8

]

LaTeX Warning: Reference `fig2:profBrittaRenner' on page 9 undefined on input l
ine 25.


Underfull \hbox (badness 1331) in paragraph at lines 25--26
\OT1/ptm/m/n/10.95 Berlin Risk Ap-praisal and Health Mo-ti-va-tion
 []


Underfull \hbox (badness 1430) in paragraph at lines 25--26
\OT1/ptm/m/n/10.95 Study (BRAHMS) is to fur-ther the de-vel-op-
 []

<profBrittaRenner-fig2.pdf, id=112, 685.56125pt x 341.275pt>
File: profBrittaRenner-fig2.pdf Graphic file (type pdf)

<use profBrittaRenner-fig2.pdf>
Overfull \hbox (5.00291pt too wide) in paragraph at lines 29--30
 [] 
 []


Underfull \hbox (badness 1303) in paragraph at lines 39--40
\OT1/ptm/m/n/10.95 in health-related cog-ni-tions, health be-hav-iors,
 []


Overfull \hbox (231.00037pt too wide) has occurred while \output is active
[][][][] 
 []


Underfull \hbox (badness 10000) has occurred while \output is active
[]
 []

[9 <profBrittaRenner-fig2.pdf>] (bu3.aux) (bu3.bbl
Underfull \hbox (badness 1097) in paragraph at lines 10--14
\OT1/ptm/m/it/10.95 fer-ence: Ab-stract Book\OT1/ptm/m/n/10.95 . Psy-chol-ogy a
nd
 []


Underfull \hbox (badness 1661) in paragraph at lines 16--20
\OT1/ptm/m/n/10.95 B., Gle-ich, U., and Gimm-ler, W., ed-i-
 []

) (bu3.aux) (bu.aux)
Underfull \hbox (badness 1163) in paragraph at lines 70--71
\OT1/ptm/m/n/10.95 er-a-tion with R. Schwarzer, Free Uni-ver-
 []


Overfull \hbox (231.00037pt too wide) has occurred while \output is active
[][][][] 
 []


Underfull \hbox (badness 10000) has occurred while \output is active
[]
 []

[10]) (HealthPersoPersPsych.tex
Underfull \hbox (badness 7168) in paragraph at lines 4--5
 \OT1/ptm/b/n/10.95 Re-search Team[] \OT1/ptm/m/n/10.95 Britta Ren-ner (Pro-fes
-sor),
 []


LaTeX Warning: Reference `fig3:profBrittaRenner' on page 11 undefined on input 
line 19.


Overfull \hbox (231.00037pt too wide) has occurred while \output is active
[][][][] 
 []


Underfull \hbox (badness 10000) has occurred while \output is active
[]
 []

[11] <profBrittaRenner-fig3.jpg, id=146, 319.4334pt x 248.97015pt>
File: profBrittaRenner-fig3.jpg Graphic file (type jpg)

<use profBrittaRenner-fig3.jpg>
Overfull \hbox (5.00362pt too wide) in paragraph at lines 23--24
 [] 
 []

(bu4.aux) (bu4.bblpdfTeX warning (ext4): destination with the same identifier (
name{cite.Renner2006}) has been already used, duplicate ignored
<to be read again> 
                   \relax 
l.3 \bibitem[Renner, 2006]{Renner2006}
                                      ) (bu4.aux) (bu.aux))
Underfull \hbox (badness 1102) in paragraph at lines 17--18
[]\OT1/ptm/m/n/10.95 Organizer of the Sum-mer School of the
 []


Underfull \hbox (badness 10000) in paragraph at lines 17--18
\OT1/ptm/m/n/10.95 Fach-gruppe Gesund-heit-spsy-cholo-gie der
 []


Underfull \hbox (badness 3977) in paragraph at lines 17--18
\OT1/ptm/m/n/10.95 Deutschen Gesellschaft f[]ur Psy-cholo-gie,
 []


Underfull \hbox (badness 4779) in paragraph at lines 17--18
\OT1/ptm/m/n/10.95 In-ter-na-tional Uni-ver-sity Bre-men, JCLL,
 []


Underfull \hbox (badness 10000) in paragraph at lines 18--19
\OT1/ptm/m/n/10.95 Fach-grup-pen-ta-gung Gesund-heit-spsy-cholo-
 []


Underfull \hbox (badness 10000) in paragraph at lines 26--27
[]\OT1/ptm/m/n/10.95 Zeitschrift f[]ur Gesund-heit-spsy-cholo-gie
 []


Underfull \hbox (badness 3333) in paragraph at lines 32--33
\OT1/ptm/m/n/10.95 chol-ogy & Health; Psy-chol-ogy, Health
 []


Underfull \hbox (badness 3078) in paragraph at lines 32--33
\OT1/ptm/m/n/10.95 Pre-ven-tive Medicine; So-cial Sci-ence &
 []

)
Overfull \hbox (231.00037pt too wide) has occurred while \output is active
[][][][] 
 []


Underfull \hbox (badness 10000) has occurred while \output is active
[]
 []

[12 <profBrittaRenner-fig3.jpg>] (MechPrag.tex
Underfull \hbox (badness 10000) in paragraph at lines 1--1
\OT1/ptm/b/n/14.4 cep-tu-al-iza-tion, Mea-sure-ment
 []


Underfull \hbox (badness 1132) in paragraph at lines 4--5
\OT1/ptm/m/n/10.95 such as the lifes-pan ap-proach, hu-man de-vel-
 []


Underfull \hbox (badness 3058) in paragraph at lines 4--5
\OT1/ptm/m/n/10.95 op-ment is the re-sult of the in-ter-ac-tion be-
 []

(MechPragInsight.tex
Overfull \hbox (231.00037pt too wide) has occurred while \output is active
[][][][] 
 []


Underfull \hbox (badness 10000) has occurred while \output is active
[]
 []

[13

] (bu5.aux) (bu5.bbl) (bu5.aux) (bu.aux)) (MechLife.tex
Overfull \hbox (231.00037pt too wide) has occurred while \output is active
[][][][] 
 []


Underfull \hbox (badness 10000) has occurred while \output is active
[]
 []

[14] <profUrsulaStaudinger-fig1.png, id=176, 339.2675pt x 295.1025pt>
File: profUrsulaStaudinger-fig1.png Graphic file (type png)

<use profUrsulaStaudinger-fig1.png>

LaTeX Warning: Reference `fig1:profUrsulaStaudinger' on page 15 undefined on in
put line 25.


Underfull \hbox (badness 1019) in paragraph at lines 25--26
\OT1/ptm/m/n/10.95 late dif-fer-ently to in-di-ca-tors of ap-proach and
 []


Underfull \hbox (badness 1502) in paragraph at lines 25--26
\OT1/ptm/m/n/10.95 tive well-being (see Fig-ure []; Schindler &
 []


LaTeX Warning: Reference `fig2:profUrsulaStaudinger' on page 15 undefined on in
put line 35.

<profUrsulaStaudinger-fig2.png, id=177, 686.565pt x 412.54124pt>
File: profUrsulaStaudinger-fig2.png Graphic file (type png)

<use profUrsulaStaudinger-fig2.png>
Overfull \hbox (4.99173pt too wide) in paragraph at lines 47--48
 [] 
 []


Overfull \hbox (231.00037pt too wide) has occurred while \output is active
[][][][] 
 []


Underfull \hbox (badness 10000) has occurred while \output is active
[]
 []

[15 <profUrsulaStaudinger-fig1.png (PNG copy)> <profUrsulaStaudinger-fig2.png (
PNG copy)>] (bu6.aux) (bu6.bblpdfTeX warning (ext4): destination with the same 
identifier (name{cite.Staudinger}) has been already used, duplicate ignored
<to be read again> 
                   \relax 
l.16 ...em[Staudinger and Greve, ress]{Staudinger}
                                                  ) (bu6.aux) (bu.aux))
(MechContext.tex
Underfull \hbox (badness 1173) in paragraph at lines 5--6
\OT1/ptm/m/n/10.95 (since 03/2006), Eva-Marie Kessler (Doc-toral
 []


Overfull \hbox (231.00037pt too wide) has occurred while \output is active
[][][][] 
 []


Underfull \hbox (badness 10000) has occurred while \output is active
[]
 []

[16]

LaTeX Warning: Reference `fig3:profUrsulaStaudinger' on page 17 undefined on in
put line 23.

<profUrsulaStaudinger-fig3.pdf, id=194, 682.55pt x 626.34pt>
File: profUrsulaStaudinger-fig3.pdf Graphic file (type pdf)

<use profUrsulaStaudinger-fig3.pdf>
Overfull \hbox (231.00037pt too wide) has occurred while \output is active
[][][][] 
 []


Underfull \hbox (badness 10000) has occurred while \output is active
[]
 []

[17 <profUrsulaStaudinger-fig3.pdf>] (bu7.aux) (bu7.bbl
Underfull \hbox (badness 1102) in paragraph at lines 4--10
\OT1/ptm/m/n/10.95 Tesch-R[]omer, C., and Hoff, A., ed-i-tors,
 []

pdfTeX warning (ext4): destination with the same identifier (name{cite.Stauding
er2006}) has been already used, duplicate ignored
<to be read again> 
                   \relax 
l.11 ...m[Staudinger et~al., 2006]{Staudinger2006}
                                                  ) (bu7.aux) (bu.aux)
Underfull \hbox (badness 1077) in paragraph at lines 62--63
[]\OT1/ptm/m/n/10.95 BMBF (PI: JCLL). U.M. Staudinger, U.
 []

)
Overfull \hbox (231.00037pt too wide) has occurred while \output is active
[][][][] 
 []


Underfull \hbox (badness 10000) has occurred while \output is active
[]
 []

[18]
Underfull \hbox (badness 10000) in paragraph at lines 26--26
[]\OT1/ptm/b/n/12 Plasticity and Pos-i-tive De-vel-op-
 []


Underfull \hbox (badness 2302) in paragraph at lines 26--26
\OT1/ptm/b/n/12 ment: The-o-ret-i-cal and Em-pir-i-cal
 []

(MechPlasticity.tex (bu8.aux) (bu8.bblpdfTeX warning (ext4): destination with t
he same identifier (name{cite.Staudinger2006}) has been already used, duplicate
 ignored
<to be read again> 
                   \relax 
l.9 \bibitem[Staudinger, 2006]{Staudinger2006}
                                              pdfTeX warning (ext4): destinatio
n with the same identifier (name{cite.Staudinger}) has been already used, dupli
cate ignored
<to be read again> 
                   \relax 
l.17 \bibitem[Staudinger, ress]{Staudinger}
                                           
Underfull \hbox (badness 10000) in paragraph at lines 18--23
\OT1/ptm/m/it/10.95 psycho-lo-gie/p[]ada-gogis-che Psy-cholo-gie\OT1/ptm/m/n/10
.95 .
 []

) (bu8.aux) (bu.aux))
Overfull \hbox (231.00037pt too wide) has occurred while \output is active
[][][][] 
 []


Underfull \hbox (badness 10000) has occurred while \output is active
[]
 []

[19]
Underfull \hbox (badness 10000) in paragraph at lines 36--37
[]\OT1/ptm/m/n/10.95 Member and Vice-Chairperson of the
 []


Underfull \hbox (badness 2521) in paragraph at lines 37--38
[]\OT1/ptm/m/n/10.95 Senior Fel-low of the In-ter-na-tional Net-
 []


Underfull \hbox (badness 2229) in paragraph at lines 38--39
[]\OT1/ptm/m/n/10.95 Member of the Sci-en-tific Board of the
 []


Underfull \hbox (badness 6364) in paragraph at lines 46--47
[]\OT1/ptm/m/n/10.95 Psychology and Ag-ing (since 1997), Psy-
 []


Underfull \hbox (badness 2435) in paragraph at lines 46--47
\OT1/ptm/m/n/10.95 cholo-gie in Erziehung und Un-ter-richt (since
 []


Underfull \hbox (badness 1048) in paragraph at lines 46--47
\OT1/ptm/m/n/10.95 2000), Psy-cholo-gie Ver-lag-sunion Book Se-ries
 []


Underfull \hbox (badness 6608) in paragraph at lines 46--47
\OT1/ptm/m/n/10.95 ``Psychologie-Forschung-Aktuell'' (2000-2005),
 []


Underfull \hbox (badness 1337) in paragraph at lines 46--47
\OT1/ptm/m/n/10.95 Book Se-ries Psy-chol-o-gis-che Diskurse (Ver-lag
 []


Underfull \hbox (badness 1460) in paragraph at lines 46--47
\OT1/ptm/m/n/10.95 Van-den-hoeck & Ruprecht) (since 2003), Re-
 []

)
Overfull \hbox (231.00037pt too wide) has occurred while \output is active
[][][][] 
 []


Underfull \hbox (badness 10000) has occurred while \output is active
[]
 []

[20

] (Compet.tex
Underfull \hbox (badness 10000) in paragraph at lines 1--1
[]\OT1/ptm/b/n/14.4 Emotional Com-pe-tence and
 []


Underfull \hbox (badness 4634) in paragraph at lines 1--1
\OT1/ptm/b/n/14.4 Wis-dom: Lifes-pan De-vel-op-
 []

(CompetEmoCompet.tex
Underfull \hbox (badness 1983) in paragraph at lines 4--5
 \OT1/ptm/b/n/10.95 Re-search Team[] \OT1/ptm/m/n/10.95 Ute Kun-z-mann (Pro-fes
-sor),
 []


Overfull \hbox (231.00037pt too wide) has occurred while \output is active
[][][][] 
 []


Underfull \hbox (badness 10000) has occurred while \output is active
[]
 []

[21

]

LaTeX Warning: Reference `fig1:profUteKunzmann' on page 22 undefined on input l
ine 23.


Overfull \hbox (231.00037pt too wide) has occurred while \output is active
[][][][] 
 []


Underfull \hbox (badness 10000) has occurred while \output is active
[]
 []

[22] <profUteKunzmann-fig1.pdf, id=247, 472.76625pt x 233.87375pt>
File: profUteKunzmann-fig1.pdf Graphic file (type pdf)

<use profUteKunzmann-fig1.pdf>
Overfull \hbox (5.00041pt too wide) in paragraph at lines 27--28
 [] 
 []

(bu9.aux) (bu9.bbl
Underfull \hbox (badness 1038) in paragraph at lines 4--10
\OT1/ptm/m/n/10.95 M., ed-i-tors, \OT1/ptm/m/it/10.95 Ex-per-i-mentelle Emo-tio
n-spsy-
 []


Underfull \hbox (badness 2426) in paragraph at lines 12--17
\OT1/ptm/m/n/10.95 tionalen Kom-pe-ten-zen []uber die lebenss-
 []

) (bu9.aux) (bu.aux)) (CompetEmoArt.tex
Underfull \hbox (badness 1983) in paragraph at lines 4--5
 \OT1/ptm/b/n/10.95 Re-search Team[] \OT1/ptm/m/n/10.95 Ute Kun-z-mann (Pro-fes
-sor),
 []


Overfull \hbox (231.00037pt too wide) has occurred while \output is active
[][][][] 
 []


Underfull \hbox (badness 10000) has occurred while \output is active
[]
 []

[23 <profUteKunzmann-fig1.pdf>]

LaTeX Warning: Reference `fig2:profUteKunzmann' on page 24 undefined on input l
ine 8.


LaTeX Warning: Reference `fig3:profUteKunzmann' on page 24 undefined on input l
ine 8.


LaTeX Warning: Reference `fig2:profUteKunzmann' on page 24 undefined on input l
ine 8.

<profUteKunzmann-fig2.pdf, id=272, 311.1625pt x 187.70125pt>
File: profUteKunzmann-fig2.pdf Graphic file (type pdf)

<use profUteKunzmann-fig2.pdf>
Overfull \hbox (5.00362pt too wide) in paragraph at lines 12--13
 [] 
 []


LaTeX Warning: Reference `fig3:profUteKunzmann' on page 24 undefined on input l
ine 18.


Underfull \hbox (badness 3302) in paragraph at lines 18--19
[]\OT1/ptm/m/n/10.95 The consensus-based ap-proach to de-scrib-ing
 []

<profUteKunzmann-fig3.pdf, id=274, 255.95625pt x 222.8325pt>
File: profUteKunzmann-fig3.pdf Graphic file (type pdf)

<use profUteKunzmann-fig3.pdf>) (CompetWisdom.tex
Underfull \hbox (badness 1983) in paragraph at lines 4--5
 \OT1/ptm/b/n/10.95 Re-search Team[] \OT1/ptm/m/n/10.95 Ute Kun-z-mann (Pro-fes
-sor),
 []


Overfull \hbox (231.00037pt too wide) has occurred while \output is active
[][][][] 
 []


Underfull \hbox (badness 10000) has occurred while \output is active
[]
 []

[24 <profUteKunzmann-fig2.pdf> <profUteKunzmann-fig3.pdf>]
Underfull \hbox (badness 1552) in paragraph at lines 8--9
[]\OT1/ptm/m/n/10.95 The goal of our re-search pro-gram has been
 []


Underfull \hbox (badness 1424) in paragraph at lines 13--14
\OT1/ptm/m/n/10.95 sev-eral pub-li-ca-tions deal-ing with the mo-ti-va-
 []


Overfull \hbox (231.00037pt too wide) has occurred while \output is active
[][][][] 
 []


Underfull \hbox (badness 10000) has occurred while \output is active
[]
 []

[25] (bu10.aux) (bu10.bblpdfTeX warning (ext4): destination with the same ident
ifier (name{cite.Kunzmann}) has been already used, duplicate ignored
<to be read again> 
                   \relax 
l.15 \bibitem[Kunzmann, ress]{Kunzmann}
                                       ) (bu10.aux) (bu.aux))
Overfull \vbox (0.98547pt too high) has occurred while \output is active []

)
Overfull \hbox (231.00037pt too wide) has occurred while \output is active
[][][][] 
 []


Underfull \hbox (badness 10000) has occurred while \output is active
[]
 []

[26] (Commun.tex
Underfull \hbox (badness 2359) in paragraph at lines 2--2
\OT1/ptm/b/n/14.4 ma-tion and Know-ledge: An
 []


Underfull \hbox (badness 4765) in paragraph at lines 2--2
\OT1/ptm/b/n/14.4 Im-por-tant Facet of Life-long
 []


Underfull \hbox (badness 3803) in paragraph at lines 6--7
[]\OT1/ptm/m/n/10.95 Procedural know-ledge (e.g., set-ting the
 []


Underfull \hbox (badness 1325) in paragraph at lines 15--15
[]\OT1/ptm/b/n/12 BALANCE: The Ef-fects of Me-dia
 []

(CommunBallance.tex
Overfull \hbox (231.00037pt too wide) has occurred while \output is active
[][][][] 
 []


Underfull \hbox (badness 10000) has occurred while \output is active
[]
 []

[27

]
Underfull \hbox (badness 2443) in paragraph at lines 19--20
[]\OT1/ptm/m/it/10.95 Investigation of Me-dia Strate-gies for Audio-
 []

(bu11.aux) (bu11.bbl) (bu11.aux) (bu.aux))
Overfull \hbox (231.00037pt too wide) has occurred while \output is active
[][][][] 
 []


Underfull \hbox (badness 10000) has occurred while \output is active
[]
 []

[28]
Underfull \hbox (badness 10000) in paragraph at lines 20--20
[]\OT1/ptm/b/n/12 Technical Doc-u-men-ta-tion: Age-
 []

(CommunTech.tex
<profClemensSchwender-fig1.jpg, id=334, 383.4325pt x 507.8975pt>
File: profClemensSchwender-fig1.jpg Graphic file (type jpg)

<use profClemensSchwender-fig1.jpg>
Underfull \hbox (badness 2753) in paragraph at lines 14--14
[]\OT1/ptm/m/n/10.95 Figure 11: []Taken from
 []


Underfull \hbox (badness 10000) in paragraph at lines 14--14
\OT1/ptm/m/n/10.95 Wil-helm Busch (1865):
 []


Underfull \hbox (badness 1308) in paragraph at lines 14--14
\OT1/ptm/m/n/10.95 of hu-mor-ous dis-per-sal is
 []

(bu12.aux) (bu12.bblpdfTeX warning (ext4): destination with the same identifier
 (name{cite.Schwender}) has been already used, duplicate ignored
<to be read again> 
                   \relax 
l.3 \bibitem[Schwender, ress]{Schwender}
                                        
Underfull \hbox (badness 2293) in paragraph at lines 4--10
[]\OT1/ptm/m/n/10.95 Schwender, C. (in press).  On the his-tory
 []


Underfull \hbox (badness 4096) in paragraph at lines 4--10
\OT1/ptm/m/n/10.95 An-nely, Laf-fling, Chem-nitz, and John,
 []


Underfull \hbox (badness 2818) in paragraph at lines 4--10
\OT1/ptm/m/it/10.95 tion (TOC), Ed-in-burgh\OT1/ptm/m/n/10.95 .  HSK-Band 9
 []


Underfull \hbox (badness 2875) in paragraph at lines 4--10
\OT1/ptm/m/n/10.95 (Handb[]ucher f[]ur ange-wandte Sprach-wis-
 []

Missing character: There is no — in font ptmr7t!
) (bu12.aux) (bu.aux)) (CommunFeldpost.tex
Overfull \hbox (231.00037pt too wide) has occurred while \output is active
[][][][] 
 []


Underfull \hbox (badness 10000) has occurred while \output is active
[]
 []

[29 <profClemensSchwender-fig1.jpg>]
<profClemensSchwender-fig2.jpg, id=347, 270.00874pt x 280.04625pt>
File: profClemensSchwender-fig2.jpg Graphic file (type jpg)

<use profClemensSchwender-fig2.jpg>
Underfull \hbox (badness 7451) in paragraph at lines 16--16
\OT1/ptm/m/n/10.95 let-ters in the Feldpost-
 []

(bu13.aux) (bu13.bblpdfTeX warning (ext4): destination with the same identifier
 (name{cite.Schwender}) has been already used, duplicate ignored
<to be read again> 
                   \relax 
l.3 \bibitem[Schwender, ress]{Schwender}
                                        ) (bu13.aux) (bu.aux))
Overfull \hbox (6.87132pt too wide) in paragraph at lines 28--28
[][] 
 []

(CommunAge.tex
<profClemensSchwender-fig3.jpg, id=348, 213.04594pt x 319.94531pt>
File: profClemensSchwender-fig3.jpg Graphic file (type jpg)

<use profClemensSchwender-fig3.jpg>
Overfull \hbox (231.00037pt too wide) has occurred while \output is active
[][][][] 
 []


Underfull \hbox (badness 10000) has occurred while \output is active
[]
 []

[30 <profClemensSchwender-fig2.jpg>] (bu14.aux) (bu14.bbl
Missing character: There is no – in font ptmri7t!
pdfTeX warning (ext4): destination with the same identifier (name{cite.Schwende
r2006}) has been already used, duplicate ignored
<to be read again> 
                   \relax 
l.16 \bibitem[Schwender, 2006c]{Schwender2006}
                                              ) (bu14.aux) (bu.aux))
Underfull \hbox (badness 1237) in paragraph at lines 32--32
\OT1/ptm/b/n/12 matches in Com-mu-ni-ca-tion at the
 []

(CommunIdent.tex
Underfull \hbox (badness 5460) in paragraph at lines 10--11
[]\OT1/ptm/m/n/10.95 BMBF (PI: JCLL). C. Schwen-der, S.
 []


Underfull \hbox (badness 10000) in paragraph at lines 10--11
\OT1/ptm/m/n/10.95 Voelpel: sub-pro-ject ``Com-mu-ni-ca-tion
 []


Underfull \hbox (badness 10000) in paragraph at lines 10--11
\OT1/ptm/m/n/10.95 and Ex-pe-ri-ence Man-age-ment'' within
 []


Underfull \hbox (badness 8189) in paragraph at lines 10--11
\OT1/ptm/m/n/10.95 the joint re-search project ``Ef-fects of
 []


Underfull \hbox (badness 1783) in paragraph at lines 10--11
\OT1/ptm/m/n/10.95 Matches/Mismatches be-tween As-pects of
 []

))
Overfull \hbox (231.00037pt too wide) has occurred while \output is active
[][][][] 
 []


Underfull \hbox (badness 10000) has occurred while \output is active
[]
 []

[31 <profClemensSchwender-fig3.jpg>] (Lifespan.tex
Underfull \hbox (badness 10000) in paragraph at lines 8--8
[]\OT1/ptm/b/n/12 Successful Work-place Learn-ing
 []

(LifespanWork.tex (bu15.aux) (bu15.bbl
Underfull \hbox (badness 1331) in paragraph at lines 4--8
\OT1/ptm/m/n/10.95 Ar-beit-szufrieden-heit.  \OT1/ptm/m/it/10.95 Zeitschrift f[
]ur Ar-
 []

) (bu15.aux) (bu.aux)
Overfull \hbox (231.00037pt too wide) has occurred while \output is active
[][][][] 
 []


Underfull \hbox (badness 10000) has occurred while \output is active
[]
 []

[32

]
Underfull \hbox (badness 8000) in paragraph at lines 26--27
[]\OT1/ptm/m/n/10.95 BMBF (PI: JCLL). C. Ro-nagel, K.
 []


Underfull \hbox (badness 8189) in paragraph at lines 26--27
\OT1/ptm/m/n/10.95 the joint re-search project ``Ef-fects of
 []


Underfull \hbox (badness 1783) in paragraph at lines 26--27
\OT1/ptm/m/n/10.95 Matches/Mismatches be-tween As-pects of
 []

)
Underfull \hbox (badness 10000) in paragraph at lines 12--12
[]\OT1/ptm/b/n/12 Dynamic Mod-el-ing of Life-long
 []

(LifespanDyn.tex
Underfull \hbox (badness 1087) in paragraph at lines 8--9
[]\OT1/ptm/m/n/10.95 Competency mod-els are widely used by Hu-
 []


Underfull \hbox (badness 2469) in paragraph at lines 10--11
[]\OT1/ptm/m/n/10.95 Using a goodness-of-fit frame-work, we will
 []

) (LifespanOrg.tex
Overfull \vbox (0.98547pt too high) has occurred while \output is active []


Underfull \hbox (badness 10000) in paragraph at lines 13--14
[]\OT1/ptm/m/n/10.95 Baar Clinic for Be-hav-ioral Medicine,
 []

))
Overfull \hbox (231.00037pt too wide) has occurred while \output is active
[][][][] 
 []


Underfull \hbox (badness 10000) has occurred while \output is active
[]
 []

[33] (BA.tex
Underfull \hbox (badness 3302) in paragraph at lines 1--1
[]\OT1/ptm/b/n/14.4 A Per-spec-tive from Busi-ness
 []


Underfull \hbox (badness 2253) in paragraph at lines 1--1
\OT1/ptm/b/n/14.4 Ad-min-is-tra-tion on the Ag-ing
 []


Underfull \hbox (badness 1342) in paragraph at lines 5--6
\OT1/ptm/m/n/10.95 par-tic-u-lar com-pa-nies, need to deal first with
 []


LaTeX Warning: Reference `fig1:profSvenVoelpel' on page 34 undefined on input l
ine 11.


Underfull \hbox (badness 1178) in paragraph at lines 11--12
[]\OT1/ptm/m/n/10.95 Therefore, the JCLL Busi-ness Ad-min-is-tra-tion
 []

<profSvenVoelpel-fig1.pdf, id=393, 702.625pt x 270.00874pt>
File: profSvenVoelpel-fig1.pdf Graphic file (type pdf)

<use profSvenVoelpel-fig1.pdf>
Overfull \hbox (5.00116pt too wide) in paragraph at lines 17--18
 [] 
 []

(BAWisdom.tex
Underfull \hbox (badness 10000) in paragraph at lines 6--7
 \OT1/ptm/b/n/10.95 Re-search Team[] \OT1/ptm/m/n/10.95 Sven Voelpel (Pro-fes-s
or),
 []


Underfull \hbox (badness 1168) in paragraph at lines 8--9
\OT1/ptm/m/n/10.95 from well-known streams of man-age-ment re-
 []


Underfull \hbox (badness 1694) in paragraph at lines 10--11
\OT1/ptm/m/n/10.95 a phe-nomenon that de-pends on the suc-cess-
 []


Overfull \hbox (231.00037pt too wide) has occurred while \output is active
[][][][] 
 []


Underfull \hbox (badness 10000) has occurred while \output is active
[]
 []

[34

 <profSvenVoelpel-fig1.pdf>]
Overfull \hbox (231.00037pt too wide) has occurred while \output is active
[][][][] 
 []


Underfull \hbox (badness 10000) has occurred while \output is active
[]
 []

[35] (bu16.aux) (bu16.bbl) (bu16.aux) (bu.aux)
Underfull \hbox (badness 10000) in paragraph at lines 52--53
[]\OT1/ptm/m/n/10.95 BMBF (PI: JCLL). S. Voelpel, C.
 []


Underfull \hbox (badness 10000) in paragraph at lines 52--53
\OT1/ptm/m/n/10.95 Schwen-der: sub-pro-ject ``Com-mu-ni-ca-
 []


Underfull \hbox (badness 8189) in paragraph at lines 52--53
\OT1/ptm/m/n/10.95 the joint re-search project ``Ef-fects of
 []


Underfull \hbox (badness 1783) in paragraph at lines 52--53
\OT1/ptm/m/n/10.95 Matches/Mismatches be-tween As-pects of
 []


Underfull \hbox (badness 10000) in paragraph at lines 53--54
[]\OT1/ptm/m/n/10.95 DAAD ``STIBET-Doktorandenf[]orderung''
 []


Underfull \hbox (badness 1810) in paragraph at lines 55--56
[]\OT1/ptm/m/n/10.95 Stiftung der Deutschen Wirtschaft (sdw)
 []


Underfull \hbox (badness 1242) in paragraph at lines 56--57
[]\OT1/ptm/m/n/10.95 DFG Travel Grant for Sven Voelpel for
 []


Underfull \hbox (badness 1137) in paragraph at lines 59--60
[]\OT1/ptm/m/n/10.95 Singapore Man-age-ment Uni-ver-sity Travel
 []


Underfull \hbox (badness 1314) in paragraph at lines 59--60
\OT1/ptm/m/n/10.95 Grant for Sven Voelpel and Zhang Han
 []

)
Overfull \hbox (231.00037pt too wide) has occurred while \output is active
[][][][] 
 []


Underfull \hbox (badness 10000) has occurred while \output is active
[]
 []

[36] (BAInnovation.tex
Underfull \hbox (badness 10000) in paragraph at lines 4--5
 \OT1/ptm/b/n/10.95 Re-search Team[] \OT1/ptm/m/n/10.95 Sven Voelpel (Pro-fes-s
or),
 []


Underfull \hbox (badness 2538) in paragraph at lines 12--13
[]\OT1/ptm/m/n/10.95 Until now, multi-na-tional com-pa-nies (MNCs)
 []


Overfull \hbox (231.00037pt too wide) has occurred while \output is active
[][][][] 
 []


Underfull \hbox (badness 10000) has occurred while \output is active
[]
 []

[37]
Underfull \hbox (badness 7238) in paragraph at lines 41--42
[]\OT1/ptm/m/n/10.95 University of Cal-i-for-nia, Los An-ge-les
 []


Underfull \hbox (badness 1810) in paragraph at lines 46--47
[]\OT1/ptm/m/n/10.95 Stiftung der Deutschen Wirtschaft (sdw)
 []


Underfull \hbox (badness 3098) in paragraph at lines 48--49
[]\OT1/ptm/m/n/10.95 DFG Travel Grant for Chris Streb for
 []

)
Overfull \hbox (231.00037pt too wide) has occurred while \output is active
[][][][] 
 []


Underfull \hbox (badness 10000) has occurred while \output is active
[]
 []

[38] (BAStrategy.tex
Underfull \hbox (badness 10000) in paragraph at lines 4--5
 \OT1/ptm/b/n/10.95 Re-search Team[] \OT1/ptm/m/n/10.95 Sven Voelpel (Pro-fes-s
or),
 []


Underfull \hbox (badness 1748) in paragraph at lines 4--5
\OT1/ptm/m/n/10.95 Polina Isichenko (Doc-toral Fel-low), Jan-Dirk
 []


Underfull \hbox (badness 1521) in paragraph at lines 6--7
\OT1/ptm/m/n/10.95 rapid, dis-con-tin-u-ous or-ga-ni-za-tional in-no-va-tion
 []


Underfull \hbox (badness 1867) in paragraph at lines 12--13
[]\OT1/ptm/m/n/10.95 The rise of Asia's econ-omy dur-ing the last
 []


Overfull \hbox (231.00037pt too wide) has occurred while \output is active
[][][][] 
 []


Underfull \hbox (badness 10000) has occurred while \output is active
[]
 []

[39] (bu17.aux) (bu17.bblpdfTeX warning (ext4): destination with the same ident
ifier (name{cite.Voelpel}) has been already used, duplicate ignored
<to be read again> 
                   \relax 
l.11 \bibitem[Voelpel et~al., ress]{Voelpel}
                                            pdfTeX warning (ext4): destination 
with the same identifier (name{cite.Voelpel2006}) has been already used, duplic
ate ignored
<to be read again> 
                   \relax 
l.17 \bibitem[Voelpel et~al., 2006]{Voelpel2006}
                                                ) (bu17.aux) (bu.aux))
(BAEnergy.tex
Underfull \hbox (badness 10000) in paragraph at lines 4--5
 \OT1/ptm/b/n/10.95 Re-search Team[] \OT1/ptm/m/n/10.95 Sven Voelpel (Pro-fes-s
or),
 []


Overfull \hbox (231.00037pt too wide) has occurred while \output is active
[][][][] 
 []


Underfull \hbox (badness 10000) has occurred while \output is active
[]
 []

[40]
Underfull \hbox (badness 3158) in paragraph at lines 31--32
[]\OT1/ptm/m/n/10.95 DFG Travel Grant for Eden Tekie for
 []

)
Underfull \hbox (badness 1888) in paragraph at lines 46--47
\OT1/ptm/m/n/10.95 In-ter-na-tional (Bu-ren, Nether-lands), since
 []


Underfull \hbox (badness 1442) in paragraph at lines 49--50
\OT1/ptm/m/n/10.95 Uni-ver-sity of St. Gallen (St. Gallen,
 []


Underfull \hbox (badness 4168) in paragraph at lines 50--51
[]\OT1/ptm/m/n/10.95 Visiting Fel-low of Stra-tegy, In-no-va-tion
 []


Overfull \hbox (231.00037pt too wide) has occurred while \output is active
[][][][] 
 []


Underfull \hbox (badness 10000) has occurred while \output is active
[]
 []

[41]
Underfull \hbox (badness 1354) in paragraph at lines 67--68
\OT1/ptm/m/n/10.95 Or-ga-ni-za-tion, Tech-no-va-tion, Long Range
 []

)
Overfull \hbox (231.00037pt too wide) has occurred while \output is active
[][][][] 
 []


Underfull \hbox (badness 10000) has occurred while \output is active
[]
 []

[42

] (SocioEco.tex
Underfull \hbox (badness 1082) in paragraph at lines 1--1
[]\OT1/ptm/b/n/14.4 The Socio-Economics of Life-
 []


Underfull \hbox (badness 1253) in paragraph at lines 4--5
\OT1/ptm/m/n/10.95 learn-ing as the com-bi-na-tion of eco-nomic re-
 []


Underfull \hbox (badness 2189) in paragraph at lines 12--12
[]\OT1/ptm/b/n/12 Lifelong Learn-ing and the La-bor
 []

(SocioEcoLife.tex
Overfull \hbox (231.00037pt too wide) has occurred while \output is active
[][][][] 
 []


Underfull \hbox (badness 10000) has occurred while \output is active
[]
 []

[43

]

LaTeX Warning: Reference `fig1:profKlausSchoemann' on page 44 undefined on inpu
t line 19.


Underfull \hbox (badness 1558) in paragraph at lines 21--22
\OT1/ptm/m/n/10.95 var-i-ous di-men-sions of job sat-is-fac-tion across
 []

<profKlausSchoemann-fig1.jpg, id=485, 722.7pt x 542.025pt>
File: profKlausSchoemann-fig1.jpg Graphic file (type jpg)

<use profKlausSchoemann-fig1.jpg>
Underfull \hbox (badness 2753) in paragraph at lines 36--37
[]\OT1/ptm/m/n/10.95 Economic and So-cial Re-search In-sti-tute
 []


Underfull \hbox (badness 10000) in paragraph at lines 37--38
[]\OT1/ptm/m/n/10.95 Social Eco-nomic Re-search Rot-ter-dam
 []


Overfull \hbox (231.00037pt too wide) has occurred while \output is active
[][][][] 
 []


Underfull \hbox (badness 10000) has occurred while \output is active
[]
 []

[44 <profKlausSchoemann-fig1.jpg>]
Underfull \hbox (badness 4072) in paragraph at lines 45--46
[]\OT1/ptm/m/n/10.95 Wissenschaftszentrum Berlin f[]ur Sozial-
 []


Underfull \hbox (badness 10000) in paragraph at lines 46--47
[]\OT1/ptm/m/n/10.95 Centre for Labour Mar-ket Re-search
 []

(bu18.aux) (bu18.bbl
Underfull \hbox (badness 1609) in paragraph at lines 4--9
\OT1/ptm/m/it/10.95 labour mar-ket mo-bil-ity in the Eu-ro-pean
 []

) (bu18.aux) (bu.aux)) (SocioEcoImplic.tex
Overfull \hbox (231.00037pt too wide) has occurred while \output is active
[][][][] 
 []


Underfull \hbox (badness 10000) has occurred while \output is active
[]
 []

[45] <profKlausSchoemann-fig2.jpg, id=506, 194.4063pt x 160.4394pt>
File: profKlausSchoemann-fig2.jpg Graphic file (type jpg)

<use profKlausSchoemann-fig2.jpg> (bu19.aux) (bu19.bblpdfTeX warning (ext4): de
stination with the same identifier (name{cite.Schoemann2006}) has been already 
used, duplicate ignored
<to be read again> 
                   \relax 
l.3 \bibitem[Sch{\"o}mann, 2006]{Schoemann2006}
                                               pdfTeX warning (ext4): destinati
on with the same identifier (name{cite.Schoemann2006a}) has been already used, 
duplicate ignored
<to be read again> 
                   \relax 
l.9 ...[Sch{\"o}mann et~al., 2006]{Schoemann2006a}
                                                  ) (bu19.aux) (bu.aux)
Underfull \hbox (badness 1622) in paragraph at lines 44--45
\OT1/ptm/m/n/10.95 nagel: sub-pro-ject ``Learn-ing / Train-ing''
 []


Underfull \hbox (badness 2512) in paragraph at lines 45--46
\OT1/ptm/m/n/10.95 Staudinger): Re-tire-ment Pro-cesses in a
 []


Overfull \hbox (231.00037pt too wide) has occurred while \output is active
[][][][] 
 []


Underfull \hbox (badness 10000) has occurred while \output is active
[]
 []

[46 <profKlausSchoemann-fig2.jpg>]
Underfull \hbox (badness 1112) in paragraph at lines 48--49
[]\OT1/ptm/m/n/10.95 DFG Travel Grant for Anette Fasang to
 []

)
Underfull \hbox (badness 10000) in paragraph at lines 24--25
[]\OT1/ptm/m/n/10.95 Administrative Co-or-di-na-tor SISWO
 []

)
Overfull \hbox (231.00037pt too wide) has occurred while \output is active
[][][][] 
 []


Underfull \hbox (badness 10000) has occurred while \output is active
[]
 []

[47

] (PhD.tex)
Overfull \hbox (4.6735pt too wide) has occurred while \output is active
[][][][] 
 []

[48

] (Faculty.tex)
Overfull \hbox (4.6735pt too wide) has occurred while \output is active
[][][][] 
 []

[49] (Grads.tex)
Overfull \hbox (4.6735pt too wide) has occurred while \output is active
[][][][] 
 []

[50] (Visitors.tex
Overfull \hbox (4.6735pt too wide) has occurred while \output is active
[][][][] 
 []

[51])
Overfull \hbox (4.6735pt too wide) has occurred while \output is active
[][][][] 
 []

[52]
Overfull \hbox (4.6735pt too wide) has occurred while \output is active
[][][][] 
 []

[53

] (RP_JCLL-06.aux)

LaTeX Warning: There were undefined references.


LaTeX Warning: Label(s) may have changed. Rerun to get cross-references right.

 )
(\end occurred inside a group at level 2)

### simple group (level 2) entered at line 13 ({)
### simple group (level 1) entered at line 43 ({)
### bottom level 
Here is how much of TeX's memory you used:
 6312 strings out of 95304
 84008 string characters out of 1183033
 230386 words of memory out of 1500000
 8846 multiletter control sequences out of 110000
 20081 words of font info for 51 fonts, out of 3000000 for 5000
 19 hyphenation exceptions out of 8191
 36i,15n,37p,2394b,501s stack positions out of 5000i,500n,10000p,200000b,50000s
{C:/Program Files/MiKTeX 2.7/fonts/enc/dvips/fontname/8r.enc}<C
:/Program Files/MiKTeX 2.7/fonts/type1/bluesky/cm/cmsy10.pfb><C:/Program Files/
MiKTeX 2.7/fonts/type1/urw/times/utmb8a.pfb><C:/Program Files/MiKTeX 2.7/fonts/
type1/urw/times/utmr8a.pfb><C:/Program Files/MiKTeX 2.7/fonts/type1/urw/times/u
tmri8a.pfb>
Output written on RP_JCLL-06.pdf (54 pages, 3687672 bytes).
PDF statistics:
 625 PDF objects out of 1000 (max. 8388607)
 253 named destinations out of 1000 (max. 131072)
 117 words of extra memory for PDF output out of 10000 (max. 10000000)

