\BOOKMARK [1][-]{section.2}{An Introduction from the Dean}{}
\BOOKMARK [1][-]{section.3}{The Neuroscience and Human-Performance Perspective on Lifelong Learning}{}
\BOOKMARK [2][-]{subsection.4}{Plastic-Adaptive Capacity of the Brain: Mechanisms, Effects of Age, Possible Interventions}{section.3}
\BOOKMARK [2][-]{subsection.10}{Effects of Cardiovascular and Motor Fitness on Cognitive Performance and Well-Being in Older Adults}{section.3}
\BOOKMARK [2][-]{subsection.15}{Awards, Fellowships}{section.3}
\BOOKMARK [2][-]{subsection.16}{Other Professional Activities}{section.3}
\BOOKMARK [1][-]{section.17}{A View on Lifelong Learning from Health and Personality Psychology}{}
\BOOKMARK [2][-]{subsection.18}{Health Psychology}{section.17}
\BOOKMARK [2][-]{subsection.24}{Personality Psychology}{section.17}
\BOOKMARK [2][-]{subsection.28}{Other Professional Activities}{section.17}
\BOOKMARK [1][-]{section.29}{The Mechanics and Pragmatics of Lifespan Development: Conceptualization, Measurement and Plasticity}{}
\BOOKMARK [2][-]{subsection.30}{Life Insight, Self Insight, and Wisdom: Measurement, Age Trajectories}{section.29}
\BOOKMARK [2][-]{subsection.35}{Life Composition: Measurement and Age Trajectories}{section.29}
\BOOKMARK [2][-]{subsection.41}{Context as a Facilitator of Adult Personality Development}{section.29}
\BOOKMARK [2][-]{subsection.47}{Plasticity and Positive Development: Theoretical and Empirical Approaches}{section.29}
\BOOKMARK [2][-]{subsection.51}{Other Professional Activities}{section.29}
\BOOKMARK [1][-]{section.52}{Emotional Competence and Wisdom: Lifespan Developmental Perspectives}{}
\BOOKMARK [2][-]{subsection.53}{Emotional Competence}{section.52}
\BOOKMARK [2][-]{subsection.59}{Emotions in Art}{section.52}
\BOOKMARK [2][-]{subsection.65}{Wisdom}{section.52}
\BOOKMARK [2][-]{subsection.69}{Awards, Fellowships}{section.52}
\BOOKMARK [2][-]{subsection.70}{Other Professional Activities}{section.52}
\BOOKMARK [1][-]{section.71}{The Communication of Information and Knowledge: An Important Facet of Lifelong Learning}{}
\BOOKMARK [2][-]{subsection.72}{BALANCE: The Effects of Media Communication}{section.71}
\BOOKMARK [2][-]{subsection.77}{Technical Documentation: Age-related Formatting of Information}{section.71}
\BOOKMARK [2][-]{subsection.82}{Feldpost-Archiv}{section.71}
\BOOKMARK [2][-]{subsection.87}{Age, Emotions and Media-Preferences}{section.71}
\BOOKMARK [2][-]{subsection.92}{Identification of Matches and Mismatches in Communication at the Work Place}{section.71}
\BOOKMARK [2][-]{subsection.95}{Other Professional Activities}{section.71}
\BOOKMARK [1][-]{section.96}{A Lifespan Perspective on Organizational Behavior}{}
\BOOKMARK [2][-]{subsection.97}{Successful Workplace Learning across the Lifespan}{section.96}
\BOOKMARK [2][-]{subsection.102}{Dynamic Modeling of Lifelong Learning Competency}{section.96}
\BOOKMARK [2][-]{subsection.104}{Organizational Determinants of Vocational Adjustment Disorders}{section.96}
\BOOKMARK [2][-]{subsection.107}{Other Professional Activities}{section.96}
\BOOKMARK [1][-]{section.108}{A Perspective from Business Administration on the Aging Workforce}{}
\BOOKMARK [2][-]{subsection.110}{Wisdom}{section.108}
\BOOKMARK [2][-]{subsection.115}{Innovation}{section.108}
\BOOKMARK [2][-]{subsection.119}{Strategy}{section.108}
\BOOKMARK [2][-]{subsection.124}{Energy}{section.108}
\BOOKMARK [2][-]{subsection.128}{Fellowships}{section.108}
\BOOKMARK [2][-]{subsection.129}{Other Professional Activities}{section.108}
\BOOKMARK [1][-]{section.130}{The Socio-Economics of Lifelong Learning}{}
\BOOKMARK [2][-]{subsection.131}{Lifelong Learning and the Labor Market}{section.130}
\BOOKMARK [2][-]{subsection.137}{Implications of the Aging Workforce for Learning and Work}{section.130}
\BOOKMARK [2][-]{subsection.143}{Other Professional Activities}{section.130}
\BOOKMARK [1][-]{section.144}{PhD Degrees}{}
\BOOKMARK [1][-]{section.148}{Faculty}{}
\BOOKMARK [1][-]{section.149}{Graduate Students and Postdoctoral Fellows}{}
\BOOKMARK [1][-]{section.150}{Visiting Scholars at the Jacobs Center}{}
