\BOOKMARK [1][-]{section*.2}{Preface}{}
\BOOKMARK [1][-]{section.3}{Introduction}{}
\BOOKMARK [1][-]{section.4}{Art and Literature}{}
\BOOKMARK [2][-]{subsection.5}{Prof. Dr. Immacolata Amodeo}{section.4}
\BOOKMARK [2][-]{subsection.6}{Prof. Dr. Paul Crowther}{section.4}
\BOOKMARK [2][-]{subsection.7}{Prof. Dr. Ursula Anna Frohne}{section.4}
\BOOKMARK [2][-]{subsection.8}{PD Dr. Susanne Peters}{section.4}
\BOOKMARK [2][-]{subsection.9}{Prof. Dr. Thomas Rommel }{section.4}
\BOOKMARK [2][-]{subsection.10}{Prof. Dr. Isabel W\374nsche}{section.4}
\BOOKMARK [2][-]{subsection.11}{Publications}{section.4}
\BOOKMARK [2][-]{subsection.14}{Invited Scientific Lectures and Talks}{section.4}
\BOOKMARK [1][-]{section.27}{History}{}
\BOOKMARK [2][-]{subsection.28}{Prof. Dr. Brendan Dooley}{section.27}
\BOOKMARK [2][-]{subsection.29}{Prof. Dr. Harald Fischer-Tin\351 }{section.27}
\BOOKMARK [2][-]{subsection.30}{Prof. Dr. Marc Frey}{section.27}
\BOOKMARK [2][-]{subsection.31}{Prof. Dr. Johannes Paulmann}{section.27}
\BOOKMARK [2][-]{subsection.32}{Prof. Dr. Nicola Spakowski}{section.27}
\BOOKMARK [2][-]{subsection.33}{Prof. Dr. Uwe Spiekermann}{section.27}
\BOOKMARK [2][-]{subsection.34}{Publications}{section.27}
\BOOKMARK [2][-]{subsection.37}{Invited Scientific Lectures and Talks}{section.27}
\BOOKMARK [1][-]{section.38}{Psychology}{}
\BOOKMARK [2][-]{subsection.39}{Prof. Dr. Adele Diederich}{section.38}
\BOOKMARK [2][-]{subsection.40}{Prof. Dr. Jens F\366rster}{section.38}
\BOOKMARK [2][-]{subsection.41}{Prof. Dr. Arvid Kappas}{section.38}
\BOOKMARK [2][-]{subsection.42}{Prof. Dr. Ulrich K\374hnen }{section.38}
\BOOKMARK [2][-]{subsection.43}{Prof. Dr. Bettina Olk}{section.38}
\BOOKMARK [2][-]{subsection.44}{Publications}{section.38}
\BOOKMARK [2][-]{subsection.47}{Invited Scientific Lectures and Talks}{section.38}
\BOOKMARK [1][-]{section.48}{Social Sciences}{}
\BOOKMARK [2][-]{subsection.49}{Prof. Dr. Andreas Bausch}{section.48}
\BOOKMARK [2][-]{subsection.50}{Prof. Dr. Matthijs Bogaards}{section.48}
\BOOKMARK [2][-]{subsection.51}{Prof. Dr. Hilke Brockmann}{section.48}
\BOOKMARK [2][-]{subsection.52}{Prof. Dr. Gert Brunekreeft}{section.48}
\BOOKMARK [2][-]{subsection.53}{Prof. Dr. Jan Delhey}{section.48}
\BOOKMARK [2][-]{subsection.54}{Prof. Dr. Philipp Genschel}{section.48}
\BOOKMARK [2][-]{subsection.55}{Prof. Dr. Markus Jachtenfuchs}{section.48}
\BOOKMARK [2][-]{subsection.56}{Prof. Dr. Christian Joppke}{section.48}
\BOOKMARK [2][-]{subsection.57}{Prof. Dr. Peter Ludes}{section.48}
\BOOKMARK [2][-]{subsection.58}{Prof. Dr. Marion G. M\374ller}{section.48}
\BOOKMARK [2][-]{subsection.59}{Prof. Dr. Wolfgang Pfaffenberger}{section.48}
\BOOKMARK [2][-]{subsection.60}{Prof. Dr. Dr. Dr. h.c. mult. Georg Ress}{section.48}
\BOOKMARK [2][-]{subsection.61}{Dr. Jens Steffek}{section.48}
\BOOKMARK [2][-]{subsection.62}{Prof. Dr. Christian Welzel}{section.48}
\BOOKMARK [2][-]{subsection.65}{Prof. Dr. Welf Werner}{section.48}
\BOOKMARK [2][-]{subsection.66}{Prof. Dr. Hartmut Wessler}{section.48}
\BOOKMARK [2][-]{subsection.67}{Publications}{section.48}
\BOOKMARK [2][-]{subsection.70}{Invited Scientific Lectures and Talks}{section.48}
\BOOKMARK [1][-]{section.71}{Statistics and Methods}{}
\BOOKMARK [2][-]{subsection.72}{Prof. Dr. Klaus Boehnke}{section.71}
\BOOKMARK [2][-]{subsection.73}{Prof. Dr. Petra Lietz}{section.71}
\BOOKMARK [2][-]{subsection.74}{Prof. Dr. Margrit Schreier}{section.71}
\BOOKMARK [2][-]{subsection.75}{Dr. Michael A. Talias}{section.71}
\BOOKMARK [2][-]{subsection.76}{Prof. Dr. Adalbert F.X. Wilhelm}{section.71}
\BOOKMARK [2][-]{subsection.77}{Publications}{section.71}
\BOOKMARK [2][-]{subsection.80}{Invited Scientific Lectures and Talks}{section.71}
\BOOKMARK [1][-]{section.81}{Transdisciplinary Research}{}
\BOOKMARK [2][-]{subsection.82}{Center for International Studies \(CIS\)}{section.81}
\BOOKMARK [2][-]{subsection.84}{"Transformations of the State" The Collaborative Research Center \(CRC\) 597 Deutsche Forschungsgemeinschaft}{section.81}
\BOOKMARK [2][-]{subsection.86}{Cultures, Markets and Citizens \(CMC\)}{section.81}
\BOOKMARK [2][-]{subsection.88}{"Priorisierung in der Medizin" \(Prioritizing in Medicine\) FOR 655 Deutsche Forschungsgemeinschaft}{section.81}
\BOOKMARK [2][-]{subsection.90}{Visual Research Focus}{section.81}
\BOOKMARK [1][-]{section.92}{Completed Doctoral Degrees}{}
\BOOKMARK [2][-]{subsection.93}{PhD-Degrees}{section.92}
\BOOKMARK [2][-]{subsection.94}{Habilitations}{section.92}
\BOOKMARK [1][-]{section.95}{Advisory Board}{}
\BOOKMARK [1][-]{section.96}{Administration}{}
